Linked: (/home/kw-cobot/catkin_ws/devel/.private/yolov3_pytorch_ros/include/yolov3_pytorch_ros/BoundingBox.h, /home/kw-cobot/catkin_ws/devel/include/yolov3_pytorch_ros/BoundingBox.h)
Linked: (/home/kw-cobot/catkin_ws/devel/.private/yolov3_pytorch_ros/include/yolov3_pytorch_ros/BoundingBoxes.h, /home/kw-cobot/catkin_ws/devel/include/yolov3_pytorch_ros/BoundingBoxes.h)
Linked: (/home/kw-cobot/catkin_ws/devel/.private/yolov3_pytorch_ros/share/roseus/ros/yolov3_pytorch_ros/manifest.l, /home/kw-cobot/catkin_ws/devel/share/roseus/ros/yolov3_pytorch_ros/manifest.l)
Linked: (/home/kw-cobot/catkin_ws/devel/.private/yolov3_pytorch_ros/share/roseus/ros/yolov3_pytorch_ros/msg/BoundingBoxes.l, /home/kw-cobot/catkin_ws/devel/share/roseus/ros/yolov3_pytorch_ros/msg/BoundingBoxes.l)
Linked: (/home/kw-cobot/catkin_ws/devel/.private/yolov3_pytorch_ros/share/roseus/ros/yolov3_pytorch_ros/msg/BoundingBox.l, /home/kw-cobot/catkin_ws/devel/share/roseus/ros/yolov3_pytorch_ros/msg/BoundingBox.l)
Linked: (/home/kw-cobot/catkin_ws/devel/.private/yolov3_pytorch_ros/share/yolov3_pytorch_ros/cmake/yolov3_pytorch_ros-msg-paths.cmake, /home/kw-cobot/catkin_ws/devel/share/yolov3_pytorch_ros/cmake/yolov3_pytorch_ros-msg-paths.cmake)
Linked: (/home/kw-cobot/catkin_ws/devel/.private/yolov3_pytorch_ros/share/yolov3_pytorch_ros/cmake/yolov3_pytorch_rosConfig-version.cmake, /home/kw-cobot/catkin_ws/devel/share/yolov3_pytorch_ros/cmake/yolov3_pytorch_rosConfig-version.cmake)
Linked: (/home/kw-cobot/catkin_ws/devel/.private/yolov3_pytorch_ros/share/yolov3_pytorch_ros/cmake/yolov3_pytorch_ros-msg-extras.cmake, /home/kw-cobot/catkin_ws/devel/share/yolov3_pytorch_ros/cmake/yolov3_pytorch_ros-msg-extras.cmake)
Linked: (/home/kw-cobot/catkin_ws/devel/.private/yolov3_pytorch_ros/share/yolov3_pytorch_ros/cmake/yolov3_pytorch_rosConfig.cmake, /home/kw-cobot/catkin_ws/devel/share/yolov3_pytorch_ros/cmake/yolov3_pytorch_rosConfig.cmake)
Linked: (/home/kw-cobot/catkin_ws/devel/.private/yolov3_pytorch_ros/share/common-lisp/ros/yolov3_pytorch_ros/msg/yolov3_pytorch_ros-msg.asd, /home/kw-cobot/catkin_ws/devel/share/common-lisp/ros/yolov3_pytorch_ros/msg/yolov3_pytorch_ros-msg.asd)
Linked: (/home/kw-cobot/catkin_ws/devel/.private/yolov3_pytorch_ros/share/common-lisp/ros/yolov3_pytorch_ros/msg/_package_BoundingBoxes.lisp, /home/kw-cobot/catkin_ws/devel/share/common-lisp/ros/yolov3_pytorch_ros/msg/_package_BoundingBoxes.lisp)
Linked: (/home/kw-cobot/catkin_ws/devel/.private/yolov3_pytorch_ros/share/common-lisp/ros/yolov3_pytorch_ros/msg/_package_BoundingBox.lisp, /home/kw-cobot/catkin_ws/devel/share/common-lisp/ros/yolov3_pytorch_ros/msg/_package_BoundingBox.lisp)
Linked: (/home/kw-cobot/catkin_ws/devel/.private/yolov3_pytorch_ros/share/common-lisp/ros/yolov3_pytorch_ros/msg/BoundingBox.lisp, /home/kw-cobot/catkin_ws/devel/share/common-lisp/ros/yolov3_pytorch_ros/msg/BoundingBox.lisp)
Linked: (/home/kw-cobot/catkin_ws/devel/.private/yolov3_pytorch_ros/share/common-lisp/ros/yolov3_pytorch_ros/msg/_package.lisp, /home/kw-cobot/catkin_ws/devel/share/common-lisp/ros/yolov3_pytorch_ros/msg/_package.lisp)
Linked: (/home/kw-cobot/catkin_ws/devel/.private/yolov3_pytorch_ros/share/common-lisp/ros/yolov3_pytorch_ros/msg/BoundingBoxes.lisp, /home/kw-cobot/catkin_ws/devel/share/common-lisp/ros/yolov3_pytorch_ros/msg/BoundingBoxes.lisp)
Linked: (/home/kw-cobot/catkin_ws/devel/.private/yolov3_pytorch_ros/share/gennodejs/ros/yolov3_pytorch_ros/_index.js, /home/kw-cobot/catkin_ws/devel/share/gennodejs/ros/yolov3_pytorch_ros/_index.js)
Linked: (/home/kw-cobot/catkin_ws/devel/.private/yolov3_pytorch_ros/share/gennodejs/ros/yolov3_pytorch_ros/msg/_index.js, /home/kw-cobot/catkin_ws/devel/share/gennodejs/ros/yolov3_pytorch_ros/msg/_index.js)
Linked: (/home/kw-cobot/catkin_ws/devel/.private/yolov3_pytorch_ros/share/gennodejs/ros/yolov3_pytorch_ros/msg/BoundingBoxes.js, /home/kw-cobot/catkin_ws/devel/share/gennodejs/ros/yolov3_pytorch_ros/msg/BoundingBoxes.js)
Linked: (/home/kw-cobot/catkin_ws/devel/.private/yolov3_pytorch_ros/share/gennodejs/ros/yolov3_pytorch_ros/msg/BoundingBox.js, /home/kw-cobot/catkin_ws/devel/share/gennodejs/ros/yolov3_pytorch_ros/msg/BoundingBox.js)
Linked: (/home/kw-cobot/catkin_ws/devel/.private/yolov3_pytorch_ros/lib/python2.7/dist-packages/yolov3_pytorch_ros/__init__.py, /home/kw-cobot/catkin_ws/devel/lib/python2.7/dist-packages/yolov3_pytorch_ros/__init__.py)
Linked: (/home/kw-cobot/catkin_ws/devel/.private/yolov3_pytorch_ros/lib/python2.7/dist-packages/yolov3_pytorch_ros/msg/_BoundingBoxes.py, /home/kw-cobot/catkin_ws/devel/lib/python2.7/dist-packages/yolov3_pytorch_ros/msg/_BoundingBoxes.py)
Linked: (/home/kw-cobot/catkin_ws/devel/.private/yolov3_pytorch_ros/lib/python2.7/dist-packages/yolov3_pytorch_ros/msg/_BoundingBox.py, /home/kw-cobot/catkin_ws/devel/lib/python2.7/dist-packages/yolov3_pytorch_ros/msg/_BoundingBox.py)
Linked: (/home/kw-cobot/catkin_ws/devel/.private/yolov3_pytorch_ros/lib/python2.7/dist-packages/yolov3_pytorch_ros/msg/__init__.py, /home/kw-cobot/catkin_ws/devel/lib/python2.7/dist-packages/yolov3_pytorch_ros/msg/__init__.py)
Linked: (/home/kw-cobot/catkin_ws/devel/.private/yolov3_pytorch_ros/lib/pkgconfig/yolov3_pytorch_ros.pc, /home/kw-cobot/catkin_ws/devel/lib/pkgconfig/yolov3_pytorch_ros.pc)
