Determining if the pthread_create exist failed with the following output:
Change Dir: /home/kw-cobot/catkin_ws/build/omo_r1mini_ar_marker/CMakeFiles/CMakeTmp

Run Build Command:"/usr/bin/make" "cmTC_eef78/fast"
/usr/bin/make -f CMakeFiles/cmTC_eef78.dir/build.make CMakeFiles/cmTC_eef78.dir/build
make[1]: 디렉터리 '/home/kw-cobot/catkin_ws/build/omo_r1mini_ar_marker/CMakeFiles/CMakeTmp' 들어감
Building C object CMakeFiles/cmTC_eef78.dir/CheckSymbolExists.c.o
/usr/bin/cc    -o CMakeFiles/cmTC_eef78.dir/CheckSymbolExists.c.o   -c /home/kw-cobot/catkin_ws/build/omo_r1mini_ar_marker/CMakeFiles/CMakeTmp/CheckSymbolExists.c
Linking C executable cmTC_eef78
/usr/bin/cmake -E cmake_link_script CMakeFiles/cmTC_eef78.dir/link.txt --verbose=1
/usr/bin/cc      -rdynamic CMakeFiles/cmTC_eef78.dir/CheckSymbolExists.c.o  -o cmTC_eef78 
CMakeFiles/cmTC_eef78.dir/CheckSymbolExists.c.o: In function `main':
CheckSymbolExists.c:(.text+0x1b): undefined reference to `pthread_create'
collect2: error: ld returned 1 exit status
CMakeFiles/cmTC_eef78.dir/build.make:97: recipe for target 'cmTC_eef78' failed
make[1]: *** [cmTC_eef78] Error 1
make[1]: 디렉터리 '/home/kw-cobot/catkin_ws/build/omo_r1mini_ar_marker/CMakeFiles/CMakeTmp' 나감
Makefile:126: recipe for target 'cmTC_eef78/fast' failed
make: *** [cmTC_eef78/fast] Error 2

File /home/kw-cobot/catkin_ws/build/omo_r1mini_ar_marker/CMakeFiles/CMakeTmp/CheckSymbolExists.c:
/* */
#include <pthread.h>

int main(int argc, char** argv)
{
  (void)argv;
#ifndef pthread_create
  return ((int*)(&pthread_create))[argc];
#else
  (void)argc;
  return 0;
#endif
}

Determining if the function pthread_create exists in the pthreads failed with the following output:
Change Dir: /home/kw-cobot/catkin_ws/build/omo_r1mini_ar_marker/CMakeFiles/CMakeTmp

Run Build Command:"/usr/bin/make" "cmTC_b3974/fast"
/usr/bin/make -f CMakeFiles/cmTC_b3974.dir/build.make CMakeFiles/cmTC_b3974.dir/build
make[1]: 디렉터리 '/home/kw-cobot/catkin_ws/build/omo_r1mini_ar_marker/CMakeFiles/CMakeTmp' 들어감
Building C object CMakeFiles/cmTC_b3974.dir/CheckFunctionExists.c.o
/usr/bin/cc   -DCHECK_FUNCTION_EXISTS=pthread_create   -o CMakeFiles/cmTC_b3974.dir/CheckFunctionExists.c.o   -c /usr/share/cmake-3.10/Modules/CheckFunctionExists.c
Linking C executable cmTC_b3974
/usr/bin/cmake -E cmake_link_script CMakeFiles/cmTC_b3974.dir/link.txt --verbose=1
/usr/bin/cc  -DCHECK_FUNCTION_EXISTS=pthread_create    -rdynamic CMakeFiles/cmTC_b3974.dir/CheckFunctionExists.c.o  -o cmTC_b3974 -lpthreads 
/usr/bin/ld: cannot find -lpthreads
collect2: error: ld returned 1 exit status
CMakeFiles/cmTC_b3974.dir/build.make:97: recipe for target 'cmTC_b3974' failed
make[1]: *** [cmTC_b3974] Error 1
make[1]: 디렉터리 '/home/kw-cobot/catkin_ws/build/omo_r1mini_ar_marker/CMakeFiles/CMakeTmp' 나감
Makefile:126: recipe for target 'cmTC_b3974/fast' failed
make: *** [cmTC_b3974/fast] Error 2


