Determining if the pthread_create exist failed with the following output:
Change Dir: /home/kw-cobot/catkin_ws/build/hector_map_tools/CMakeFiles/CMakeTmp

Run Build Command:"/usr/bin/make" "cmTC_16d35/fast"
/usr/bin/make -f CMakeFiles/cmTC_16d35.dir/build.make CMakeFiles/cmTC_16d35.dir/build
make[1]: 디렉터리 '/home/kw-cobot/catkin_ws/build/hector_map_tools/CMakeFiles/CMakeTmp' 들어감
Building C object CMakeFiles/cmTC_16d35.dir/CheckSymbolExists.c.o
/usr/bin/cc    -o CMakeFiles/cmTC_16d35.dir/CheckSymbolExists.c.o   -c /home/kw-cobot/catkin_ws/build/hector_map_tools/CMakeFiles/CMakeTmp/CheckSymbolExists.c
Linking C executable cmTC_16d35
/usr/bin/cmake -E cmake_link_script CMakeFiles/cmTC_16d35.dir/link.txt --verbose=1
/usr/bin/cc      -rdynamic CMakeFiles/cmTC_16d35.dir/CheckSymbolExists.c.o  -o cmTC_16d35 
CMakeFiles/cmTC_16d35.dir/CheckSymbolExists.c.o: In function `main':
CheckSymbolExists.c:(.text+0x1b): undefined reference to `pthread_create'
collect2: error: ld returned 1 exit status
CMakeFiles/cmTC_16d35.dir/build.make:97: recipe for target 'cmTC_16d35' failed
make[1]: *** [cmTC_16d35] Error 1
make[1]: 디렉터리 '/home/kw-cobot/catkin_ws/build/hector_map_tools/CMakeFiles/CMakeTmp' 나감
Makefile:126: recipe for target 'cmTC_16d35/fast' failed
make: *** [cmTC_16d35/fast] Error 2

File /home/kw-cobot/catkin_ws/build/hector_map_tools/CMakeFiles/CMakeTmp/CheckSymbolExists.c:
/* */
#include <pthread.h>

int main(int argc, char** argv)
{
  (void)argv;
#ifndef pthread_create
  return ((int*)(&pthread_create))[argc];
#else
  (void)argc;
  return 0;
#endif
}

Determining if the function pthread_create exists in the pthreads failed with the following output:
Change Dir: /home/kw-cobot/catkin_ws/build/hector_map_tools/CMakeFiles/CMakeTmp

Run Build Command:"/usr/bin/make" "cmTC_33e5a/fast"
/usr/bin/make -f CMakeFiles/cmTC_33e5a.dir/build.make CMakeFiles/cmTC_33e5a.dir/build
make[1]: 디렉터리 '/home/kw-cobot/catkin_ws/build/hector_map_tools/CMakeFiles/CMakeTmp' 들어감
Building C object CMakeFiles/cmTC_33e5a.dir/CheckFunctionExists.c.o
/usr/bin/cc   -DCHECK_FUNCTION_EXISTS=pthread_create   -o CMakeFiles/cmTC_33e5a.dir/CheckFunctionExists.c.o   -c /usr/share/cmake-3.10/Modules/CheckFunctionExists.c
Linking C executable cmTC_33e5a
/usr/bin/cmake -E cmake_link_script CMakeFiles/cmTC_33e5a.dir/link.txt --verbose=1
/usr/bin/cc  -DCHECK_FUNCTION_EXISTS=pthread_create    -rdynamic CMakeFiles/cmTC_33e5a.dir/CheckFunctionExists.c.o  -o cmTC_33e5a -lpthreads 
/usr/bin/ld: cannot find -lpthreads
collect2: error: ld returned 1 exit status
CMakeFiles/cmTC_33e5a.dir/build.make:97: recipe for target 'cmTC_33e5a' failed
make[1]: *** [cmTC_33e5a] Error 1
make[1]: 디렉터리 '/home/kw-cobot/catkin_ws/build/hector_map_tools/CMakeFiles/CMakeTmp' 나감
Makefile:126: recipe for target 'cmTC_33e5a/fast' failed
make: *** [cmTC_33e5a/fast] Error 2


