Determining if the pthread_create exist failed with the following output:
Change Dir: /home/kw-cobot/catkin_ws/build/ur5_e_moveit_config/CMakeFiles/CMakeTmp

Run Build Command:"/usr/bin/make" "cmTC_1a32e/fast"
/usr/bin/make -f CMakeFiles/cmTC_1a32e.dir/build.make CMakeFiles/cmTC_1a32e.dir/build
make[1]: 디렉터리 '/home/kw-cobot/catkin_ws/build/ur5_e_moveit_config/CMakeFiles/CMakeTmp' 들어감
Building C object CMakeFiles/cmTC_1a32e.dir/CheckSymbolExists.c.o
/usr/bin/cc    -o CMakeFiles/cmTC_1a32e.dir/CheckSymbolExists.c.o   -c /home/kw-cobot/catkin_ws/build/ur5_e_moveit_config/CMakeFiles/CMakeTmp/CheckSymbolExists.c
Linking C executable cmTC_1a32e
/usr/bin/cmake -E cmake_link_script CMakeFiles/cmTC_1a32e.dir/link.txt --verbose=1
/usr/bin/cc      -rdynamic CMakeFiles/cmTC_1a32e.dir/CheckSymbolExists.c.o  -o cmTC_1a32e 
CMakeFiles/cmTC_1a32e.dir/CheckSymbolExists.c.o: In function `main':
CheckSymbolExists.c:(.text+0x1b): undefined reference to `pthread_create'
collect2: error: ld returned 1 exit status
CMakeFiles/cmTC_1a32e.dir/build.make:97: recipe for target 'cmTC_1a32e' failed
make[1]: *** [cmTC_1a32e] Error 1
make[1]: 디렉터리 '/home/kw-cobot/catkin_ws/build/ur5_e_moveit_config/CMakeFiles/CMakeTmp' 나감
Makefile:126: recipe for target 'cmTC_1a32e/fast' failed
make: *** [cmTC_1a32e/fast] Error 2

File /home/kw-cobot/catkin_ws/build/ur5_e_moveit_config/CMakeFiles/CMakeTmp/CheckSymbolExists.c:
/* */
#include <pthread.h>

int main(int argc, char** argv)
{
  (void)argv;
#ifndef pthread_create
  return ((int*)(&pthread_create))[argc];
#else
  (void)argc;
  return 0;
#endif
}

Determining if the function pthread_create exists in the pthreads failed with the following output:
Change Dir: /home/kw-cobot/catkin_ws/build/ur5_e_moveit_config/CMakeFiles/CMakeTmp

Run Build Command:"/usr/bin/make" "cmTC_e6aa0/fast"
/usr/bin/make -f CMakeFiles/cmTC_e6aa0.dir/build.make CMakeFiles/cmTC_e6aa0.dir/build
make[1]: 디렉터리 '/home/kw-cobot/catkin_ws/build/ur5_e_moveit_config/CMakeFiles/CMakeTmp' 들어감
Building C object CMakeFiles/cmTC_e6aa0.dir/CheckFunctionExists.c.o
/usr/bin/cc   -DCHECK_FUNCTION_EXISTS=pthread_create   -o CMakeFiles/cmTC_e6aa0.dir/CheckFunctionExists.c.o   -c /usr/share/cmake-3.10/Modules/CheckFunctionExists.c
Linking C executable cmTC_e6aa0
/usr/bin/cmake -E cmake_link_script CMakeFiles/cmTC_e6aa0.dir/link.txt --verbose=1
/usr/bin/cc  -DCHECK_FUNCTION_EXISTS=pthread_create    -rdynamic CMakeFiles/cmTC_e6aa0.dir/CheckFunctionExists.c.o  -o cmTC_e6aa0 -lpthreads 
/usr/bin/ld: cannot find -lpthreads
collect2: error: ld returned 1 exit status
CMakeFiles/cmTC_e6aa0.dir/build.make:97: recipe for target 'cmTC_e6aa0' failed
make[1]: *** [cmTC_e6aa0] Error 1
make[1]: 디렉터리 '/home/kw-cobot/catkin_ws/build/ur5_e_moveit_config/CMakeFiles/CMakeTmp' 나감
Makefile:126: recipe for target 'cmTC_e6aa0/fast' failed
make: *** [cmTC_e6aa0/fast] Error 2


