Determining if the pthread_create exist failed with the following output:
Change Dir: /home/kw-cobot/catkin_ws/build/scout_tf/CMakeFiles/CMakeTmp

Run Build Command:"/usr/bin/make" "cmTC_20d92/fast"
/usr/bin/make -f CMakeFiles/cmTC_20d92.dir/build.make CMakeFiles/cmTC_20d92.dir/build
make[1]: 디렉터리 '/home/kw-cobot/catkin_ws/build/scout_tf/CMakeFiles/CMakeTmp' 들어감
Building C object CMakeFiles/cmTC_20d92.dir/CheckSymbolExists.c.o
/usr/bin/cc    -o CMakeFiles/cmTC_20d92.dir/CheckSymbolExists.c.o   -c /home/kw-cobot/catkin_ws/build/scout_tf/CMakeFiles/CMakeTmp/CheckSymbolExists.c
Linking C executable cmTC_20d92
/usr/bin/cmake -E cmake_link_script CMakeFiles/cmTC_20d92.dir/link.txt --verbose=1
/usr/bin/cc      -rdynamic CMakeFiles/cmTC_20d92.dir/CheckSymbolExists.c.o  -o cmTC_20d92 
CMakeFiles/cmTC_20d92.dir/CheckSymbolExists.c.o: In function `main':
CheckSymbolExists.c:(.text+0x1b): undefined reference to `pthread_create'
collect2: error: ld returned 1 exit status
CMakeFiles/cmTC_20d92.dir/build.make:97: recipe for target 'cmTC_20d92' failed
make[1]: *** [cmTC_20d92] Error 1
make[1]: 디렉터리 '/home/kw-cobot/catkin_ws/build/scout_tf/CMakeFiles/CMakeTmp' 나감
Makefile:126: recipe for target 'cmTC_20d92/fast' failed
make: *** [cmTC_20d92/fast] Error 2

File /home/kw-cobot/catkin_ws/build/scout_tf/CMakeFiles/CMakeTmp/CheckSymbolExists.c:
/* */
#include <pthread.h>

int main(int argc, char** argv)
{
  (void)argv;
#ifndef pthread_create
  return ((int*)(&pthread_create))[argc];
#else
  (void)argc;
  return 0;
#endif
}

Determining if the function pthread_create exists in the pthreads failed with the following output:
Change Dir: /home/kw-cobot/catkin_ws/build/scout_tf/CMakeFiles/CMakeTmp

Run Build Command:"/usr/bin/make" "cmTC_1ed51/fast"
/usr/bin/make -f CMakeFiles/cmTC_1ed51.dir/build.make CMakeFiles/cmTC_1ed51.dir/build
make[1]: 디렉터리 '/home/kw-cobot/catkin_ws/build/scout_tf/CMakeFiles/CMakeTmp' 들어감
Building C object CMakeFiles/cmTC_1ed51.dir/CheckFunctionExists.c.o
/usr/bin/cc   -DCHECK_FUNCTION_EXISTS=pthread_create   -o CMakeFiles/cmTC_1ed51.dir/CheckFunctionExists.c.o   -c /usr/share/cmake-3.10/Modules/CheckFunctionExists.c
Linking C executable cmTC_1ed51
/usr/bin/cmake -E cmake_link_script CMakeFiles/cmTC_1ed51.dir/link.txt --verbose=1
/usr/bin/cc  -DCHECK_FUNCTION_EXISTS=pthread_create    -rdynamic CMakeFiles/cmTC_1ed51.dir/CheckFunctionExists.c.o  -o cmTC_1ed51 -lpthreads 
/usr/bin/ld: cannot find -lpthreads
collect2: error: ld returned 1 exit status
CMakeFiles/cmTC_1ed51.dir/build.make:97: recipe for target 'cmTC_1ed51' failed
make[1]: *** [cmTC_1ed51] Error 1
make[1]: 디렉터리 '/home/kw-cobot/catkin_ws/build/scout_tf/CMakeFiles/CMakeTmp' 나감
Makefile:126: recipe for target 'cmTC_1ed51/fast' failed
make: *** [cmTC_1ed51/fast] Error 2


