Determining if the pthread_create exist failed with the following output:
Change Dir: /home/kw-cobot/catkin_ws/build/move_slow_and_clear/CMakeFiles/CMakeTmp

Run Build Command:"/usr/bin/make" "cmTC_4b164/fast"
/usr/bin/make -f CMakeFiles/cmTC_4b164.dir/build.make CMakeFiles/cmTC_4b164.dir/build
make[1]: 디렉터리 '/home/kw-cobot/catkin_ws/build/move_slow_and_clear/CMakeFiles/CMakeTmp' 들어감
Building C object CMakeFiles/cmTC_4b164.dir/CheckSymbolExists.c.o
/usr/bin/cc    -o CMakeFiles/cmTC_4b164.dir/CheckSymbolExists.c.o   -c /home/kw-cobot/catkin_ws/build/move_slow_and_clear/CMakeFiles/CMakeTmp/CheckSymbolExists.c
Linking C executable cmTC_4b164
/usr/bin/cmake -E cmake_link_script CMakeFiles/cmTC_4b164.dir/link.txt --verbose=1
/usr/bin/cc      -rdynamic CMakeFiles/cmTC_4b164.dir/CheckSymbolExists.c.o  -o cmTC_4b164 
CMakeFiles/cmTC_4b164.dir/CheckSymbolExists.c.o: In function `main':
CheckSymbolExists.c:(.text+0x1b): undefined reference to `pthread_create'
collect2: error: ld returned 1 exit status
CMakeFiles/cmTC_4b164.dir/build.make:97: recipe for target 'cmTC_4b164' failed
make[1]: *** [cmTC_4b164] Error 1
make[1]: 디렉터리 '/home/kw-cobot/catkin_ws/build/move_slow_and_clear/CMakeFiles/CMakeTmp' 나감
Makefile:126: recipe for target 'cmTC_4b164/fast' failed
make: *** [cmTC_4b164/fast] Error 2

File /home/kw-cobot/catkin_ws/build/move_slow_and_clear/CMakeFiles/CMakeTmp/CheckSymbolExists.c:
/* */
#include <pthread.h>

int main(int argc, char** argv)
{
  (void)argv;
#ifndef pthread_create
  return ((int*)(&pthread_create))[argc];
#else
  (void)argc;
  return 0;
#endif
}

Determining if the function pthread_create exists in the pthreads failed with the following output:
Change Dir: /home/kw-cobot/catkin_ws/build/move_slow_and_clear/CMakeFiles/CMakeTmp

Run Build Command:"/usr/bin/make" "cmTC_0fe53/fast"
/usr/bin/make -f CMakeFiles/cmTC_0fe53.dir/build.make CMakeFiles/cmTC_0fe53.dir/build
make[1]: 디렉터리 '/home/kw-cobot/catkin_ws/build/move_slow_and_clear/CMakeFiles/CMakeTmp' 들어감
Building C object CMakeFiles/cmTC_0fe53.dir/CheckFunctionExists.c.o
/usr/bin/cc   -DCHECK_FUNCTION_EXISTS=pthread_create   -o CMakeFiles/cmTC_0fe53.dir/CheckFunctionExists.c.o   -c /usr/share/cmake-3.10/Modules/CheckFunctionExists.c
Linking C executable cmTC_0fe53
/usr/bin/cmake -E cmake_link_script CMakeFiles/cmTC_0fe53.dir/link.txt --verbose=1
/usr/bin/cc  -DCHECK_FUNCTION_EXISTS=pthread_create    -rdynamic CMakeFiles/cmTC_0fe53.dir/CheckFunctionExists.c.o  -o cmTC_0fe53 -lpthreads 
/usr/bin/ld: cannot find -lpthreads
collect2: error: ld returned 1 exit status
CMakeFiles/cmTC_0fe53.dir/build.make:97: recipe for target 'cmTC_0fe53' failed
make[1]: *** [cmTC_0fe53] Error 1
make[1]: 디렉터리 '/home/kw-cobot/catkin_ws/build/move_slow_and_clear/CMakeFiles/CMakeTmp' 나감
Makefile:126: recipe for target 'cmTC_0fe53/fast' failed
make: *** [cmTC_0fe53/fast] Error 2


