[35m[1mScanning dependencies of target _scout_msgs_generate_messages_check_deps_ScoutLightState[0m
[35m[1mScanning dependencies of target _scout_msgs_generate_messages_check_deps_ScoutStatus[0m
[35m[1mScanning dependencies of target std_msgs_generate_messages_cpp[0m
[35m[1mScanning dependencies of target _scout_msgs_generate_messages_check_deps_ScoutMotorState[0m
[35m[1mScanning dependencies of target _scout_msgs_generate_messages_check_deps_ScoutLightCmd[0m
[  0%] Built target std_msgs_generate_messages_cpp
[  0%] Built target _scout_msgs_generate_messages_check_deps_ScoutStatus
[35m[1mScanning dependencies of target std_msgs_generate_messages_nodejs[0m
[  0%] Built target _scout_msgs_generate_messages_check_deps_ScoutLightState
[  0%] Built target _scout_msgs_generate_messages_check_deps_ScoutMotorState
[35m[1mScanning dependencies of target std_msgs_generate_messages_lisp[0m
[  0%] Built target _scout_msgs_generate_messages_check_deps_ScoutLightCmd
[35m[1mScanning dependencies of target std_msgs_generate_messages_py[0m
[  0%] Built target std_msgs_generate_messages_nodejs
[  0%] Built target std_msgs_generate_messages_lisp
[35m[1mScanning dependencies of target std_msgs_generate_messages_eus[0m
[  0%] Built target std_msgs_generate_messages_py
[35m[1mScanning dependencies of target scout_msgs_generate_messages_cpp[0m
[35m[1mScanning dependencies of target scout_msgs_generate_messages_lisp[0m
[  0%] Built target std_msgs_generate_messages_eus
[35m[1mScanning dependencies of target scout_msgs_generate_messages_nodejs[0m
[  4%] [34m[1mGenerating C++ code from scout_msgs/ScoutStatus.msg[0m
[  9%] [34m[1mGenerating C++ code from scout_msgs/ScoutLightCmd.msg[0m
[ 13%] [34m[1mGenerating Javascript code from scout_msgs/ScoutStatus.msg[0m
[ 18%] [34m[1mGenerating Lisp code from scout_msgs/ScoutStatus.msg[0m
[ 22%] [34m[1mGenerating Javascript code from scout_msgs/ScoutLightCmd.msg[0m
[35m[1mScanning dependencies of target scout_msgs_generate_messages_py[0m
[ 27%] [34m[1mGenerating Lisp code from scout_msgs/ScoutLightCmd.msg[0m
[ 31%] [34m[1mGenerating Python from MSG scout_msgs/ScoutStatus[0m
[ 36%] [34m[1mGenerating Javascript code from scout_msgs/ScoutMotorState.msg[0m
[ 40%] [34m[1mGenerating Lisp code from scout_msgs/ScoutMotorState.msg[0m
[ 45%] [34m[1mGenerating C++ code from scout_msgs/ScoutMotorState.msg[0m
[ 50%] [34m[1mGenerating Javascript code from scout_msgs/ScoutLightState.msg[0m
[ 54%] [34m[1mGenerating Lisp code from scout_msgs/ScoutLightState.msg[0m
[ 54%] Built target scout_msgs_generate_messages_nodejs
[ 59%] [34m[1mGenerating Python from MSG scout_msgs/ScoutLightCmd[0m
[ 59%] Built target scout_msgs_generate_messages_lisp
[ 63%] [34m[1mGenerating C++ code from scout_msgs/ScoutLightState.msg[0m
[35m[1mScanning dependencies of target scout_msgs_generate_messages_eus[0m
[ 68%] [34m[1mGenerating EusLisp code from scout_msgs/ScoutStatus.msg[0m
[ 72%] [34m[1mGenerating Python from MSG scout_msgs/ScoutMotorState[0m
[ 72%] Built target scout_msgs_generate_messages_cpp
[ 77%] [34m[1mGenerating EusLisp code from scout_msgs/ScoutLightCmd.msg[0m
[ 81%] [34m[1mGenerating EusLisp code from scout_msgs/ScoutMotorState.msg[0m
[ 86%] [34m[1mGenerating EusLisp code from scout_msgs/ScoutLightState.msg[0m
[ 90%] [34m[1mGenerating Python from MSG scout_msgs/ScoutLightState[0m
[ 95%] [34m[1mGenerating EusLisp manifest code for scout_msgs[0m
[100%] [34m[1mGenerating Python msg __init__.py for scout_msgs[0m
[100%] Built target scout_msgs_generate_messages_py
[100%] Built target scout_msgs_generate_messages_eus
[35m[1mScanning dependencies of target scout_msgs_generate_messages[0m
[100%] Built target scout_msgs_generate_messages
