Symlinking /home/kw-cobot/catkin_ws/devel/include/scout_msgs/ScoutStatus.h
Symlinking /home/kw-cobot/catkin_ws/devel/include/scout_msgs/ScoutMotorState.h
Symlinking /home/kw-cobot/catkin_ws/devel/include/scout_msgs/ScoutLightCmd.h
Symlinking /home/kw-cobot/catkin_ws/devel/include/scout_msgs/ScoutLightState.h
Symlinking /home/kw-cobot/catkin_ws/devel/share/roseus/ros/scout_msgs/manifest.l
Symlinking /home/kw-cobot/catkin_ws/devel/share/roseus/ros/scout_msgs/msg/ScoutLightState.l
Symlinking /home/kw-cobot/catkin_ws/devel/share/roseus/ros/scout_msgs/msg/ScoutMotorState.l
Symlinking /home/kw-cobot/catkin_ws/devel/share/roseus/ros/scout_msgs/msg/ScoutStatus.l
Symlinking /home/kw-cobot/catkin_ws/devel/share/roseus/ros/scout_msgs/msg/ScoutLightCmd.l
Symlinking /home/kw-cobot/catkin_ws/devel/share/common-lisp/ros/scout_msgs/msg/ScoutLightState.lisp
Symlinking /home/kw-cobot/catkin_ws/devel/share/common-lisp/ros/scout_msgs/msg/_package_ScoutLightCmd.lisp
Symlinking /home/kw-cobot/catkin_ws/devel/share/common-lisp/ros/scout_msgs/msg/_package_ScoutLightState.lisp
Symlinking /home/kw-cobot/catkin_ws/devel/share/common-lisp/ros/scout_msgs/msg/ScoutMotorState.lisp
Symlinking /home/kw-cobot/catkin_ws/devel/share/common-lisp/ros/scout_msgs/msg/_package_ScoutMotorState.lisp
Symlinking /home/kw-cobot/catkin_ws/devel/share/common-lisp/ros/scout_msgs/msg/_package.lisp
Symlinking /home/kw-cobot/catkin_ws/devel/share/common-lisp/ros/scout_msgs/msg/ScoutStatus.lisp
Symlinking /home/kw-cobot/catkin_ws/devel/share/common-lisp/ros/scout_msgs/msg/scout_msgs-msg.asd
Symlinking /home/kw-cobot/catkin_ws/devel/share/common-lisp/ros/scout_msgs/msg/_package_ScoutStatus.lisp
Symlinking /home/kw-cobot/catkin_ws/devel/share/common-lisp/ros/scout_msgs/msg/ScoutLightCmd.lisp
Symlinking /home/kw-cobot/catkin_ws/devel/share/gennodejs/ros/scout_msgs/_index.js
Symlinking /home/kw-cobot/catkin_ws/devel/share/gennodejs/ros/scout_msgs/msg/ScoutLightState.js
Symlinking /home/kw-cobot/catkin_ws/devel/share/gennodejs/ros/scout_msgs/msg/ScoutMotorState.js
Symlinking /home/kw-cobot/catkin_ws/devel/share/gennodejs/ros/scout_msgs/msg/ScoutLightCmd.js
Symlinking /home/kw-cobot/catkin_ws/devel/share/gennodejs/ros/scout_msgs/msg/ScoutStatus.js
Symlinking /home/kw-cobot/catkin_ws/devel/share/gennodejs/ros/scout_msgs/msg/_index.js
Symlinking /home/kw-cobot/catkin_ws/devel/share/scout_msgs/cmake/scout_msgsConfig-version.cmake
Symlinking /home/kw-cobot/catkin_ws/devel/share/scout_msgs/cmake/scout_msgs-msg-paths.cmake
Symlinking /home/kw-cobot/catkin_ws/devel/share/scout_msgs/cmake/scout_msgsConfig.cmake
Symlinking /home/kw-cobot/catkin_ws/devel/share/scout_msgs/cmake/scout_msgs-msg-extras.cmake
Symlinking /home/kw-cobot/catkin_ws/devel/lib/python2.7/dist-packages/scout_msgs/__init__.py
Symlinking /home/kw-cobot/catkin_ws/devel/lib/python2.7/dist-packages/scout_msgs/msg/_ScoutLightCmd.py
Symlinking /home/kw-cobot/catkin_ws/devel/lib/python2.7/dist-packages/scout_msgs/msg/_ScoutStatus.py
Symlinking /home/kw-cobot/catkin_ws/devel/lib/python2.7/dist-packages/scout_msgs/msg/_ScoutLightState.py
Symlinking /home/kw-cobot/catkin_ws/devel/lib/python2.7/dist-packages/scout_msgs/msg/__init__.py
Symlinking /home/kw-cobot/catkin_ws/devel/lib/python2.7/dist-packages/scout_msgs/msg/_ScoutMotorState.py
Symlinking /home/kw-cobot/catkin_ws/devel/lib/pkgconfig/scout_msgs.pc
