Linked: (/home/kw-cobot/catkin_ws/devel/.private/morai_msgs/include/morai_msgs/GetTrafficLightStatus.h, /home/kw-cobot/catkin_ws/devel/include/morai_msgs/GetTrafficLightStatus.h)
Linked: (/home/kw-cobot/catkin_ws/devel/.private/morai_msgs/include/morai_msgs/MoraiEventCmdSrvRequest.h, /home/kw-cobot/catkin_ws/devel/include/morai_msgs/MoraiEventCmdSrvRequest.h)
Linked: (/home/kw-cobot/catkin_ws/devel/.private/morai_msgs/include/morai_msgs/SaveSensorData.h, /home/kw-cobot/catkin_ws/devel/include/morai_msgs/SaveSensorData.h)
Linked: (/home/kw-cobot/catkin_ws/devel/.private/morai_msgs/include/morai_msgs/MultiEgoSetting.h, /home/kw-cobot/catkin_ws/devel/include/morai_msgs/MultiEgoSetting.h)
Linked: (/home/kw-cobot/catkin_ws/devel/.private/morai_msgs/include/morai_msgs/IntersectionStatus.h, /home/kw-cobot/catkin_ws/devel/include/morai_msgs/IntersectionStatus.h)
Linked: (/home/kw-cobot/catkin_ws/devel/.private/morai_msgs/include/morai_msgs/MoraiVehicleSpecSrv.h, /home/kw-cobot/catkin_ws/devel/include/morai_msgs/MoraiVehicleSpecSrv.h)
Linked: (/home/kw-cobot/catkin_ws/devel/.private/morai_msgs/include/morai_msgs/GPSMessage.h, /home/kw-cobot/catkin_ws/devel/include/morai_msgs/GPSMessage.h)
Linked: (/home/kw-cobot/catkin_ws/devel/.private/morai_msgs/include/morai_msgs/EgoVehicleVelocity.h, /home/kw-cobot/catkin_ws/devel/include/morai_msgs/EgoVehicleVelocity.h)
Linked: (/home/kw-cobot/catkin_ws/devel/.private/morai_msgs/include/morai_msgs/ScenarioLoad.h, /home/kw-cobot/catkin_ws/devel/include/morai_msgs/ScenarioLoad.h)
Linked: (/home/kw-cobot/catkin_ws/devel/.private/morai_msgs/include/morai_msgs/IntersectionControl.h, /home/kw-cobot/catkin_ws/devel/include/morai_msgs/IntersectionControl.h)
Linked: (/home/kw-cobot/catkin_ws/devel/.private/morai_msgs/include/morai_msgs/GenericVehicleControl.h, /home/kw-cobot/catkin_ws/devel/include/morai_msgs/GenericVehicleControl.h)
Linked: (/home/kw-cobot/catkin_ws/devel/.private/morai_msgs/include/morai_msgs/TrafficLight.h, /home/kw-cobot/catkin_ws/devel/include/morai_msgs/TrafficLight.h)
Linked: (/home/kw-cobot/catkin_ws/devel/.private/morai_msgs/include/morai_msgs/SVehicleStatus.h, /home/kw-cobot/catkin_ws/devel/include/morai_msgs/SVehicleStatus.h)
Linked: (/home/kw-cobot/catkin_ws/devel/.private/morai_msgs/include/morai_msgs/MgeoLinkList.h, /home/kw-cobot/catkin_ws/devel/include/morai_msgs/MgeoLinkList.h)
Linked: (/home/kw-cobot/catkin_ws/devel/.private/morai_msgs/include/morai_msgs/MgeoLink.h, /home/kw-cobot/catkin_ws/devel/include/morai_msgs/MgeoLink.h)
Linked: (/home/kw-cobot/catkin_ws/devel/.private/morai_msgs/include/morai_msgs/MoraiEventCmdSrvResponse.h, /home/kw-cobot/catkin_ws/devel/include/morai_msgs/MoraiEventCmdSrvResponse.h)
Linked: (/home/kw-cobot/catkin_ws/devel/.private/morai_msgs/include/morai_msgs/MoraiTLInfo.h, /home/kw-cobot/catkin_ws/devel/include/morai_msgs/MoraiTLInfo.h)
Linked: (/home/kw-cobot/catkin_ws/devel/.private/morai_msgs/include/morai_msgs/MoraiTLIndex.h, /home/kw-cobot/catkin_ws/devel/include/morai_msgs/MoraiTLIndex.h)
Linked: (/home/kw-cobot/catkin_ws/devel/.private/morai_msgs/include/morai_msgs/VelPlot.h, /home/kw-cobot/catkin_ws/devel/include/morai_msgs/VelPlot.h)
Linked: (/home/kw-cobot/catkin_ws/devel/.private/morai_msgs/include/morai_msgs/VehicleCommand.h, /home/kw-cobot/catkin_ws/devel/include/morai_msgs/VehicleCommand.h)
Linked: (/home/kw-cobot/catkin_ws/devel/.private/morai_msgs/include/morai_msgs/MoraiSimProcSrv.h, /home/kw-cobot/catkin_ws/devel/include/morai_msgs/MoraiSimProcSrv.h)
Linked: (/home/kw-cobot/catkin_ws/devel/.private/morai_msgs/include/morai_msgs/Mgeo.h, /home/kw-cobot/catkin_ws/devel/include/morai_msgs/Mgeo.h)
Linked: (/home/kw-cobot/catkin_ws/devel/.private/morai_msgs/include/morai_msgs/EventInfo.h, /home/kw-cobot/catkin_ws/devel/include/morai_msgs/EventInfo.h)
Linked: (/home/kw-cobot/catkin_ws/devel/.private/morai_msgs/include/morai_msgs/MoraiSimProcSrvResponse.h, /home/kw-cobot/catkin_ws/devel/include/morai_msgs/MoraiSimProcSrvResponse.h)
Linked: (/home/kw-cobot/catkin_ws/devel/.private/morai_msgs/include/morai_msgs/RadarTracks.h, /home/kw-cobot/catkin_ws/devel/include/morai_msgs/RadarTracks.h)
Linked: (/home/kw-cobot/catkin_ws/devel/.private/morai_msgs/include/morai_msgs/MgeoNodeList.h, /home/kw-cobot/catkin_ws/devel/include/morai_msgs/MgeoNodeList.h)
Linked: (/home/kw-cobot/catkin_ws/devel/.private/morai_msgs/include/morai_msgs/MoraiScenarioLoadSrv.h, /home/kw-cobot/catkin_ws/devel/include/morai_msgs/MoraiScenarioLoadSrv.h)
Linked: (/home/kw-cobot/catkin_ws/devel/.private/morai_msgs/include/morai_msgs/CollisionData.h, /home/kw-cobot/catkin_ws/devel/include/morai_msgs/CollisionData.h)
Linked: (/home/kw-cobot/catkin_ws/devel/.private/morai_msgs/include/morai_msgs/ObjectStatus.h, /home/kw-cobot/catkin_ws/devel/include/morai_msgs/ObjectStatus.h)
Linked: (/home/kw-cobot/catkin_ws/devel/.private/morai_msgs/include/morai_msgs/MoraiSimProcStatus.h, /home/kw-cobot/catkin_ws/devel/include/morai_msgs/MoraiSimProcStatus.h)
Linked: (/home/kw-cobot/catkin_ws/devel/.private/morai_msgs/include/morai_msgs/GuideData.h, /home/kw-cobot/catkin_ws/devel/include/morai_msgs/GuideData.h)
Linked: (/home/kw-cobot/catkin_ws/devel/.private/morai_msgs/include/morai_msgs/SensorPosControl.h, /home/kw-cobot/catkin_ws/devel/include/morai_msgs/SensorPosControl.h)
Linked: (/home/kw-cobot/catkin_ws/devel/.private/morai_msgs/include/morai_msgs/MoraiEventCmdSrv.h, /home/kw-cobot/catkin_ws/devel/include/morai_msgs/MoraiEventCmdSrv.h)
Linked: (/home/kw-cobot/catkin_ws/devel/.private/morai_msgs/include/morai_msgs/RadarTrack.h, /home/kw-cobot/catkin_ws/devel/include/morai_msgs/RadarTrack.h)
Linked: (/home/kw-cobot/catkin_ws/devel/.private/morai_msgs/include/morai_msgs/MoraiSimProcSrvRequest.h, /home/kw-cobot/catkin_ws/devel/include/morai_msgs/MoraiSimProcSrvRequest.h)
Linked: (/home/kw-cobot/catkin_ws/devel/.private/morai_msgs/include/morai_msgs/MoraiTLInfoSrvRequest.h, /home/kw-cobot/catkin_ws/devel/include/morai_msgs/MoraiTLInfoSrvRequest.h)
Linked: (/home/kw-cobot/catkin_ws/devel/.private/morai_msgs/include/morai_msgs/IntscnTL.h, /home/kw-cobot/catkin_ws/devel/include/morai_msgs/IntscnTL.h)
Linked: (/home/kw-cobot/catkin_ws/devel/.private/morai_msgs/include/morai_msgs/MgeoNode.h, /home/kw-cobot/catkin_ws/devel/include/morai_msgs/MgeoNode.h)
Linked: (/home/kw-cobot/catkin_ws/devel/.private/morai_msgs/include/morai_msgs/MoraiSimProcHandle.h, /home/kw-cobot/catkin_ws/devel/include/morai_msgs/MoraiSimProcHandle.h)
Linked: (/home/kw-cobot/catkin_ws/devel/.private/morai_msgs/include/morai_msgs/MoraiTLInfoSrvResponse.h, /home/kw-cobot/catkin_ws/devel/include/morai_msgs/MoraiTLInfoSrvResponse.h)
Linked: (/home/kw-cobot/catkin_ws/devel/.private/morai_msgs/include/morai_msgs/VehicleSpec.h, /home/kw-cobot/catkin_ws/devel/include/morai_msgs/VehicleSpec.h)
Linked: (/home/kw-cobot/catkin_ws/devel/.private/morai_msgs/include/morai_msgs/ERP42Info.h, /home/kw-cobot/catkin_ws/devel/include/morai_msgs/ERP42Info.h)
Linked: (/home/kw-cobot/catkin_ws/devel/.private/morai_msgs/include/morai_msgs/EgoVehicleStatus.h, /home/kw-cobot/catkin_ws/devel/include/morai_msgs/EgoVehicleStatus.h)
Linked: (/home/kw-cobot/catkin_ws/devel/.private/morai_msgs/include/morai_msgs/MoraiVehicleSpecSrvResponse.h, /home/kw-cobot/catkin_ws/devel/include/morai_msgs/MoraiVehicleSpecSrvResponse.h)
Linked: (/home/kw-cobot/catkin_ws/devel/.private/morai_msgs/include/morai_msgs/GhostMessage.h, /home/kw-cobot/catkin_ws/devel/include/morai_msgs/GhostMessage.h)
Linked: (/home/kw-cobot/catkin_ws/devel/.private/morai_msgs/include/morai_msgs/Lamps.h, /home/kw-cobot/catkin_ws/devel/include/morai_msgs/Lamps.h)
Linked: (/home/kw-cobot/catkin_ws/devel/.private/morai_msgs/include/morai_msgs/EgoVehiclePosition.h, /home/kw-cobot/catkin_ws/devel/include/morai_msgs/EgoVehiclePosition.h)
Linked: (/home/kw-cobot/catkin_ws/devel/.private/morai_msgs/include/morai_msgs/MoraiScenarioLoadSrvRequest.h, /home/kw-cobot/catkin_ws/devel/include/morai_msgs/MoraiScenarioLoadSrvRequest.h)
Linked: (/home/kw-cobot/catkin_ws/devel/.private/morai_msgs/include/morai_msgs/ReplayInfo.h, /home/kw-cobot/catkin_ws/devel/include/morai_msgs/ReplayInfo.h)
Linked: (/home/kw-cobot/catkin_ws/devel/.private/morai_msgs/include/morai_msgs/MoraiSrvResponse.h, /home/kw-cobot/catkin_ws/devel/include/morai_msgs/MoraiSrvResponse.h)
Linked: (/home/kw-cobot/catkin_ws/devel/.private/morai_msgs/include/morai_msgs/FactoryAddress.h, /home/kw-cobot/catkin_ws/devel/include/morai_msgs/FactoryAddress.h)
Linked: (/home/kw-cobot/catkin_ws/devel/.private/morai_msgs/include/morai_msgs/ObjectInfo.h, /home/kw-cobot/catkin_ws/devel/include/morai_msgs/ObjectInfo.h)
Linked: (/home/kw-cobot/catkin_ws/devel/.private/morai_msgs/include/morai_msgs/MoraiScenarioLoadSrvResponse.h, /home/kw-cobot/catkin_ws/devel/include/morai_msgs/MoraiScenarioLoadSrvResponse.h)
Linked: (/home/kw-cobot/catkin_ws/devel/.private/morai_msgs/include/morai_msgs/ObjectStatusList.h, /home/kw-cobot/catkin_ws/devel/include/morai_msgs/ObjectStatusList.h)
Linked: (/home/kw-cobot/catkin_ws/devel/.private/morai_msgs/include/morai_msgs/CtrlCmd.h, /home/kw-cobot/catkin_ws/devel/include/morai_msgs/CtrlCmd.h)
Linked: (/home/kw-cobot/catkin_ws/devel/.private/morai_msgs/include/morai_msgs/MoraiTLInfoSrv.h, /home/kw-cobot/catkin_ws/devel/include/morai_msgs/MoraiTLInfoSrv.h)
Linked: (/home/kw-cobot/catkin_ws/devel/.private/morai_msgs/include/morai_msgs/SetTrafficLight.h, /home/kw-cobot/catkin_ws/devel/include/morai_msgs/SetTrafficLight.h)
Linked: (/home/kw-cobot/catkin_ws/devel/.private/morai_msgs/include/morai_msgs/MoraiTimestamp.h, /home/kw-cobot/catkin_ws/devel/include/morai_msgs/MoraiTimestamp.h)
Linked: (/home/kw-cobot/catkin_ws/devel/.private/morai_msgs/include/morai_msgs/MoraiVehicleSpecSrvRequest.h, /home/kw-cobot/catkin_ws/devel/include/morai_msgs/MoraiVehicleSpecSrvRequest.h)
Linked: (/home/kw-cobot/catkin_ws/devel/.private/morai_msgs/include/morai_msgs/VehicleSpecIndex.h, /home/kw-cobot/catkin_ws/devel/include/morai_msgs/VehicleSpecIndex.h)
Linked: (/home/kw-cobot/catkin_ws/devel/.private/morai_msgs/share/roseus/ros/morai_msgs/manifest.l, /home/kw-cobot/catkin_ws/devel/share/roseus/ros/morai_msgs/manifest.l)
Linked: (/home/kw-cobot/catkin_ws/devel/.private/morai_msgs/share/roseus/ros/morai_msgs/msg/VehicleSpecIndex.l, /home/kw-cobot/catkin_ws/devel/share/roseus/ros/morai_msgs/msg/VehicleSpecIndex.l)
Linked: (/home/kw-cobot/catkin_ws/devel/.private/morai_msgs/share/roseus/ros/morai_msgs/msg/ObjectStatus.l, /home/kw-cobot/catkin_ws/devel/share/roseus/ros/morai_msgs/msg/ObjectStatus.l)
Linked: (/home/kw-cobot/catkin_ws/devel/.private/morai_msgs/share/roseus/ros/morai_msgs/msg/CollisionData.l, /home/kw-cobot/catkin_ws/devel/share/roseus/ros/morai_msgs/msg/CollisionData.l)
Linked: (/home/kw-cobot/catkin_ws/devel/.private/morai_msgs/share/roseus/ros/morai_msgs/msg/MgeoLinkList.l, /home/kw-cobot/catkin_ws/devel/share/roseus/ros/morai_msgs/msg/MgeoLinkList.l)
Linked: (/home/kw-cobot/catkin_ws/devel/.private/morai_msgs/share/roseus/ros/morai_msgs/msg/MoraiTLIndex.l, /home/kw-cobot/catkin_ws/devel/share/roseus/ros/morai_msgs/msg/MoraiTLIndex.l)
Linked: (/home/kw-cobot/catkin_ws/devel/.private/morai_msgs/share/roseus/ros/morai_msgs/msg/VehicleSpec.l, /home/kw-cobot/catkin_ws/devel/share/roseus/ros/morai_msgs/msg/VehicleSpec.l)
Linked: (/home/kw-cobot/catkin_ws/devel/.private/morai_msgs/share/roseus/ros/morai_msgs/msg/ObjectStatusList.l, /home/kw-cobot/catkin_ws/devel/share/roseus/ros/morai_msgs/msg/ObjectStatusList.l)
Linked: (/home/kw-cobot/catkin_ws/devel/.private/morai_msgs/share/roseus/ros/morai_msgs/msg/MgeoLink.l, /home/kw-cobot/catkin_ws/devel/share/roseus/ros/morai_msgs/msg/MgeoLink.l)
Linked: (/home/kw-cobot/catkin_ws/devel/.private/morai_msgs/share/roseus/ros/morai_msgs/msg/GhostMessage.l, /home/kw-cobot/catkin_ws/devel/share/roseus/ros/morai_msgs/msg/GhostMessage.l)
Linked: (/home/kw-cobot/catkin_ws/devel/.private/morai_msgs/share/roseus/ros/morai_msgs/msg/MoraiTLInfo.l, /home/kw-cobot/catkin_ws/devel/share/roseus/ros/morai_msgs/msg/MoraiTLInfo.l)
Linked: (/home/kw-cobot/catkin_ws/devel/.private/morai_msgs/share/roseus/ros/morai_msgs/msg/MgeoNodeList.l, /home/kw-cobot/catkin_ws/devel/share/roseus/ros/morai_msgs/msg/MgeoNodeList.l)
Linked: (/home/kw-cobot/catkin_ws/devel/.private/morai_msgs/share/roseus/ros/morai_msgs/msg/VelPlot.l, /home/kw-cobot/catkin_ws/devel/share/roseus/ros/morai_msgs/msg/VelPlot.l)
Linked: (/home/kw-cobot/catkin_ws/devel/.private/morai_msgs/share/roseus/ros/morai_msgs/msg/Mgeo.l, /home/kw-cobot/catkin_ws/devel/share/roseus/ros/morai_msgs/msg/Mgeo.l)
Linked: (/home/kw-cobot/catkin_ws/devel/.private/morai_msgs/share/roseus/ros/morai_msgs/msg/Lamps.l, /home/kw-cobot/catkin_ws/devel/share/roseus/ros/morai_msgs/msg/Lamps.l)
Linked: (/home/kw-cobot/catkin_ws/devel/.private/morai_msgs/share/roseus/ros/morai_msgs/msg/MoraiSimProcHandle.l, /home/kw-cobot/catkin_ws/devel/share/roseus/ros/morai_msgs/msg/MoraiSimProcHandle.l)
Linked: (/home/kw-cobot/catkin_ws/devel/.private/morai_msgs/share/roseus/ros/morai_msgs/msg/RadarTracks.l, /home/kw-cobot/catkin_ws/devel/share/roseus/ros/morai_msgs/msg/RadarTracks.l)
Linked: (/home/kw-cobot/catkin_ws/devel/.private/morai_msgs/share/roseus/ros/morai_msgs/msg/SensorPosControl.l, /home/kw-cobot/catkin_ws/devel/share/roseus/ros/morai_msgs/msg/SensorPosControl.l)
Linked: (/home/kw-cobot/catkin_ws/devel/.private/morai_msgs/share/roseus/ros/morai_msgs/msg/FactoryAddress.l, /home/kw-cobot/catkin_ws/devel/share/roseus/ros/morai_msgs/msg/FactoryAddress.l)
Linked: (/home/kw-cobot/catkin_ws/devel/.private/morai_msgs/share/roseus/ros/morai_msgs/msg/MultiEgoSetting.l, /home/kw-cobot/catkin_ws/devel/share/roseus/ros/morai_msgs/msg/MultiEgoSetting.l)
Linked: (/home/kw-cobot/catkin_ws/devel/.private/morai_msgs/share/roseus/ros/morai_msgs/msg/EgoVehicleStatus.l, /home/kw-cobot/catkin_ws/devel/share/roseus/ros/morai_msgs/msg/EgoVehicleStatus.l)
Linked: (/home/kw-cobot/catkin_ws/devel/.private/morai_msgs/share/roseus/ros/morai_msgs/msg/RadarTrack.l, /home/kw-cobot/catkin_ws/devel/share/roseus/ros/morai_msgs/msg/RadarTrack.l)
Linked: (/home/kw-cobot/catkin_ws/devel/.private/morai_msgs/share/roseus/ros/morai_msgs/msg/MoraiSrvResponse.l, /home/kw-cobot/catkin_ws/devel/share/roseus/ros/morai_msgs/msg/MoraiSrvResponse.l)
Linked: (/home/kw-cobot/catkin_ws/devel/.private/morai_msgs/share/roseus/ros/morai_msgs/msg/MgeoNode.l, /home/kw-cobot/catkin_ws/devel/share/roseus/ros/morai_msgs/msg/MgeoNode.l)
Linked: (/home/kw-cobot/catkin_ws/devel/.private/morai_msgs/share/roseus/ros/morai_msgs/msg/IntscnTL.l, /home/kw-cobot/catkin_ws/devel/share/roseus/ros/morai_msgs/msg/IntscnTL.l)
Linked: (/home/kw-cobot/catkin_ws/devel/.private/morai_msgs/share/roseus/ros/morai_msgs/msg/SetTrafficLight.l, /home/kw-cobot/catkin_ws/devel/share/roseus/ros/morai_msgs/msg/SetTrafficLight.l)
Linked: (/home/kw-cobot/catkin_ws/devel/.private/morai_msgs/share/roseus/ros/morai_msgs/msg/SaveSensorData.l, /home/kw-cobot/catkin_ws/devel/share/roseus/ros/morai_msgs/msg/SaveSensorData.l)
Linked: (/home/kw-cobot/catkin_ws/devel/.private/morai_msgs/share/roseus/ros/morai_msgs/msg/MoraiSimProcStatus.l, /home/kw-cobot/catkin_ws/devel/share/roseus/ros/morai_msgs/msg/MoraiSimProcStatus.l)
Linked: (/home/kw-cobot/catkin_ws/devel/.private/morai_msgs/share/roseus/ros/morai_msgs/msg/CtrlCmd.l, /home/kw-cobot/catkin_ws/devel/share/roseus/ros/morai_msgs/msg/CtrlCmd.l)
Linked: (/home/kw-cobot/catkin_ws/devel/.private/morai_msgs/share/roseus/ros/morai_msgs/msg/SVehicleStatus.l, /home/kw-cobot/catkin_ws/devel/share/roseus/ros/morai_msgs/msg/SVehicleStatus.l)
Linked: (/home/kw-cobot/catkin_ws/devel/.private/morai_msgs/share/roseus/ros/morai_msgs/msg/GetTrafficLightStatus.l, /home/kw-cobot/catkin_ws/devel/share/roseus/ros/morai_msgs/msg/GetTrafficLightStatus.l)
Linked: (/home/kw-cobot/catkin_ws/devel/.private/morai_msgs/share/roseus/ros/morai_msgs/msg/ScenarioLoad.l, /home/kw-cobot/catkin_ws/devel/share/roseus/ros/morai_msgs/msg/ScenarioLoad.l)
Linked: (/home/kw-cobot/catkin_ws/devel/.private/morai_msgs/share/roseus/ros/morai_msgs/msg/EgoVehicleVelocity.l, /home/kw-cobot/catkin_ws/devel/share/roseus/ros/morai_msgs/msg/EgoVehicleVelocity.l)
Linked: (/home/kw-cobot/catkin_ws/devel/.private/morai_msgs/share/roseus/ros/morai_msgs/msg/EventInfo.l, /home/kw-cobot/catkin_ws/devel/share/roseus/ros/morai_msgs/msg/EventInfo.l)
Linked: (/home/kw-cobot/catkin_ws/devel/.private/morai_msgs/share/roseus/ros/morai_msgs/msg/VehicleCommand.l, /home/kw-cobot/catkin_ws/devel/share/roseus/ros/morai_msgs/msg/VehicleCommand.l)
Linked: (/home/kw-cobot/catkin_ws/devel/.private/morai_msgs/share/roseus/ros/morai_msgs/msg/GenericVehicleControl.l, /home/kw-cobot/catkin_ws/devel/share/roseus/ros/morai_msgs/msg/GenericVehicleControl.l)
Linked: (/home/kw-cobot/catkin_ws/devel/.private/morai_msgs/share/roseus/ros/morai_msgs/msg/TrafficLight.l, /home/kw-cobot/catkin_ws/devel/share/roseus/ros/morai_msgs/msg/TrafficLight.l)
Linked: (/home/kw-cobot/catkin_ws/devel/.private/morai_msgs/share/roseus/ros/morai_msgs/msg/ReplayInfo.l, /home/kw-cobot/catkin_ws/devel/share/roseus/ros/morai_msgs/msg/ReplayInfo.l)
Linked: (/home/kw-cobot/catkin_ws/devel/.private/morai_msgs/share/roseus/ros/morai_msgs/msg/IntersectionStatus.l, /home/kw-cobot/catkin_ws/devel/share/roseus/ros/morai_msgs/msg/IntersectionStatus.l)
Linked: (/home/kw-cobot/catkin_ws/devel/.private/morai_msgs/share/roseus/ros/morai_msgs/msg/IntersectionControl.l, /home/kw-cobot/catkin_ws/devel/share/roseus/ros/morai_msgs/msg/IntersectionControl.l)
Linked: (/home/kw-cobot/catkin_ws/devel/.private/morai_msgs/share/roseus/ros/morai_msgs/msg/ERP42Info.l, /home/kw-cobot/catkin_ws/devel/share/roseus/ros/morai_msgs/msg/ERP42Info.l)
Linked: (/home/kw-cobot/catkin_ws/devel/.private/morai_msgs/share/roseus/ros/morai_msgs/msg/EgoVehiclePosition.l, /home/kw-cobot/catkin_ws/devel/share/roseus/ros/morai_msgs/msg/EgoVehiclePosition.l)
Linked: (/home/kw-cobot/catkin_ws/devel/.private/morai_msgs/share/roseus/ros/morai_msgs/msg/GuideData.l, /home/kw-cobot/catkin_ws/devel/share/roseus/ros/morai_msgs/msg/GuideData.l)
Linked: (/home/kw-cobot/catkin_ws/devel/.private/morai_msgs/share/roseus/ros/morai_msgs/msg/MoraiTimestamp.l, /home/kw-cobot/catkin_ws/devel/share/roseus/ros/morai_msgs/msg/MoraiTimestamp.l)
Linked: (/home/kw-cobot/catkin_ws/devel/.private/morai_msgs/share/roseus/ros/morai_msgs/msg/ObjectInfo.l, /home/kw-cobot/catkin_ws/devel/share/roseus/ros/morai_msgs/msg/ObjectInfo.l)
Linked: (/home/kw-cobot/catkin_ws/devel/.private/morai_msgs/share/roseus/ros/morai_msgs/msg/GPSMessage.l, /home/kw-cobot/catkin_ws/devel/share/roseus/ros/morai_msgs/msg/GPSMessage.l)
Linked: (/home/kw-cobot/catkin_ws/devel/.private/morai_msgs/share/roseus/ros/morai_msgs/srv/MoraiTLInfoSrv.l, /home/kw-cobot/catkin_ws/devel/share/roseus/ros/morai_msgs/srv/MoraiTLInfoSrv.l)
Linked: (/home/kw-cobot/catkin_ws/devel/.private/morai_msgs/share/roseus/ros/morai_msgs/srv/MoraiScenarioLoadSrv.l, /home/kw-cobot/catkin_ws/devel/share/roseus/ros/morai_msgs/srv/MoraiScenarioLoadSrv.l)
Linked: (/home/kw-cobot/catkin_ws/devel/.private/morai_msgs/share/roseus/ros/morai_msgs/srv/MoraiSimProcSrv.l, /home/kw-cobot/catkin_ws/devel/share/roseus/ros/morai_msgs/srv/MoraiSimProcSrv.l)
Linked: (/home/kw-cobot/catkin_ws/devel/.private/morai_msgs/share/roseus/ros/morai_msgs/srv/MoraiVehicleSpecSrv.l, /home/kw-cobot/catkin_ws/devel/share/roseus/ros/morai_msgs/srv/MoraiVehicleSpecSrv.l)
Linked: (/home/kw-cobot/catkin_ws/devel/.private/morai_msgs/share/roseus/ros/morai_msgs/srv/MoraiEventCmdSrv.l, /home/kw-cobot/catkin_ws/devel/share/roseus/ros/morai_msgs/srv/MoraiEventCmdSrv.l)
Linked: (/home/kw-cobot/catkin_ws/devel/.private/morai_msgs/share/common-lisp/ros/morai_msgs/msg/_package_ObjectStatus.lisp, /home/kw-cobot/catkin_ws/devel/share/common-lisp/ros/morai_msgs/msg/_package_ObjectStatus.lisp)
Linked: (/home/kw-cobot/catkin_ws/devel/.private/morai_msgs/share/common-lisp/ros/morai_msgs/msg/GhostMessage.lisp, /home/kw-cobot/catkin_ws/devel/share/common-lisp/ros/morai_msgs/msg/GhostMessage.lisp)
Linked: (/home/kw-cobot/catkin_ws/devel/.private/morai_msgs/share/common-lisp/ros/morai_msgs/msg/_package_Lamps.lisp, /home/kw-cobot/catkin_ws/devel/share/common-lisp/ros/morai_msgs/msg/_package_Lamps.lisp)
Linked: (/home/kw-cobot/catkin_ws/devel/.private/morai_msgs/share/common-lisp/ros/morai_msgs/msg/_package_EgoVehicleVelocity.lisp, /home/kw-cobot/catkin_ws/devel/share/common-lisp/ros/morai_msgs/msg/_package_EgoVehicleVelocity.lisp)
Linked: (/home/kw-cobot/catkin_ws/devel/.private/morai_msgs/share/common-lisp/ros/morai_msgs/msg/_package_EgoVehiclePosition.lisp, /home/kw-cobot/catkin_ws/devel/share/common-lisp/ros/morai_msgs/msg/_package_EgoVehiclePosition.lisp)
Linked: (/home/kw-cobot/catkin_ws/devel/.private/morai_msgs/share/common-lisp/ros/morai_msgs/msg/ObjectStatus.lisp, /home/kw-cobot/catkin_ws/devel/share/common-lisp/ros/morai_msgs/msg/ObjectStatus.lisp)
Linked: (/home/kw-cobot/catkin_ws/devel/.private/morai_msgs/share/common-lisp/ros/morai_msgs/msg/MoraiTLInfo.lisp, /home/kw-cobot/catkin_ws/devel/share/common-lisp/ros/morai_msgs/msg/MoraiTLInfo.lisp)
Linked: (/home/kw-cobot/catkin_ws/devel/.private/morai_msgs/share/common-lisp/ros/morai_msgs/msg/_package_GuideData.lisp, /home/kw-cobot/catkin_ws/devel/share/common-lisp/ros/morai_msgs/msg/_package_GuideData.lisp)
Linked: (/home/kw-cobot/catkin_ws/devel/.private/morai_msgs/share/common-lisp/ros/morai_msgs/msg/_package_ERP42Info.lisp, /home/kw-cobot/catkin_ws/devel/share/common-lisp/ros/morai_msgs/msg/_package_ERP42Info.lisp)
Linked: (/home/kw-cobot/catkin_ws/devel/.private/morai_msgs/share/common-lisp/ros/morai_msgs/msg/MoraiTLIndex.lisp, /home/kw-cobot/catkin_ws/devel/share/common-lisp/ros/morai_msgs/msg/MoraiTLIndex.lisp)
Linked: (/home/kw-cobot/catkin_ws/devel/.private/morai_msgs/share/common-lisp/ros/morai_msgs/msg/_package_MgeoNodeList.lisp, /home/kw-cobot/catkin_ws/devel/share/common-lisp/ros/morai_msgs/msg/_package_MgeoNodeList.lisp)
Linked: (/home/kw-cobot/catkin_ws/devel/.private/morai_msgs/share/common-lisp/ros/morai_msgs/msg/MoraiSimProcHandle.lisp, /home/kw-cobot/catkin_ws/devel/share/common-lisp/ros/morai_msgs/msg/MoraiSimProcHandle.lisp)
Linked: (/home/kw-cobot/catkin_ws/devel/.private/morai_msgs/share/common-lisp/ros/morai_msgs/msg/MoraiSrvResponse.lisp, /home/kw-cobot/catkin_ws/devel/share/common-lisp/ros/morai_msgs/msg/MoraiSrvResponse.lisp)
Linked: (/home/kw-cobot/catkin_ws/devel/.private/morai_msgs/share/common-lisp/ros/morai_msgs/msg/ReplayInfo.lisp, /home/kw-cobot/catkin_ws/devel/share/common-lisp/ros/morai_msgs/msg/ReplayInfo.lisp)
Linked: (/home/kw-cobot/catkin_ws/devel/.private/morai_msgs/share/common-lisp/ros/morai_msgs/msg/ObjectStatusList.lisp, /home/kw-cobot/catkin_ws/devel/share/common-lisp/ros/morai_msgs/msg/ObjectStatusList.lisp)
Linked: (/home/kw-cobot/catkin_ws/devel/.private/morai_msgs/share/common-lisp/ros/morai_msgs/msg/EgoVehicleStatus.lisp, /home/kw-cobot/catkin_ws/devel/share/common-lisp/ros/morai_msgs/msg/EgoVehicleStatus.lisp)
Linked: (/home/kw-cobot/catkin_ws/devel/.private/morai_msgs/share/common-lisp/ros/morai_msgs/msg/_package_FactoryAddress.lisp, /home/kw-cobot/catkin_ws/devel/share/common-lisp/ros/morai_msgs/msg/_package_FactoryAddress.lisp)
Linked: (/home/kw-cobot/catkin_ws/devel/.private/morai_msgs/share/common-lisp/ros/morai_msgs/msg/CtrlCmd.lisp, /home/kw-cobot/catkin_ws/devel/share/common-lisp/ros/morai_msgs/msg/CtrlCmd.lisp)
Linked: (/home/kw-cobot/catkin_ws/devel/.private/morai_msgs/share/common-lisp/ros/morai_msgs/msg/_package_Mgeo.lisp, /home/kw-cobot/catkin_ws/devel/share/common-lisp/ros/morai_msgs/msg/_package_Mgeo.lisp)
Linked: (/home/kw-cobot/catkin_ws/devel/.private/morai_msgs/share/common-lisp/ros/morai_msgs/msg/IntersectionStatus.lisp, /home/kw-cobot/catkin_ws/devel/share/common-lisp/ros/morai_msgs/msg/IntersectionStatus.lisp)
Linked: (/home/kw-cobot/catkin_ws/devel/.private/morai_msgs/share/common-lisp/ros/morai_msgs/msg/_package_ReplayInfo.lisp, /home/kw-cobot/catkin_ws/devel/share/common-lisp/ros/morai_msgs/msg/_package_ReplayInfo.lisp)
Linked: (/home/kw-cobot/catkin_ws/devel/.private/morai_msgs/share/common-lisp/ros/morai_msgs/msg/_package_GenericVehicleControl.lisp, /home/kw-cobot/catkin_ws/devel/share/common-lisp/ros/morai_msgs/msg/_package_GenericVehicleControl.lisp)
Linked: (/home/kw-cobot/catkin_ws/devel/.private/morai_msgs/share/common-lisp/ros/morai_msgs/msg/_package_MultiEgoSetting.lisp, /home/kw-cobot/catkin_ws/devel/share/common-lisp/ros/morai_msgs/msg/_package_MultiEgoSetting.lisp)
Linked: (/home/kw-cobot/catkin_ws/devel/.private/morai_msgs/share/common-lisp/ros/morai_msgs/msg/_package_RadarTrack.lisp, /home/kw-cobot/catkin_ws/devel/share/common-lisp/ros/morai_msgs/msg/_package_RadarTrack.lisp)
Linked: (/home/kw-cobot/catkin_ws/devel/.private/morai_msgs/share/common-lisp/ros/morai_msgs/msg/_package_IntscnTL.lisp, /home/kw-cobot/catkin_ws/devel/share/common-lisp/ros/morai_msgs/msg/_package_IntscnTL.lisp)
Linked: (/home/kw-cobot/catkin_ws/devel/.private/morai_msgs/share/common-lisp/ros/morai_msgs/msg/_package_CollisionData.lisp, /home/kw-cobot/catkin_ws/devel/share/common-lisp/ros/morai_msgs/msg/_package_CollisionData.lisp)
Linked: (/home/kw-cobot/catkin_ws/devel/.private/morai_msgs/share/common-lisp/ros/morai_msgs/msg/_package_MoraiTimestamp.lisp, /home/kw-cobot/catkin_ws/devel/share/common-lisp/ros/morai_msgs/msg/_package_MoraiTimestamp.lisp)
Linked: (/home/kw-cobot/catkin_ws/devel/.private/morai_msgs/share/common-lisp/ros/morai_msgs/msg/RadarTracks.lisp, /home/kw-cobot/catkin_ws/devel/share/common-lisp/ros/morai_msgs/msg/RadarTracks.lisp)
Linked: (/home/kw-cobot/catkin_ws/devel/.private/morai_msgs/share/common-lisp/ros/morai_msgs/msg/MgeoNode.lisp, /home/kw-cobot/catkin_ws/devel/share/common-lisp/ros/morai_msgs/msg/MgeoNode.lisp)
Linked: (/home/kw-cobot/catkin_ws/devel/.private/morai_msgs/share/common-lisp/ros/morai_msgs/msg/_package_MoraiTLIndex.lisp, /home/kw-cobot/catkin_ws/devel/share/common-lisp/ros/morai_msgs/msg/_package_MoraiTLIndex.lisp)
Linked: (/home/kw-cobot/catkin_ws/devel/.private/morai_msgs/share/common-lisp/ros/morai_msgs/msg/MgeoLink.lisp, /home/kw-cobot/catkin_ws/devel/share/common-lisp/ros/morai_msgs/msg/MgeoLink.lisp)
Linked: (/home/kw-cobot/catkin_ws/devel/.private/morai_msgs/share/common-lisp/ros/morai_msgs/msg/_package_VehicleSpecIndex.lisp, /home/kw-cobot/catkin_ws/devel/share/common-lisp/ros/morai_msgs/msg/_package_VehicleSpecIndex.lisp)
Linked: (/home/kw-cobot/catkin_ws/devel/.private/morai_msgs/share/common-lisp/ros/morai_msgs/msg/SaveSensorData.lisp, /home/kw-cobot/catkin_ws/devel/share/common-lisp/ros/morai_msgs/msg/SaveSensorData.lisp)
Linked: (/home/kw-cobot/catkin_ws/devel/.private/morai_msgs/share/common-lisp/ros/morai_msgs/msg/_package_MgeoLinkList.lisp, /home/kw-cobot/catkin_ws/devel/share/common-lisp/ros/morai_msgs/msg/_package_MgeoLinkList.lisp)
Linked: (/home/kw-cobot/catkin_ws/devel/.private/morai_msgs/share/common-lisp/ros/morai_msgs/msg/_package_SVehicleStatus.lisp, /home/kw-cobot/catkin_ws/devel/share/common-lisp/ros/morai_msgs/msg/_package_SVehicleStatus.lisp)
Linked: (/home/kw-cobot/catkin_ws/devel/.private/morai_msgs/share/common-lisp/ros/morai_msgs/msg/_package_GhostMessage.lisp, /home/kw-cobot/catkin_ws/devel/share/common-lisp/ros/morai_msgs/msg/_package_GhostMessage.lisp)
Linked: (/home/kw-cobot/catkin_ws/devel/.private/morai_msgs/share/common-lisp/ros/morai_msgs/msg/_package_ObjectInfo.lisp, /home/kw-cobot/catkin_ws/devel/share/common-lisp/ros/morai_msgs/msg/_package_ObjectInfo.lisp)
Linked: (/home/kw-cobot/catkin_ws/devel/.private/morai_msgs/share/common-lisp/ros/morai_msgs/msg/GPSMessage.lisp, /home/kw-cobot/catkin_ws/devel/share/common-lisp/ros/morai_msgs/msg/GPSMessage.lisp)
Linked: (/home/kw-cobot/catkin_ws/devel/.private/morai_msgs/share/common-lisp/ros/morai_msgs/msg/MoraiTimestamp.lisp, /home/kw-cobot/catkin_ws/devel/share/common-lisp/ros/morai_msgs/msg/MoraiTimestamp.lisp)
Linked: (/home/kw-cobot/catkin_ws/devel/.private/morai_msgs/share/common-lisp/ros/morai_msgs/msg/GuideData.lisp, /home/kw-cobot/catkin_ws/devel/share/common-lisp/ros/morai_msgs/msg/GuideData.lisp)
Linked: (/home/kw-cobot/catkin_ws/devel/.private/morai_msgs/share/common-lisp/ros/morai_msgs/msg/EgoVehiclePosition.lisp, /home/kw-cobot/catkin_ws/devel/share/common-lisp/ros/morai_msgs/msg/EgoVehiclePosition.lisp)
Linked: (/home/kw-cobot/catkin_ws/devel/.private/morai_msgs/share/common-lisp/ros/morai_msgs/msg/_package_RadarTracks.lisp, /home/kw-cobot/catkin_ws/devel/share/common-lisp/ros/morai_msgs/msg/_package_RadarTracks.lisp)
Linked: (/home/kw-cobot/catkin_ws/devel/.private/morai_msgs/share/common-lisp/ros/morai_msgs/msg/RadarTrack.lisp, /home/kw-cobot/catkin_ws/devel/share/common-lisp/ros/morai_msgs/msg/RadarTrack.lisp)
Linked: (/home/kw-cobot/catkin_ws/devel/.private/morai_msgs/share/common-lisp/ros/morai_msgs/msg/_package_MoraiSrvResponse.lisp, /home/kw-cobot/catkin_ws/devel/share/common-lisp/ros/morai_msgs/msg/_package_MoraiSrvResponse.lisp)
Linked: (/home/kw-cobot/catkin_ws/devel/.private/morai_msgs/share/common-lisp/ros/morai_msgs/msg/_package_SaveSensorData.lisp, /home/kw-cobot/catkin_ws/devel/share/common-lisp/ros/morai_msgs/msg/_package_SaveSensorData.lisp)
Linked: (/home/kw-cobot/catkin_ws/devel/.private/morai_msgs/share/common-lisp/ros/morai_msgs/msg/_package_MgeoNode.lisp, /home/kw-cobot/catkin_ws/devel/share/common-lisp/ros/morai_msgs/msg/_package_MgeoNode.lisp)
Linked: (/home/kw-cobot/catkin_ws/devel/.private/morai_msgs/share/common-lisp/ros/morai_msgs/msg/_package_MoraiSimProcHandle.lisp, /home/kw-cobot/catkin_ws/devel/share/common-lisp/ros/morai_msgs/msg/_package_MoraiSimProcHandle.lisp)
Linked: (/home/kw-cobot/catkin_ws/devel/.private/morai_msgs/share/common-lisp/ros/morai_msgs/msg/VelPlot.lisp, /home/kw-cobot/catkin_ws/devel/share/common-lisp/ros/morai_msgs/msg/VelPlot.lisp)
Linked: (/home/kw-cobot/catkin_ws/devel/.private/morai_msgs/share/common-lisp/ros/morai_msgs/msg/EgoVehicleVelocity.lisp, /home/kw-cobot/catkin_ws/devel/share/common-lisp/ros/morai_msgs/msg/EgoVehicleVelocity.lisp)
Linked: (/home/kw-cobot/catkin_ws/devel/.private/morai_msgs/share/common-lisp/ros/morai_msgs/msg/FactoryAddress.lisp, /home/kw-cobot/catkin_ws/devel/share/common-lisp/ros/morai_msgs/msg/FactoryAddress.lisp)
Linked: (/home/kw-cobot/catkin_ws/devel/.private/morai_msgs/share/common-lisp/ros/morai_msgs/msg/_package_SetTrafficLight.lisp, /home/kw-cobot/catkin_ws/devel/share/common-lisp/ros/morai_msgs/msg/_package_SetTrafficLight.lisp)
Linked: (/home/kw-cobot/catkin_ws/devel/.private/morai_msgs/share/common-lisp/ros/morai_msgs/msg/_package_MoraiTLInfo.lisp, /home/kw-cobot/catkin_ws/devel/share/common-lisp/ros/morai_msgs/msg/_package_MoraiTLInfo.lisp)
Linked: (/home/kw-cobot/catkin_ws/devel/.private/morai_msgs/share/common-lisp/ros/morai_msgs/msg/_package_VehicleSpec.lisp, /home/kw-cobot/catkin_ws/devel/share/common-lisp/ros/morai_msgs/msg/_package_VehicleSpec.lisp)
Linked: (/home/kw-cobot/catkin_ws/devel/.private/morai_msgs/share/common-lisp/ros/morai_msgs/msg/_package.lisp, /home/kw-cobot/catkin_ws/devel/share/common-lisp/ros/morai_msgs/msg/_package.lisp)
Linked: (/home/kw-cobot/catkin_ws/devel/.private/morai_msgs/share/common-lisp/ros/morai_msgs/msg/_package_EgoVehicleStatus.lisp, /home/kw-cobot/catkin_ws/devel/share/common-lisp/ros/morai_msgs/msg/_package_EgoVehicleStatus.lisp)
Linked: (/home/kw-cobot/catkin_ws/devel/.private/morai_msgs/share/common-lisp/ros/morai_msgs/msg/_package_ScenarioLoad.lisp, /home/kw-cobot/catkin_ws/devel/share/common-lisp/ros/morai_msgs/msg/_package_ScenarioLoad.lisp)
Linked: (/home/kw-cobot/catkin_ws/devel/.private/morai_msgs/share/common-lisp/ros/morai_msgs/msg/_package_IntersectionControl.lisp, /home/kw-cobot/catkin_ws/devel/share/common-lisp/ros/morai_msgs/msg/_package_IntersectionControl.lisp)
Linked: (/home/kw-cobot/catkin_ws/devel/.private/morai_msgs/share/common-lisp/ros/morai_msgs/msg/_package_GPSMessage.lisp, /home/kw-cobot/catkin_ws/devel/share/common-lisp/ros/morai_msgs/msg/_package_GPSMessage.lisp)
Linked: (/home/kw-cobot/catkin_ws/devel/.private/morai_msgs/share/common-lisp/ros/morai_msgs/msg/VehicleSpecIndex.lisp, /home/kw-cobot/catkin_ws/devel/share/common-lisp/ros/morai_msgs/msg/VehicleSpecIndex.lisp)
Linked: (/home/kw-cobot/catkin_ws/devel/.private/morai_msgs/share/common-lisp/ros/morai_msgs/msg/_package_TrafficLight.lisp, /home/kw-cobot/catkin_ws/devel/share/common-lisp/ros/morai_msgs/msg/_package_TrafficLight.lisp)
Linked: (/home/kw-cobot/catkin_ws/devel/.private/morai_msgs/share/common-lisp/ros/morai_msgs/msg/morai_msgs-msg.asd, /home/kw-cobot/catkin_ws/devel/share/common-lisp/ros/morai_msgs/msg/morai_msgs-msg.asd)
Linked: (/home/kw-cobot/catkin_ws/devel/.private/morai_msgs/share/common-lisp/ros/morai_msgs/msg/_package_EventInfo.lisp, /home/kw-cobot/catkin_ws/devel/share/common-lisp/ros/morai_msgs/msg/_package_EventInfo.lisp)
Linked: (/home/kw-cobot/catkin_ws/devel/.private/morai_msgs/share/common-lisp/ros/morai_msgs/msg/MgeoNodeList.lisp, /home/kw-cobot/catkin_ws/devel/share/common-lisp/ros/morai_msgs/msg/MgeoNodeList.lisp)
Linked: (/home/kw-cobot/catkin_ws/devel/.private/morai_msgs/share/common-lisp/ros/morai_msgs/msg/GetTrafficLightStatus.lisp, /home/kw-cobot/catkin_ws/devel/share/common-lisp/ros/morai_msgs/msg/GetTrafficLightStatus.lisp)
Linked: (/home/kw-cobot/catkin_ws/devel/.private/morai_msgs/share/common-lisp/ros/morai_msgs/msg/_package_MgeoLink.lisp, /home/kw-cobot/catkin_ws/devel/share/common-lisp/ros/morai_msgs/msg/_package_MgeoLink.lisp)
Linked: (/home/kw-cobot/catkin_ws/devel/.private/morai_msgs/share/common-lisp/ros/morai_msgs/msg/SVehicleStatus.lisp, /home/kw-cobot/catkin_ws/devel/share/common-lisp/ros/morai_msgs/msg/SVehicleStatus.lisp)
Linked: (/home/kw-cobot/catkin_ws/devel/.private/morai_msgs/share/common-lisp/ros/morai_msgs/msg/IntersectionControl.lisp, /home/kw-cobot/catkin_ws/devel/share/common-lisp/ros/morai_msgs/msg/IntersectionControl.lisp)
Linked: (/home/kw-cobot/catkin_ws/devel/.private/morai_msgs/share/common-lisp/ros/morai_msgs/msg/_package_CtrlCmd.lisp, /home/kw-cobot/catkin_ws/devel/share/common-lisp/ros/morai_msgs/msg/_package_CtrlCmd.lisp)
Linked: (/home/kw-cobot/catkin_ws/devel/.private/morai_msgs/share/common-lisp/ros/morai_msgs/msg/SetTrafficLight.lisp, /home/kw-cobot/catkin_ws/devel/share/common-lisp/ros/morai_msgs/msg/SetTrafficLight.lisp)
Linked: (/home/kw-cobot/catkin_ws/devel/.private/morai_msgs/share/common-lisp/ros/morai_msgs/msg/MultiEgoSetting.lisp, /home/kw-cobot/catkin_ws/devel/share/common-lisp/ros/morai_msgs/msg/MultiEgoSetting.lisp)
Linked: (/home/kw-cobot/catkin_ws/devel/.private/morai_msgs/share/common-lisp/ros/morai_msgs/msg/_package_VelPlot.lisp, /home/kw-cobot/catkin_ws/devel/share/common-lisp/ros/morai_msgs/msg/_package_VelPlot.lisp)
Linked: (/home/kw-cobot/catkin_ws/devel/.private/morai_msgs/share/common-lisp/ros/morai_msgs/msg/_package_IntersectionStatus.lisp, /home/kw-cobot/catkin_ws/devel/share/common-lisp/ros/morai_msgs/msg/_package_IntersectionStatus.lisp)
Linked: (/home/kw-cobot/catkin_ws/devel/.private/morai_msgs/share/common-lisp/ros/morai_msgs/msg/EventInfo.lisp, /home/kw-cobot/catkin_ws/devel/share/common-lisp/ros/morai_msgs/msg/EventInfo.lisp)
Linked: (/home/kw-cobot/catkin_ws/devel/.private/morai_msgs/share/common-lisp/ros/morai_msgs/msg/MgeoLinkList.lisp, /home/kw-cobot/catkin_ws/devel/share/common-lisp/ros/morai_msgs/msg/MgeoLinkList.lisp)
Linked: (/home/kw-cobot/catkin_ws/devel/.private/morai_msgs/share/common-lisp/ros/morai_msgs/msg/VehicleSpec.lisp, /home/kw-cobot/catkin_ws/devel/share/common-lisp/ros/morai_msgs/msg/VehicleSpec.lisp)
Linked: (/home/kw-cobot/catkin_ws/devel/.private/morai_msgs/share/common-lisp/ros/morai_msgs/msg/_package_ObjectStatusList.lisp, /home/kw-cobot/catkin_ws/devel/share/common-lisp/ros/morai_msgs/msg/_package_ObjectStatusList.lisp)
Linked: (/home/kw-cobot/catkin_ws/devel/.private/morai_msgs/share/common-lisp/ros/morai_msgs/msg/_package_GetTrafficLightStatus.lisp, /home/kw-cobot/catkin_ws/devel/share/common-lisp/ros/morai_msgs/msg/_package_GetTrafficLightStatus.lisp)
Linked: (/home/kw-cobot/catkin_ws/devel/.private/morai_msgs/share/common-lisp/ros/morai_msgs/msg/_package_VehicleCommand.lisp, /home/kw-cobot/catkin_ws/devel/share/common-lisp/ros/morai_msgs/msg/_package_VehicleCommand.lisp)
Linked: (/home/kw-cobot/catkin_ws/devel/.private/morai_msgs/share/common-lisp/ros/morai_msgs/msg/CollisionData.lisp, /home/kw-cobot/catkin_ws/devel/share/common-lisp/ros/morai_msgs/msg/CollisionData.lisp)
Linked: (/home/kw-cobot/catkin_ws/devel/.private/morai_msgs/share/common-lisp/ros/morai_msgs/msg/_package_MoraiSimProcStatus.lisp, /home/kw-cobot/catkin_ws/devel/share/common-lisp/ros/morai_msgs/msg/_package_MoraiSimProcStatus.lisp)
Linked: (/home/kw-cobot/catkin_ws/devel/.private/morai_msgs/share/common-lisp/ros/morai_msgs/msg/TrafficLight.lisp, /home/kw-cobot/catkin_ws/devel/share/common-lisp/ros/morai_msgs/msg/TrafficLight.lisp)
Linked: (/home/kw-cobot/catkin_ws/devel/.private/morai_msgs/share/common-lisp/ros/morai_msgs/msg/MoraiSimProcStatus.lisp, /home/kw-cobot/catkin_ws/devel/share/common-lisp/ros/morai_msgs/msg/MoraiSimProcStatus.lisp)
Linked: (/home/kw-cobot/catkin_ws/devel/.private/morai_msgs/share/common-lisp/ros/morai_msgs/msg/ObjectInfo.lisp, /home/kw-cobot/catkin_ws/devel/share/common-lisp/ros/morai_msgs/msg/ObjectInfo.lisp)
Linked: (/home/kw-cobot/catkin_ws/devel/.private/morai_msgs/share/common-lisp/ros/morai_msgs/msg/IntscnTL.lisp, /home/kw-cobot/catkin_ws/devel/share/common-lisp/ros/morai_msgs/msg/IntscnTL.lisp)
Linked: (/home/kw-cobot/catkin_ws/devel/.private/morai_msgs/share/common-lisp/ros/morai_msgs/msg/_package_SensorPosControl.lisp, /home/kw-cobot/catkin_ws/devel/share/common-lisp/ros/morai_msgs/msg/_package_SensorPosControl.lisp)
Linked: (/home/kw-cobot/catkin_ws/devel/.private/morai_msgs/share/common-lisp/ros/morai_msgs/msg/ScenarioLoad.lisp, /home/kw-cobot/catkin_ws/devel/share/common-lisp/ros/morai_msgs/msg/ScenarioLoad.lisp)
Linked: (/home/kw-cobot/catkin_ws/devel/.private/morai_msgs/share/common-lisp/ros/morai_msgs/msg/Mgeo.lisp, /home/kw-cobot/catkin_ws/devel/share/common-lisp/ros/morai_msgs/msg/Mgeo.lisp)
Linked: (/home/kw-cobot/catkin_ws/devel/.private/morai_msgs/share/common-lisp/ros/morai_msgs/msg/ERP42Info.lisp, /home/kw-cobot/catkin_ws/devel/share/common-lisp/ros/morai_msgs/msg/ERP42Info.lisp)
Linked: (/home/kw-cobot/catkin_ws/devel/.private/morai_msgs/share/common-lisp/ros/morai_msgs/msg/GenericVehicleControl.lisp, /home/kw-cobot/catkin_ws/devel/share/common-lisp/ros/morai_msgs/msg/GenericVehicleControl.lisp)
Linked: (/home/kw-cobot/catkin_ws/devel/.private/morai_msgs/share/common-lisp/ros/morai_msgs/msg/VehicleCommand.lisp, /home/kw-cobot/catkin_ws/devel/share/common-lisp/ros/morai_msgs/msg/VehicleCommand.lisp)
Linked: (/home/kw-cobot/catkin_ws/devel/.private/morai_msgs/share/common-lisp/ros/morai_msgs/msg/SensorPosControl.lisp, /home/kw-cobot/catkin_ws/devel/share/common-lisp/ros/morai_msgs/msg/SensorPosControl.lisp)
Linked: (/home/kw-cobot/catkin_ws/devel/.private/morai_msgs/share/common-lisp/ros/morai_msgs/msg/Lamps.lisp, /home/kw-cobot/catkin_ws/devel/share/common-lisp/ros/morai_msgs/msg/Lamps.lisp)
Linked: (/home/kw-cobot/catkin_ws/devel/.private/morai_msgs/share/common-lisp/ros/morai_msgs/srv/MoraiVehicleSpecSrv.lisp, /home/kw-cobot/catkin_ws/devel/share/common-lisp/ros/morai_msgs/srv/MoraiVehicleSpecSrv.lisp)
Linked: (/home/kw-cobot/catkin_ws/devel/.private/morai_msgs/share/common-lisp/ros/morai_msgs/srv/_package_MoraiVehicleSpecSrv.lisp, /home/kw-cobot/catkin_ws/devel/share/common-lisp/ros/morai_msgs/srv/_package_MoraiVehicleSpecSrv.lisp)
Linked: (/home/kw-cobot/catkin_ws/devel/.private/morai_msgs/share/common-lisp/ros/morai_msgs/srv/morai_msgs-srv.asd, /home/kw-cobot/catkin_ws/devel/share/common-lisp/ros/morai_msgs/srv/morai_msgs-srv.asd)
Linked: (/home/kw-cobot/catkin_ws/devel/.private/morai_msgs/share/common-lisp/ros/morai_msgs/srv/MoraiSimProcSrv.lisp, /home/kw-cobot/catkin_ws/devel/share/common-lisp/ros/morai_msgs/srv/MoraiSimProcSrv.lisp)
Linked: (/home/kw-cobot/catkin_ws/devel/.private/morai_msgs/share/common-lisp/ros/morai_msgs/srv/_package_MoraiEventCmdSrv.lisp, /home/kw-cobot/catkin_ws/devel/share/common-lisp/ros/morai_msgs/srv/_package_MoraiEventCmdSrv.lisp)
Linked: (/home/kw-cobot/catkin_ws/devel/.private/morai_msgs/share/common-lisp/ros/morai_msgs/srv/MoraiEventCmdSrv.lisp, /home/kw-cobot/catkin_ws/devel/share/common-lisp/ros/morai_msgs/srv/MoraiEventCmdSrv.lisp)
Linked: (/home/kw-cobot/catkin_ws/devel/.private/morai_msgs/share/common-lisp/ros/morai_msgs/srv/MoraiTLInfoSrv.lisp, /home/kw-cobot/catkin_ws/devel/share/common-lisp/ros/morai_msgs/srv/MoraiTLInfoSrv.lisp)
Linked: (/home/kw-cobot/catkin_ws/devel/.private/morai_msgs/share/common-lisp/ros/morai_msgs/srv/_package.lisp, /home/kw-cobot/catkin_ws/devel/share/common-lisp/ros/morai_msgs/srv/_package.lisp)
Linked: (/home/kw-cobot/catkin_ws/devel/.private/morai_msgs/share/common-lisp/ros/morai_msgs/srv/_package_MoraiTLInfoSrv.lisp, /home/kw-cobot/catkin_ws/devel/share/common-lisp/ros/morai_msgs/srv/_package_MoraiTLInfoSrv.lisp)
Linked: (/home/kw-cobot/catkin_ws/devel/.private/morai_msgs/share/common-lisp/ros/morai_msgs/srv/_package_MoraiSimProcSrv.lisp, /home/kw-cobot/catkin_ws/devel/share/common-lisp/ros/morai_msgs/srv/_package_MoraiSimProcSrv.lisp)
Linked: (/home/kw-cobot/catkin_ws/devel/.private/morai_msgs/share/common-lisp/ros/morai_msgs/srv/MoraiScenarioLoadSrv.lisp, /home/kw-cobot/catkin_ws/devel/share/common-lisp/ros/morai_msgs/srv/MoraiScenarioLoadSrv.lisp)
Linked: (/home/kw-cobot/catkin_ws/devel/.private/morai_msgs/share/common-lisp/ros/morai_msgs/srv/_package_MoraiScenarioLoadSrv.lisp, /home/kw-cobot/catkin_ws/devel/share/common-lisp/ros/morai_msgs/srv/_package_MoraiScenarioLoadSrv.lisp)
Linked: (/home/kw-cobot/catkin_ws/devel/.private/morai_msgs/share/morai_msgs/cmake/morai_msgs-msg-extras.cmake, /home/kw-cobot/catkin_ws/devel/share/morai_msgs/cmake/morai_msgs-msg-extras.cmake)
Linked: (/home/kw-cobot/catkin_ws/devel/.private/morai_msgs/share/morai_msgs/cmake/morai_msgsConfig.cmake, /home/kw-cobot/catkin_ws/devel/share/morai_msgs/cmake/morai_msgsConfig.cmake)
Linked: (/home/kw-cobot/catkin_ws/devel/.private/morai_msgs/share/morai_msgs/cmake/morai_msgsConfig-version.cmake, /home/kw-cobot/catkin_ws/devel/share/morai_msgs/cmake/morai_msgsConfig-version.cmake)
Linked: (/home/kw-cobot/catkin_ws/devel/.private/morai_msgs/share/morai_msgs/cmake/morai_msgs-msg-paths.cmake, /home/kw-cobot/catkin_ws/devel/share/morai_msgs/cmake/morai_msgs-msg-paths.cmake)
Linked: (/home/kw-cobot/catkin_ws/devel/.private/morai_msgs/share/gennodejs/ros/morai_msgs/_index.js, /home/kw-cobot/catkin_ws/devel/share/gennodejs/ros/morai_msgs/_index.js)
Linked: (/home/kw-cobot/catkin_ws/devel/.private/morai_msgs/share/gennodejs/ros/morai_msgs/msg/MgeoLinkList.js, /home/kw-cobot/catkin_ws/devel/share/gennodejs/ros/morai_msgs/msg/MgeoLinkList.js)
Linked: (/home/kw-cobot/catkin_ws/devel/.private/morai_msgs/share/gennodejs/ros/morai_msgs/msg/EgoVehicleStatus.js, /home/kw-cobot/catkin_ws/devel/share/gennodejs/ros/morai_msgs/msg/EgoVehicleStatus.js)
Linked: (/home/kw-cobot/catkin_ws/devel/.private/morai_msgs/share/gennodejs/ros/morai_msgs/msg/ObjectInfo.js, /home/kw-cobot/catkin_ws/devel/share/gennodejs/ros/morai_msgs/msg/ObjectInfo.js)
Linked: (/home/kw-cobot/catkin_ws/devel/.private/morai_msgs/share/gennodejs/ros/morai_msgs/msg/MgeoNode.js, /home/kw-cobot/catkin_ws/devel/share/gennodejs/ros/morai_msgs/msg/MgeoNode.js)
Linked: (/home/kw-cobot/catkin_ws/devel/.private/morai_msgs/share/gennodejs/ros/morai_msgs/msg/MoraiSimProcStatus.js, /home/kw-cobot/catkin_ws/devel/share/gennodejs/ros/morai_msgs/msg/MoraiSimProcStatus.js)
Linked: (/home/kw-cobot/catkin_ws/devel/.private/morai_msgs/share/gennodejs/ros/morai_msgs/msg/IntersectionStatus.js, /home/kw-cobot/catkin_ws/devel/share/gennodejs/ros/morai_msgs/msg/IntersectionStatus.js)
Linked: (/home/kw-cobot/catkin_ws/devel/.private/morai_msgs/share/gennodejs/ros/morai_msgs/msg/SVehicleStatus.js, /home/kw-cobot/catkin_ws/devel/share/gennodejs/ros/morai_msgs/msg/SVehicleStatus.js)
Linked: (/home/kw-cobot/catkin_ws/devel/.private/morai_msgs/share/gennodejs/ros/morai_msgs/msg/VehicleSpec.js, /home/kw-cobot/catkin_ws/devel/share/gennodejs/ros/morai_msgs/msg/VehicleSpec.js)
Linked: (/home/kw-cobot/catkin_ws/devel/.private/morai_msgs/share/gennodejs/ros/morai_msgs/msg/MultiEgoSetting.js, /home/kw-cobot/catkin_ws/devel/share/gennodejs/ros/morai_msgs/msg/MultiEgoSetting.js)
Linked: (/home/kw-cobot/catkin_ws/devel/.private/morai_msgs/share/gennodejs/ros/morai_msgs/msg/GenericVehicleControl.js, /home/kw-cobot/catkin_ws/devel/share/gennodejs/ros/morai_msgs/msg/GenericVehicleControl.js)
Linked: (/home/kw-cobot/catkin_ws/devel/.private/morai_msgs/share/gennodejs/ros/morai_msgs/msg/GetTrafficLightStatus.js, /home/kw-cobot/catkin_ws/devel/share/gennodejs/ros/morai_msgs/msg/GetTrafficLightStatus.js)
Linked: (/home/kw-cobot/catkin_ws/devel/.private/morai_msgs/share/gennodejs/ros/morai_msgs/msg/IntersectionControl.js, /home/kw-cobot/catkin_ws/devel/share/gennodejs/ros/morai_msgs/msg/IntersectionControl.js)
Linked: (/home/kw-cobot/catkin_ws/devel/.private/morai_msgs/share/gennodejs/ros/morai_msgs/msg/GhostMessage.js, /home/kw-cobot/catkin_ws/devel/share/gennodejs/ros/morai_msgs/msg/GhostMessage.js)
Linked: (/home/kw-cobot/catkin_ws/devel/.private/morai_msgs/share/gennodejs/ros/morai_msgs/msg/RadarTrack.js, /home/kw-cobot/catkin_ws/devel/share/gennodejs/ros/morai_msgs/msg/RadarTrack.js)
Linked: (/home/kw-cobot/catkin_ws/devel/.private/morai_msgs/share/gennodejs/ros/morai_msgs/msg/EgoVehicleVelocity.js, /home/kw-cobot/catkin_ws/devel/share/gennodejs/ros/morai_msgs/msg/EgoVehicleVelocity.js)
Linked: (/home/kw-cobot/catkin_ws/devel/.private/morai_msgs/share/gennodejs/ros/morai_msgs/msg/GPSMessage.js, /home/kw-cobot/catkin_ws/devel/share/gennodejs/ros/morai_msgs/msg/GPSMessage.js)
Linked: (/home/kw-cobot/catkin_ws/devel/.private/morai_msgs/share/gennodejs/ros/morai_msgs/msg/TrafficLight.js, /home/kw-cobot/catkin_ws/devel/share/gennodejs/ros/morai_msgs/msg/TrafficLight.js)
Linked: (/home/kw-cobot/catkin_ws/devel/.private/morai_msgs/share/gennodejs/ros/morai_msgs/msg/GuideData.js, /home/kw-cobot/catkin_ws/devel/share/gennodejs/ros/morai_msgs/msg/GuideData.js)
Linked: (/home/kw-cobot/catkin_ws/devel/.private/morai_msgs/share/gennodejs/ros/morai_msgs/msg/CtrlCmd.js, /home/kw-cobot/catkin_ws/devel/share/gennodejs/ros/morai_msgs/msg/CtrlCmd.js)
Linked: (/home/kw-cobot/catkin_ws/devel/.private/morai_msgs/share/gennodejs/ros/morai_msgs/msg/VehicleCommand.js, /home/kw-cobot/catkin_ws/devel/share/gennodejs/ros/morai_msgs/msg/VehicleCommand.js)
Linked: (/home/kw-cobot/catkin_ws/devel/.private/morai_msgs/share/gennodejs/ros/morai_msgs/msg/MgeoNodeList.js, /home/kw-cobot/catkin_ws/devel/share/gennodejs/ros/morai_msgs/msg/MgeoNodeList.js)
Linked: (/home/kw-cobot/catkin_ws/devel/.private/morai_msgs/share/gennodejs/ros/morai_msgs/msg/MoraiTLInfo.js, /home/kw-cobot/catkin_ws/devel/share/gennodejs/ros/morai_msgs/msg/MoraiTLInfo.js)
Linked: (/home/kw-cobot/catkin_ws/devel/.private/morai_msgs/share/gennodejs/ros/morai_msgs/msg/EventInfo.js, /home/kw-cobot/catkin_ws/devel/share/gennodejs/ros/morai_msgs/msg/EventInfo.js)
Linked: (/home/kw-cobot/catkin_ws/devel/.private/morai_msgs/share/gennodejs/ros/morai_msgs/msg/_index.js, /home/kw-cobot/catkin_ws/devel/share/gennodejs/ros/morai_msgs/msg/_index.js)
Linked: (/home/kw-cobot/catkin_ws/devel/.private/morai_msgs/share/gennodejs/ros/morai_msgs/msg/CollisionData.js, /home/kw-cobot/catkin_ws/devel/share/gennodejs/ros/morai_msgs/msg/CollisionData.js)
Linked: (/home/kw-cobot/catkin_ws/devel/.private/morai_msgs/share/gennodejs/ros/morai_msgs/msg/MoraiSimProcHandle.js, /home/kw-cobot/catkin_ws/devel/share/gennodejs/ros/morai_msgs/msg/MoraiSimProcHandle.js)
Linked: (/home/kw-cobot/catkin_ws/devel/.private/morai_msgs/share/gennodejs/ros/morai_msgs/msg/ScenarioLoad.js, /home/kw-cobot/catkin_ws/devel/share/gennodejs/ros/morai_msgs/msg/ScenarioLoad.js)
Linked: (/home/kw-cobot/catkin_ws/devel/.private/morai_msgs/share/gennodejs/ros/morai_msgs/msg/SensorPosControl.js, /home/kw-cobot/catkin_ws/devel/share/gennodejs/ros/morai_msgs/msg/SensorPosControl.js)
Linked: (/home/kw-cobot/catkin_ws/devel/.private/morai_msgs/share/gennodejs/ros/morai_msgs/msg/ReplayInfo.js, /home/kw-cobot/catkin_ws/devel/share/gennodejs/ros/morai_msgs/msg/ReplayInfo.js)
Linked: (/home/kw-cobot/catkin_ws/devel/.private/morai_msgs/share/gennodejs/ros/morai_msgs/msg/Mgeo.js, /home/kw-cobot/catkin_ws/devel/share/gennodejs/ros/morai_msgs/msg/Mgeo.js)
Linked: (/home/kw-cobot/catkin_ws/devel/.private/morai_msgs/share/gennodejs/ros/morai_msgs/msg/EgoVehiclePosition.js, /home/kw-cobot/catkin_ws/devel/share/gennodejs/ros/morai_msgs/msg/EgoVehiclePosition.js)
Linked: (/home/kw-cobot/catkin_ws/devel/.private/morai_msgs/share/gennodejs/ros/morai_msgs/msg/SaveSensorData.js, /home/kw-cobot/catkin_ws/devel/share/gennodejs/ros/morai_msgs/msg/SaveSensorData.js)
Linked: (/home/kw-cobot/catkin_ws/devel/.private/morai_msgs/share/gennodejs/ros/morai_msgs/msg/MoraiTimestamp.js, /home/kw-cobot/catkin_ws/devel/share/gennodejs/ros/morai_msgs/msg/MoraiTimestamp.js)
Linked: (/home/kw-cobot/catkin_ws/devel/.private/morai_msgs/share/gennodejs/ros/morai_msgs/msg/ObjectStatus.js, /home/kw-cobot/catkin_ws/devel/share/gennodejs/ros/morai_msgs/msg/ObjectStatus.js)
Linked: (/home/kw-cobot/catkin_ws/devel/.private/morai_msgs/share/gennodejs/ros/morai_msgs/msg/ObjectStatusList.js, /home/kw-cobot/catkin_ws/devel/share/gennodejs/ros/morai_msgs/msg/ObjectStatusList.js)
Linked: (/home/kw-cobot/catkin_ws/devel/.private/morai_msgs/share/gennodejs/ros/morai_msgs/msg/RadarTracks.js, /home/kw-cobot/catkin_ws/devel/share/gennodejs/ros/morai_msgs/msg/RadarTracks.js)
Linked: (/home/kw-cobot/catkin_ws/devel/.private/morai_msgs/share/gennodejs/ros/morai_msgs/msg/ERP42Info.js, /home/kw-cobot/catkin_ws/devel/share/gennodejs/ros/morai_msgs/msg/ERP42Info.js)
Linked: (/home/kw-cobot/catkin_ws/devel/.private/morai_msgs/share/gennodejs/ros/morai_msgs/msg/MoraiTLIndex.js, /home/kw-cobot/catkin_ws/devel/share/gennodejs/ros/morai_msgs/msg/MoraiTLIndex.js)
Linked: (/home/kw-cobot/catkin_ws/devel/.private/morai_msgs/share/gennodejs/ros/morai_msgs/msg/SetTrafficLight.js, /home/kw-cobot/catkin_ws/devel/share/gennodejs/ros/morai_msgs/msg/SetTrafficLight.js)
Linked: (/home/kw-cobot/catkin_ws/devel/.private/morai_msgs/share/gennodejs/ros/morai_msgs/msg/FactoryAddress.js, /home/kw-cobot/catkin_ws/devel/share/gennodejs/ros/morai_msgs/msg/FactoryAddress.js)
Linked: (/home/kw-cobot/catkin_ws/devel/.private/morai_msgs/share/gennodejs/ros/morai_msgs/msg/Lamps.js, /home/kw-cobot/catkin_ws/devel/share/gennodejs/ros/morai_msgs/msg/Lamps.js)
Linked: (/home/kw-cobot/catkin_ws/devel/.private/morai_msgs/share/gennodejs/ros/morai_msgs/msg/MoraiSrvResponse.js, /home/kw-cobot/catkin_ws/devel/share/gennodejs/ros/morai_msgs/msg/MoraiSrvResponse.js)
Linked: (/home/kw-cobot/catkin_ws/devel/.private/morai_msgs/share/gennodejs/ros/morai_msgs/msg/MgeoLink.js, /home/kw-cobot/catkin_ws/devel/share/gennodejs/ros/morai_msgs/msg/MgeoLink.js)
Linked: (/home/kw-cobot/catkin_ws/devel/.private/morai_msgs/share/gennodejs/ros/morai_msgs/msg/VehicleSpecIndex.js, /home/kw-cobot/catkin_ws/devel/share/gennodejs/ros/morai_msgs/msg/VehicleSpecIndex.js)
Linked: (/home/kw-cobot/catkin_ws/devel/.private/morai_msgs/share/gennodejs/ros/morai_msgs/msg/VelPlot.js, /home/kw-cobot/catkin_ws/devel/share/gennodejs/ros/morai_msgs/msg/VelPlot.js)
Linked: (/home/kw-cobot/catkin_ws/devel/.private/morai_msgs/share/gennodejs/ros/morai_msgs/msg/IntscnTL.js, /home/kw-cobot/catkin_ws/devel/share/gennodejs/ros/morai_msgs/msg/IntscnTL.js)
Linked: (/home/kw-cobot/catkin_ws/devel/.private/morai_msgs/share/gennodejs/ros/morai_msgs/srv/MoraiTLInfoSrv.js, /home/kw-cobot/catkin_ws/devel/share/gennodejs/ros/morai_msgs/srv/MoraiTLInfoSrv.js)
Linked: (/home/kw-cobot/catkin_ws/devel/.private/morai_msgs/share/gennodejs/ros/morai_msgs/srv/MoraiEventCmdSrv.js, /home/kw-cobot/catkin_ws/devel/share/gennodejs/ros/morai_msgs/srv/MoraiEventCmdSrv.js)
Linked: (/home/kw-cobot/catkin_ws/devel/.private/morai_msgs/share/gennodejs/ros/morai_msgs/srv/_index.js, /home/kw-cobot/catkin_ws/devel/share/gennodejs/ros/morai_msgs/srv/_index.js)
Linked: (/home/kw-cobot/catkin_ws/devel/.private/morai_msgs/share/gennodejs/ros/morai_msgs/srv/MoraiVehicleSpecSrv.js, /home/kw-cobot/catkin_ws/devel/share/gennodejs/ros/morai_msgs/srv/MoraiVehicleSpecSrv.js)
Linked: (/home/kw-cobot/catkin_ws/devel/.private/morai_msgs/share/gennodejs/ros/morai_msgs/srv/MoraiSimProcSrv.js, /home/kw-cobot/catkin_ws/devel/share/gennodejs/ros/morai_msgs/srv/MoraiSimProcSrv.js)
Linked: (/home/kw-cobot/catkin_ws/devel/.private/morai_msgs/share/gennodejs/ros/morai_msgs/srv/MoraiScenarioLoadSrv.js, /home/kw-cobot/catkin_ws/devel/share/gennodejs/ros/morai_msgs/srv/MoraiScenarioLoadSrv.js)
Linked: (/home/kw-cobot/catkin_ws/devel/.private/morai_msgs/lib/python2.7/dist-packages/morai_msgs/__init__.py, /home/kw-cobot/catkin_ws/devel/lib/python2.7/dist-packages/morai_msgs/__init__.py)
Linked: (/home/kw-cobot/catkin_ws/devel/.private/morai_msgs/lib/python2.7/dist-packages/morai_msgs/msg/_EgoVehiclePosition.py, /home/kw-cobot/catkin_ws/devel/lib/python2.7/dist-packages/morai_msgs/msg/_EgoVehiclePosition.py)
Linked: (/home/kw-cobot/catkin_ws/devel/.private/morai_msgs/lib/python2.7/dist-packages/morai_msgs/msg/_IntersectionStatus.py, /home/kw-cobot/catkin_ws/devel/lib/python2.7/dist-packages/morai_msgs/msg/_IntersectionStatus.py)
Linked: (/home/kw-cobot/catkin_ws/devel/.private/morai_msgs/lib/python2.7/dist-packages/morai_msgs/msg/_MgeoNode.py, /home/kw-cobot/catkin_ws/devel/lib/python2.7/dist-packages/morai_msgs/msg/_MgeoNode.py)
Linked: (/home/kw-cobot/catkin_ws/devel/.private/morai_msgs/lib/python2.7/dist-packages/morai_msgs/msg/_EgoVehicleStatus.py, /home/kw-cobot/catkin_ws/devel/lib/python2.7/dist-packages/morai_msgs/msg/_EgoVehicleStatus.py)
Linked: (/home/kw-cobot/catkin_ws/devel/.private/morai_msgs/lib/python2.7/dist-packages/morai_msgs/msg/_MoraiTimestamp.py, /home/kw-cobot/catkin_ws/devel/lib/python2.7/dist-packages/morai_msgs/msg/_MoraiTimestamp.py)
Linked: (/home/kw-cobot/catkin_ws/devel/.private/morai_msgs/lib/python2.7/dist-packages/morai_msgs/msg/_MgeoNodeList.py, /home/kw-cobot/catkin_ws/devel/lib/python2.7/dist-packages/morai_msgs/msg/_MgeoNodeList.py)
Linked: (/home/kw-cobot/catkin_ws/devel/.private/morai_msgs/lib/python2.7/dist-packages/morai_msgs/msg/_EventInfo.py, /home/kw-cobot/catkin_ws/devel/lib/python2.7/dist-packages/morai_msgs/msg/_EventInfo.py)
Linked: (/home/kw-cobot/catkin_ws/devel/.private/morai_msgs/lib/python2.7/dist-packages/morai_msgs/msg/_MgeoLink.py, /home/kw-cobot/catkin_ws/devel/lib/python2.7/dist-packages/morai_msgs/msg/_MgeoLink.py)
Linked: (/home/kw-cobot/catkin_ws/devel/.private/morai_msgs/lib/python2.7/dist-packages/morai_msgs/msg/_VelPlot.py, /home/kw-cobot/catkin_ws/devel/lib/python2.7/dist-packages/morai_msgs/msg/_VelPlot.py)
Linked: (/home/kw-cobot/catkin_ws/devel/.private/morai_msgs/lib/python2.7/dist-packages/morai_msgs/msg/_RadarTracks.py, /home/kw-cobot/catkin_ws/devel/lib/python2.7/dist-packages/morai_msgs/msg/_RadarTracks.py)
Linked: (/home/kw-cobot/catkin_ws/devel/.private/morai_msgs/lib/python2.7/dist-packages/morai_msgs/msg/_ScenarioLoad.py, /home/kw-cobot/catkin_ws/devel/lib/python2.7/dist-packages/morai_msgs/msg/_ScenarioLoad.py)
Linked: (/home/kw-cobot/catkin_ws/devel/.private/morai_msgs/lib/python2.7/dist-packages/morai_msgs/msg/_FactoryAddress.py, /home/kw-cobot/catkin_ws/devel/lib/python2.7/dist-packages/morai_msgs/msg/_FactoryAddress.py)
Linked: (/home/kw-cobot/catkin_ws/devel/.private/morai_msgs/lib/python2.7/dist-packages/morai_msgs/msg/_ObjectInfo.py, /home/kw-cobot/catkin_ws/devel/lib/python2.7/dist-packages/morai_msgs/msg/_ObjectInfo.py)
Linked: (/home/kw-cobot/catkin_ws/devel/.private/morai_msgs/lib/python2.7/dist-packages/morai_msgs/msg/_MoraiTLIndex.py, /home/kw-cobot/catkin_ws/devel/lib/python2.7/dist-packages/morai_msgs/msg/_MoraiTLIndex.py)
Linked: (/home/kw-cobot/catkin_ws/devel/.private/morai_msgs/lib/python2.7/dist-packages/morai_msgs/msg/_TrafficLight.py, /home/kw-cobot/catkin_ws/devel/lib/python2.7/dist-packages/morai_msgs/msg/_TrafficLight.py)
Linked: (/home/kw-cobot/catkin_ws/devel/.private/morai_msgs/lib/python2.7/dist-packages/morai_msgs/msg/_ObjectStatusList.py, /home/kw-cobot/catkin_ws/devel/lib/python2.7/dist-packages/morai_msgs/msg/_ObjectStatusList.py)
Linked: (/home/kw-cobot/catkin_ws/devel/.private/morai_msgs/lib/python2.7/dist-packages/morai_msgs/msg/_SaveSensorData.py, /home/kw-cobot/catkin_ws/devel/lib/python2.7/dist-packages/morai_msgs/msg/_SaveSensorData.py)
Linked: (/home/kw-cobot/catkin_ws/devel/.private/morai_msgs/lib/python2.7/dist-packages/morai_msgs/msg/_CollisionData.py, /home/kw-cobot/catkin_ws/devel/lib/python2.7/dist-packages/morai_msgs/msg/_CollisionData.py)
Linked: (/home/kw-cobot/catkin_ws/devel/.private/morai_msgs/lib/python2.7/dist-packages/morai_msgs/msg/_GhostMessage.py, /home/kw-cobot/catkin_ws/devel/lib/python2.7/dist-packages/morai_msgs/msg/_GhostMessage.py)
Linked: (/home/kw-cobot/catkin_ws/devel/.private/morai_msgs/lib/python2.7/dist-packages/morai_msgs/msg/_SetTrafficLight.py, /home/kw-cobot/catkin_ws/devel/lib/python2.7/dist-packages/morai_msgs/msg/_SetTrafficLight.py)
Linked: (/home/kw-cobot/catkin_ws/devel/.private/morai_msgs/lib/python2.7/dist-packages/morai_msgs/msg/_MoraiTLInfo.py, /home/kw-cobot/catkin_ws/devel/lib/python2.7/dist-packages/morai_msgs/msg/_MoraiTLInfo.py)
Linked: (/home/kw-cobot/catkin_ws/devel/.private/morai_msgs/lib/python2.7/dist-packages/morai_msgs/msg/_VehicleCommand.py, /home/kw-cobot/catkin_ws/devel/lib/python2.7/dist-packages/morai_msgs/msg/_VehicleCommand.py)
Linked: (/home/kw-cobot/catkin_ws/devel/.private/morai_msgs/lib/python2.7/dist-packages/morai_msgs/msg/_MoraiSimProcHandle.py, /home/kw-cobot/catkin_ws/devel/lib/python2.7/dist-packages/morai_msgs/msg/_MoraiSimProcHandle.py)
Linked: (/home/kw-cobot/catkin_ws/devel/.private/morai_msgs/lib/python2.7/dist-packages/morai_msgs/msg/_MgeoLinkList.py, /home/kw-cobot/catkin_ws/devel/lib/python2.7/dist-packages/morai_msgs/msg/_MgeoLinkList.py)
Linked: (/home/kw-cobot/catkin_ws/devel/.private/morai_msgs/lib/python2.7/dist-packages/morai_msgs/msg/_EgoVehicleVelocity.py, /home/kw-cobot/catkin_ws/devel/lib/python2.7/dist-packages/morai_msgs/msg/_EgoVehicleVelocity.py)
Linked: (/home/kw-cobot/catkin_ws/devel/.private/morai_msgs/lib/python2.7/dist-packages/morai_msgs/msg/_GPSMessage.py, /home/kw-cobot/catkin_ws/devel/lib/python2.7/dist-packages/morai_msgs/msg/_GPSMessage.py)
Linked: (/home/kw-cobot/catkin_ws/devel/.private/morai_msgs/lib/python2.7/dist-packages/morai_msgs/msg/_IntersectionControl.py, /home/kw-cobot/catkin_ws/devel/lib/python2.7/dist-packages/morai_msgs/msg/_IntersectionControl.py)
Linked: (/home/kw-cobot/catkin_ws/devel/.private/morai_msgs/lib/python2.7/dist-packages/morai_msgs/msg/_Mgeo.py, /home/kw-cobot/catkin_ws/devel/lib/python2.7/dist-packages/morai_msgs/msg/_Mgeo.py)
Linked: (/home/kw-cobot/catkin_ws/devel/.private/morai_msgs/lib/python2.7/dist-packages/morai_msgs/msg/_GenericVehicleControl.py, /home/kw-cobot/catkin_ws/devel/lib/python2.7/dist-packages/morai_msgs/msg/_GenericVehicleControl.py)
Linked: (/home/kw-cobot/catkin_ws/devel/.private/morai_msgs/lib/python2.7/dist-packages/morai_msgs/msg/_RadarTrack.py, /home/kw-cobot/catkin_ws/devel/lib/python2.7/dist-packages/morai_msgs/msg/_RadarTrack.py)
Linked: (/home/kw-cobot/catkin_ws/devel/.private/morai_msgs/lib/python2.7/dist-packages/morai_msgs/msg/_CtrlCmd.py, /home/kw-cobot/catkin_ws/devel/lib/python2.7/dist-packages/morai_msgs/msg/_CtrlCmd.py)
Linked: (/home/kw-cobot/catkin_ws/devel/.private/morai_msgs/lib/python2.7/dist-packages/morai_msgs/msg/_ObjectStatus.py, /home/kw-cobot/catkin_ws/devel/lib/python2.7/dist-packages/morai_msgs/msg/_ObjectStatus.py)
Linked: (/home/kw-cobot/catkin_ws/devel/.private/morai_msgs/lib/python2.7/dist-packages/morai_msgs/msg/_VehicleSpecIndex.py, /home/kw-cobot/catkin_ws/devel/lib/python2.7/dist-packages/morai_msgs/msg/_VehicleSpecIndex.py)
Linked: (/home/kw-cobot/catkin_ws/devel/.private/morai_msgs/lib/python2.7/dist-packages/morai_msgs/msg/_ReplayInfo.py, /home/kw-cobot/catkin_ws/devel/lib/python2.7/dist-packages/morai_msgs/msg/_ReplayInfo.py)
Linked: (/home/kw-cobot/catkin_ws/devel/.private/morai_msgs/lib/python2.7/dist-packages/morai_msgs/msg/_MultiEgoSetting.py, /home/kw-cobot/catkin_ws/devel/lib/python2.7/dist-packages/morai_msgs/msg/_MultiEgoSetting.py)
Linked: (/home/kw-cobot/catkin_ws/devel/.private/morai_msgs/lib/python2.7/dist-packages/morai_msgs/msg/_IntscnTL.py, /home/kw-cobot/catkin_ws/devel/lib/python2.7/dist-packages/morai_msgs/msg/_IntscnTL.py)
Linked: (/home/kw-cobot/catkin_ws/devel/.private/morai_msgs/lib/python2.7/dist-packages/morai_msgs/msg/_SVehicleStatus.py, /home/kw-cobot/catkin_ws/devel/lib/python2.7/dist-packages/morai_msgs/msg/_SVehicleStatus.py)
Linked: (/home/kw-cobot/catkin_ws/devel/.private/morai_msgs/lib/python2.7/dist-packages/morai_msgs/msg/_GetTrafficLightStatus.py, /home/kw-cobot/catkin_ws/devel/lib/python2.7/dist-packages/morai_msgs/msg/_GetTrafficLightStatus.py)
Linked: (/home/kw-cobot/catkin_ws/devel/.private/morai_msgs/lib/python2.7/dist-packages/morai_msgs/msg/_MoraiSimProcStatus.py, /home/kw-cobot/catkin_ws/devel/lib/python2.7/dist-packages/morai_msgs/msg/_MoraiSimProcStatus.py)
Linked: (/home/kw-cobot/catkin_ws/devel/.private/morai_msgs/lib/python2.7/dist-packages/morai_msgs/msg/_Lamps.py, /home/kw-cobot/catkin_ws/devel/lib/python2.7/dist-packages/morai_msgs/msg/_Lamps.py)
Linked: (/home/kw-cobot/catkin_ws/devel/.private/morai_msgs/lib/python2.7/dist-packages/morai_msgs/msg/_ERP42Info.py, /home/kw-cobot/catkin_ws/devel/lib/python2.7/dist-packages/morai_msgs/msg/_ERP42Info.py)
Linked: (/home/kw-cobot/catkin_ws/devel/.private/morai_msgs/lib/python2.7/dist-packages/morai_msgs/msg/_SensorPosControl.py, /home/kw-cobot/catkin_ws/devel/lib/python2.7/dist-packages/morai_msgs/msg/_SensorPosControl.py)
Linked: (/home/kw-cobot/catkin_ws/devel/.private/morai_msgs/lib/python2.7/dist-packages/morai_msgs/msg/_GuideData.py, /home/kw-cobot/catkin_ws/devel/lib/python2.7/dist-packages/morai_msgs/msg/_GuideData.py)
Linked: (/home/kw-cobot/catkin_ws/devel/.private/morai_msgs/lib/python2.7/dist-packages/morai_msgs/msg/__init__.py, /home/kw-cobot/catkin_ws/devel/lib/python2.7/dist-packages/morai_msgs/msg/__init__.py)
Linked: (/home/kw-cobot/catkin_ws/devel/.private/morai_msgs/lib/python2.7/dist-packages/morai_msgs/msg/_VehicleSpec.py, /home/kw-cobot/catkin_ws/devel/lib/python2.7/dist-packages/morai_msgs/msg/_VehicleSpec.py)
Linked: (/home/kw-cobot/catkin_ws/devel/.private/morai_msgs/lib/python2.7/dist-packages/morai_msgs/msg/_MoraiSrvResponse.py, /home/kw-cobot/catkin_ws/devel/lib/python2.7/dist-packages/morai_msgs/msg/_MoraiSrvResponse.py)
Linked: (/home/kw-cobot/catkin_ws/devel/.private/morai_msgs/lib/python2.7/dist-packages/morai_msgs/srv/_MoraiEventCmdSrv.py, /home/kw-cobot/catkin_ws/devel/lib/python2.7/dist-packages/morai_msgs/srv/_MoraiEventCmdSrv.py)
Linked: (/home/kw-cobot/catkin_ws/devel/.private/morai_msgs/lib/python2.7/dist-packages/morai_msgs/srv/_MoraiScenarioLoadSrv.py, /home/kw-cobot/catkin_ws/devel/lib/python2.7/dist-packages/morai_msgs/srv/_MoraiScenarioLoadSrv.py)
Linked: (/home/kw-cobot/catkin_ws/devel/.private/morai_msgs/lib/python2.7/dist-packages/morai_msgs/srv/_MoraiTLInfoSrv.py, /home/kw-cobot/catkin_ws/devel/lib/python2.7/dist-packages/morai_msgs/srv/_MoraiTLInfoSrv.py)
Linked: (/home/kw-cobot/catkin_ws/devel/.private/morai_msgs/lib/python2.7/dist-packages/morai_msgs/srv/_MoraiSimProcSrv.py, /home/kw-cobot/catkin_ws/devel/lib/python2.7/dist-packages/morai_msgs/srv/_MoraiSimProcSrv.py)
Linked: (/home/kw-cobot/catkin_ws/devel/.private/morai_msgs/lib/python2.7/dist-packages/morai_msgs/srv/_MoraiVehicleSpecSrv.py, /home/kw-cobot/catkin_ws/devel/lib/python2.7/dist-packages/morai_msgs/srv/_MoraiVehicleSpecSrv.py)
Linked: (/home/kw-cobot/catkin_ws/devel/.private/morai_msgs/lib/python2.7/dist-packages/morai_msgs/srv/__init__.py, /home/kw-cobot/catkin_ws/devel/lib/python2.7/dist-packages/morai_msgs/srv/__init__.py)
Linked: (/home/kw-cobot/catkin_ws/devel/.private/morai_msgs/lib/pkgconfig/morai_msgs.pc, /home/kw-cobot/catkin_ws/devel/lib/pkgconfig/morai_msgs.pc)
