Symlinking /home/kw-cobot/catkin_ws/devel/include/morai_msgs/GetTrafficLightStatus.h
Symlinking /home/kw-cobot/catkin_ws/devel/include/morai_msgs/MoraiEventCmdSrvRequest.h
Symlinking /home/kw-cobot/catkin_ws/devel/include/morai_msgs/SaveSensorData.h
Symlinking /home/kw-cobot/catkin_ws/devel/include/morai_msgs/MultiEgoSetting.h
Symlinking /home/kw-cobot/catkin_ws/devel/include/morai_msgs/IntersectionStatus.h
Symlinking /home/kw-cobot/catkin_ws/devel/include/morai_msgs/MoraiVehicleSpecSrv.h
Symlinking /home/kw-cobot/catkin_ws/devel/include/morai_msgs/GPSMessage.h
Symlinking /home/kw-cobot/catkin_ws/devel/include/morai_msgs/EgoVehicleVelocity.h
Symlinking /home/kw-cobot/catkin_ws/devel/include/morai_msgs/ScenarioLoad.h
Symlinking /home/kw-cobot/catkin_ws/devel/include/morai_msgs/IntersectionControl.h
Symlinking /home/kw-cobot/catkin_ws/devel/include/morai_msgs/GenericVehicleControl.h
Symlinking /home/kw-cobot/catkin_ws/devel/include/morai_msgs/TrafficLight.h
Symlinking /home/kw-cobot/catkin_ws/devel/include/morai_msgs/SVehicleStatus.h
Symlinking /home/kw-cobot/catkin_ws/devel/include/morai_msgs/MgeoLinkList.h
Symlinking /home/kw-cobot/catkin_ws/devel/include/morai_msgs/MgeoLink.h
Symlinking /home/kw-cobot/catkin_ws/devel/include/morai_msgs/MoraiEventCmdSrvResponse.h
Symlinking /home/kw-cobot/catkin_ws/devel/include/morai_msgs/MoraiTLInfo.h
Symlinking /home/kw-cobot/catkin_ws/devel/include/morai_msgs/MoraiTLIndex.h
Symlinking /home/kw-cobot/catkin_ws/devel/include/morai_msgs/VelPlot.h
Symlinking /home/kw-cobot/catkin_ws/devel/include/morai_msgs/VehicleCommand.h
Symlinking /home/kw-cobot/catkin_ws/devel/include/morai_msgs/MoraiSimProcSrv.h
Symlinking /home/kw-cobot/catkin_ws/devel/include/morai_msgs/Mgeo.h
Symlinking /home/kw-cobot/catkin_ws/devel/include/morai_msgs/EventInfo.h
Symlinking /home/kw-cobot/catkin_ws/devel/include/morai_msgs/MoraiSimProcSrvResponse.h
Symlinking /home/kw-cobot/catkin_ws/devel/include/morai_msgs/RadarTracks.h
Symlinking /home/kw-cobot/catkin_ws/devel/include/morai_msgs/MgeoNodeList.h
Symlinking /home/kw-cobot/catkin_ws/devel/include/morai_msgs/MoraiScenarioLoadSrv.h
Symlinking /home/kw-cobot/catkin_ws/devel/include/morai_msgs/CollisionData.h
Symlinking /home/kw-cobot/catkin_ws/devel/include/morai_msgs/ObjectStatus.h
Symlinking /home/kw-cobot/catkin_ws/devel/include/morai_msgs/MoraiSimProcStatus.h
Symlinking /home/kw-cobot/catkin_ws/devel/include/morai_msgs/GuideData.h
Symlinking /home/kw-cobot/catkin_ws/devel/include/morai_msgs/SensorPosControl.h
Symlinking /home/kw-cobot/catkin_ws/devel/include/morai_msgs/MoraiEventCmdSrv.h
Symlinking /home/kw-cobot/catkin_ws/devel/include/morai_msgs/RadarTrack.h
Symlinking /home/kw-cobot/catkin_ws/devel/include/morai_msgs/MoraiSimProcSrvRequest.h
Symlinking /home/kw-cobot/catkin_ws/devel/include/morai_msgs/MoraiTLInfoSrvRequest.h
Symlinking /home/kw-cobot/catkin_ws/devel/include/morai_msgs/IntscnTL.h
Symlinking /home/kw-cobot/catkin_ws/devel/include/morai_msgs/MgeoNode.h
Symlinking /home/kw-cobot/catkin_ws/devel/include/morai_msgs/MoraiSimProcHandle.h
Symlinking /home/kw-cobot/catkin_ws/devel/include/morai_msgs/MoraiTLInfoSrvResponse.h
Symlinking /home/kw-cobot/catkin_ws/devel/include/morai_msgs/VehicleSpec.h
Symlinking /home/kw-cobot/catkin_ws/devel/include/morai_msgs/ERP42Info.h
Symlinking /home/kw-cobot/catkin_ws/devel/include/morai_msgs/EgoVehicleStatus.h
Symlinking /home/kw-cobot/catkin_ws/devel/include/morai_msgs/MoraiVehicleSpecSrvResponse.h
Symlinking /home/kw-cobot/catkin_ws/devel/include/morai_msgs/GhostMessage.h
Symlinking /home/kw-cobot/catkin_ws/devel/include/morai_msgs/Lamps.h
Symlinking /home/kw-cobot/catkin_ws/devel/include/morai_msgs/EgoVehiclePosition.h
Symlinking /home/kw-cobot/catkin_ws/devel/include/morai_msgs/MoraiScenarioLoadSrvRequest.h
Symlinking /home/kw-cobot/catkin_ws/devel/include/morai_msgs/ReplayInfo.h
Symlinking /home/kw-cobot/catkin_ws/devel/include/morai_msgs/MoraiSrvResponse.h
Symlinking /home/kw-cobot/catkin_ws/devel/include/morai_msgs/FactoryAddress.h
Symlinking /home/kw-cobot/catkin_ws/devel/include/morai_msgs/ObjectInfo.h
Symlinking /home/kw-cobot/catkin_ws/devel/include/morai_msgs/MoraiScenarioLoadSrvResponse.h
Symlinking /home/kw-cobot/catkin_ws/devel/include/morai_msgs/ObjectStatusList.h
Symlinking /home/kw-cobot/catkin_ws/devel/include/morai_msgs/CtrlCmd.h
Symlinking /home/kw-cobot/catkin_ws/devel/include/morai_msgs/MoraiTLInfoSrv.h
Symlinking /home/kw-cobot/catkin_ws/devel/include/morai_msgs/SetTrafficLight.h
Symlinking /home/kw-cobot/catkin_ws/devel/include/morai_msgs/MoraiTimestamp.h
Symlinking /home/kw-cobot/catkin_ws/devel/include/morai_msgs/MoraiVehicleSpecSrvRequest.h
Symlinking /home/kw-cobot/catkin_ws/devel/include/morai_msgs/VehicleSpecIndex.h
Symlinking /home/kw-cobot/catkin_ws/devel/share/roseus/ros/morai_msgs/manifest.l
Symlinking /home/kw-cobot/catkin_ws/devel/share/roseus/ros/morai_msgs/msg/VehicleSpecIndex.l
Symlinking /home/kw-cobot/catkin_ws/devel/share/roseus/ros/morai_msgs/msg/ObjectStatus.l
Symlinking /home/kw-cobot/catkin_ws/devel/share/roseus/ros/morai_msgs/msg/CollisionData.l
Symlinking /home/kw-cobot/catkin_ws/devel/share/roseus/ros/morai_msgs/msg/MgeoLinkList.l
Symlinking /home/kw-cobot/catkin_ws/devel/share/roseus/ros/morai_msgs/msg/MoraiTLIndex.l
Symlinking /home/kw-cobot/catkin_ws/devel/share/roseus/ros/morai_msgs/msg/VehicleSpec.l
Symlinking /home/kw-cobot/catkin_ws/devel/share/roseus/ros/morai_msgs/msg/ObjectStatusList.l
Symlinking /home/kw-cobot/catkin_ws/devel/share/roseus/ros/morai_msgs/msg/MgeoLink.l
Symlinking /home/kw-cobot/catkin_ws/devel/share/roseus/ros/morai_msgs/msg/GhostMessage.l
Symlinking /home/kw-cobot/catkin_ws/devel/share/roseus/ros/morai_msgs/msg/MoraiTLInfo.l
Symlinking /home/kw-cobot/catkin_ws/devel/share/roseus/ros/morai_msgs/msg/MgeoNodeList.l
Symlinking /home/kw-cobot/catkin_ws/devel/share/roseus/ros/morai_msgs/msg/VelPlot.l
Symlinking /home/kw-cobot/catkin_ws/devel/share/roseus/ros/morai_msgs/msg/Mgeo.l
Symlinking /home/kw-cobot/catkin_ws/devel/share/roseus/ros/morai_msgs/msg/Lamps.l
Symlinking /home/kw-cobot/catkin_ws/devel/share/roseus/ros/morai_msgs/msg/MoraiSimProcHandle.l
Symlinking /home/kw-cobot/catkin_ws/devel/share/roseus/ros/morai_msgs/msg/RadarTracks.l
Symlinking /home/kw-cobot/catkin_ws/devel/share/roseus/ros/morai_msgs/msg/SensorPosControl.l
Symlinking /home/kw-cobot/catkin_ws/devel/share/roseus/ros/morai_msgs/msg/FactoryAddress.l
Symlinking /home/kw-cobot/catkin_ws/devel/share/roseus/ros/morai_msgs/msg/MultiEgoSetting.l
Symlinking /home/kw-cobot/catkin_ws/devel/share/roseus/ros/morai_msgs/msg/EgoVehicleStatus.l
Symlinking /home/kw-cobot/catkin_ws/devel/share/roseus/ros/morai_msgs/msg/RadarTrack.l
Symlinking /home/kw-cobot/catkin_ws/devel/share/roseus/ros/morai_msgs/msg/MoraiSrvResponse.l
Symlinking /home/kw-cobot/catkin_ws/devel/share/roseus/ros/morai_msgs/msg/MgeoNode.l
Symlinking /home/kw-cobot/catkin_ws/devel/share/roseus/ros/morai_msgs/msg/IntscnTL.l
Symlinking /home/kw-cobot/catkin_ws/devel/share/roseus/ros/morai_msgs/msg/SetTrafficLight.l
Symlinking /home/kw-cobot/catkin_ws/devel/share/roseus/ros/morai_msgs/msg/SaveSensorData.l
Symlinking /home/kw-cobot/catkin_ws/devel/share/roseus/ros/morai_msgs/msg/MoraiSimProcStatus.l
Symlinking /home/kw-cobot/catkin_ws/devel/share/roseus/ros/morai_msgs/msg/CtrlCmd.l
Symlinking /home/kw-cobot/catkin_ws/devel/share/roseus/ros/morai_msgs/msg/SVehicleStatus.l
Symlinking /home/kw-cobot/catkin_ws/devel/share/roseus/ros/morai_msgs/msg/GetTrafficLightStatus.l
Symlinking /home/kw-cobot/catkin_ws/devel/share/roseus/ros/morai_msgs/msg/ScenarioLoad.l
Symlinking /home/kw-cobot/catkin_ws/devel/share/roseus/ros/morai_msgs/msg/EgoVehicleVelocity.l
Symlinking /home/kw-cobot/catkin_ws/devel/share/roseus/ros/morai_msgs/msg/EventInfo.l
Symlinking /home/kw-cobot/catkin_ws/devel/share/roseus/ros/morai_msgs/msg/VehicleCommand.l
Symlinking /home/kw-cobot/catkin_ws/devel/share/roseus/ros/morai_msgs/msg/GenericVehicleControl.l
Symlinking /home/kw-cobot/catkin_ws/devel/share/roseus/ros/morai_msgs/msg/TrafficLight.l
Symlinking /home/kw-cobot/catkin_ws/devel/share/roseus/ros/morai_msgs/msg/ReplayInfo.l
Symlinking /home/kw-cobot/catkin_ws/devel/share/roseus/ros/morai_msgs/msg/IntersectionStatus.l
Symlinking /home/kw-cobot/catkin_ws/devel/share/roseus/ros/morai_msgs/msg/IntersectionControl.l
Symlinking /home/kw-cobot/catkin_ws/devel/share/roseus/ros/morai_msgs/msg/ERP42Info.l
Symlinking /home/kw-cobot/catkin_ws/devel/share/roseus/ros/morai_msgs/msg/EgoVehiclePosition.l
Symlinking /home/kw-cobot/catkin_ws/devel/share/roseus/ros/morai_msgs/msg/GuideData.l
Symlinking /home/kw-cobot/catkin_ws/devel/share/roseus/ros/morai_msgs/msg/MoraiTimestamp.l
Symlinking /home/kw-cobot/catkin_ws/devel/share/roseus/ros/morai_msgs/msg/ObjectInfo.l
Symlinking /home/kw-cobot/catkin_ws/devel/share/roseus/ros/morai_msgs/msg/GPSMessage.l
Symlinking /home/kw-cobot/catkin_ws/devel/share/roseus/ros/morai_msgs/srv/MoraiTLInfoSrv.l
Symlinking /home/kw-cobot/catkin_ws/devel/share/roseus/ros/morai_msgs/srv/MoraiScenarioLoadSrv.l
Symlinking /home/kw-cobot/catkin_ws/devel/share/roseus/ros/morai_msgs/srv/MoraiSimProcSrv.l
Symlinking /home/kw-cobot/catkin_ws/devel/share/roseus/ros/morai_msgs/srv/MoraiVehicleSpecSrv.l
Symlinking /home/kw-cobot/catkin_ws/devel/share/roseus/ros/morai_msgs/srv/MoraiEventCmdSrv.l
Symlinking /home/kw-cobot/catkin_ws/devel/share/common-lisp/ros/morai_msgs/msg/_package_ObjectStatus.lisp
Symlinking /home/kw-cobot/catkin_ws/devel/share/common-lisp/ros/morai_msgs/msg/GhostMessage.lisp
Symlinking /home/kw-cobot/catkin_ws/devel/share/common-lisp/ros/morai_msgs/msg/_package_Lamps.lisp
Symlinking /home/kw-cobot/catkin_ws/devel/share/common-lisp/ros/morai_msgs/msg/_package_EgoVehicleVelocity.lisp
Symlinking /home/kw-cobot/catkin_ws/devel/share/common-lisp/ros/morai_msgs/msg/_package_EgoVehiclePosition.lisp
Symlinking /home/kw-cobot/catkin_ws/devel/share/common-lisp/ros/morai_msgs/msg/ObjectStatus.lisp
Symlinking /home/kw-cobot/catkin_ws/devel/share/common-lisp/ros/morai_msgs/msg/MoraiTLInfo.lisp
Symlinking /home/kw-cobot/catkin_ws/devel/share/common-lisp/ros/morai_msgs/msg/_package_GuideData.lisp
Symlinking /home/kw-cobot/catkin_ws/devel/share/common-lisp/ros/morai_msgs/msg/_package_ERP42Info.lisp
Symlinking /home/kw-cobot/catkin_ws/devel/share/common-lisp/ros/morai_msgs/msg/MoraiTLIndex.lisp
Symlinking /home/kw-cobot/catkin_ws/devel/share/common-lisp/ros/morai_msgs/msg/_package_MgeoNodeList.lisp
Symlinking /home/kw-cobot/catkin_ws/devel/share/common-lisp/ros/morai_msgs/msg/MoraiSimProcHandle.lisp
Symlinking /home/kw-cobot/catkin_ws/devel/share/common-lisp/ros/morai_msgs/msg/MoraiSrvResponse.lisp
Symlinking /home/kw-cobot/catkin_ws/devel/share/common-lisp/ros/morai_msgs/msg/ReplayInfo.lisp
Symlinking /home/kw-cobot/catkin_ws/devel/share/common-lisp/ros/morai_msgs/msg/ObjectStatusList.lisp
Symlinking /home/kw-cobot/catkin_ws/devel/share/common-lisp/ros/morai_msgs/msg/EgoVehicleStatus.lisp
Symlinking /home/kw-cobot/catkin_ws/devel/share/common-lisp/ros/morai_msgs/msg/_package_FactoryAddress.lisp
Symlinking /home/kw-cobot/catkin_ws/devel/share/common-lisp/ros/morai_msgs/msg/CtrlCmd.lisp
Symlinking /home/kw-cobot/catkin_ws/devel/share/common-lisp/ros/morai_msgs/msg/_package_Mgeo.lisp
Symlinking /home/kw-cobot/catkin_ws/devel/share/common-lisp/ros/morai_msgs/msg/IntersectionStatus.lisp
Symlinking /home/kw-cobot/catkin_ws/devel/share/common-lisp/ros/morai_msgs/msg/_package_ReplayInfo.lisp
Symlinking /home/kw-cobot/catkin_ws/devel/share/common-lisp/ros/morai_msgs/msg/_package_GenericVehicleControl.lisp
Symlinking /home/kw-cobot/catkin_ws/devel/share/common-lisp/ros/morai_msgs/msg/_package_MultiEgoSetting.lisp
Symlinking /home/kw-cobot/catkin_ws/devel/share/common-lisp/ros/morai_msgs/msg/_package_RadarTrack.lisp
Symlinking /home/kw-cobot/catkin_ws/devel/share/common-lisp/ros/morai_msgs/msg/_package_IntscnTL.lisp
Symlinking /home/kw-cobot/catkin_ws/devel/share/common-lisp/ros/morai_msgs/msg/_package_CollisionData.lisp
Symlinking /home/kw-cobot/catkin_ws/devel/share/common-lisp/ros/morai_msgs/msg/_package_MoraiTimestamp.lisp
Symlinking /home/kw-cobot/catkin_ws/devel/share/common-lisp/ros/morai_msgs/msg/RadarTracks.lisp
Symlinking /home/kw-cobot/catkin_ws/devel/share/common-lisp/ros/morai_msgs/msg/MgeoNode.lisp
Symlinking /home/kw-cobot/catkin_ws/devel/share/common-lisp/ros/morai_msgs/msg/_package_MoraiTLIndex.lisp
Symlinking /home/kw-cobot/catkin_ws/devel/share/common-lisp/ros/morai_msgs/msg/MgeoLink.lisp
Symlinking /home/kw-cobot/catkin_ws/devel/share/common-lisp/ros/morai_msgs/msg/_package_VehicleSpecIndex.lisp
Symlinking /home/kw-cobot/catkin_ws/devel/share/common-lisp/ros/morai_msgs/msg/SaveSensorData.lisp
Symlinking /home/kw-cobot/catkin_ws/devel/share/common-lisp/ros/morai_msgs/msg/_package_MgeoLinkList.lisp
Symlinking /home/kw-cobot/catkin_ws/devel/share/common-lisp/ros/morai_msgs/msg/_package_SVehicleStatus.lisp
Symlinking /home/kw-cobot/catkin_ws/devel/share/common-lisp/ros/morai_msgs/msg/_package_GhostMessage.lisp
Symlinking /home/kw-cobot/catkin_ws/devel/share/common-lisp/ros/morai_msgs/msg/_package_ObjectInfo.lisp
Symlinking /home/kw-cobot/catkin_ws/devel/share/common-lisp/ros/morai_msgs/msg/GPSMessage.lisp
Symlinking /home/kw-cobot/catkin_ws/devel/share/common-lisp/ros/morai_msgs/msg/MoraiTimestamp.lisp
Symlinking /home/kw-cobot/catkin_ws/devel/share/common-lisp/ros/morai_msgs/msg/GuideData.lisp
Symlinking /home/kw-cobot/catkin_ws/devel/share/common-lisp/ros/morai_msgs/msg/EgoVehiclePosition.lisp
Symlinking /home/kw-cobot/catkin_ws/devel/share/common-lisp/ros/morai_msgs/msg/_package_RadarTracks.lisp
Symlinking /home/kw-cobot/catkin_ws/devel/share/common-lisp/ros/morai_msgs/msg/RadarTrack.lisp
Symlinking /home/kw-cobot/catkin_ws/devel/share/common-lisp/ros/morai_msgs/msg/_package_MoraiSrvResponse.lisp
Symlinking /home/kw-cobot/catkin_ws/devel/share/common-lisp/ros/morai_msgs/msg/_package_SaveSensorData.lisp
Symlinking /home/kw-cobot/catkin_ws/devel/share/common-lisp/ros/morai_msgs/msg/_package_MgeoNode.lisp
Symlinking /home/kw-cobot/catkin_ws/devel/share/common-lisp/ros/morai_msgs/msg/_package_MoraiSimProcHandle.lisp
Symlinking /home/kw-cobot/catkin_ws/devel/share/common-lisp/ros/morai_msgs/msg/VelPlot.lisp
Symlinking /home/kw-cobot/catkin_ws/devel/share/common-lisp/ros/morai_msgs/msg/EgoVehicleVelocity.lisp
Symlinking /home/kw-cobot/catkin_ws/devel/share/common-lisp/ros/morai_msgs/msg/FactoryAddress.lisp
Symlinking /home/kw-cobot/catkin_ws/devel/share/common-lisp/ros/morai_msgs/msg/_package_SetTrafficLight.lisp
Symlinking /home/kw-cobot/catkin_ws/devel/share/common-lisp/ros/morai_msgs/msg/_package_MoraiTLInfo.lisp
Symlinking /home/kw-cobot/catkin_ws/devel/share/common-lisp/ros/morai_msgs/msg/_package_VehicleSpec.lisp
Symlinking /home/kw-cobot/catkin_ws/devel/share/common-lisp/ros/morai_msgs/msg/_package.lisp
Symlinking /home/kw-cobot/catkin_ws/devel/share/common-lisp/ros/morai_msgs/msg/_package_EgoVehicleStatus.lisp
Symlinking /home/kw-cobot/catkin_ws/devel/share/common-lisp/ros/morai_msgs/msg/_package_ScenarioLoad.lisp
Symlinking /home/kw-cobot/catkin_ws/devel/share/common-lisp/ros/morai_msgs/msg/_package_IntersectionControl.lisp
Symlinking /home/kw-cobot/catkin_ws/devel/share/common-lisp/ros/morai_msgs/msg/_package_GPSMessage.lisp
Symlinking /home/kw-cobot/catkin_ws/devel/share/common-lisp/ros/morai_msgs/msg/VehicleSpecIndex.lisp
Symlinking /home/kw-cobot/catkin_ws/devel/share/common-lisp/ros/morai_msgs/msg/_package_TrafficLight.lisp
Symlinking /home/kw-cobot/catkin_ws/devel/share/common-lisp/ros/morai_msgs/msg/morai_msgs-msg.asd
Symlinking /home/kw-cobot/catkin_ws/devel/share/common-lisp/ros/morai_msgs/msg/_package_EventInfo.lisp
Symlinking /home/kw-cobot/catkin_ws/devel/share/common-lisp/ros/morai_msgs/msg/MgeoNodeList.lisp
Symlinking /home/kw-cobot/catkin_ws/devel/share/common-lisp/ros/morai_msgs/msg/GetTrafficLightStatus.lisp
Symlinking /home/kw-cobot/catkin_ws/devel/share/common-lisp/ros/morai_msgs/msg/_package_MgeoLink.lisp
Symlinking /home/kw-cobot/catkin_ws/devel/share/common-lisp/ros/morai_msgs/msg/SVehicleStatus.lisp
Symlinking /home/kw-cobot/catkin_ws/devel/share/common-lisp/ros/morai_msgs/msg/IntersectionControl.lisp
Symlinking /home/kw-cobot/catkin_ws/devel/share/common-lisp/ros/morai_msgs/msg/_package_CtrlCmd.lisp
Symlinking /home/kw-cobot/catkin_ws/devel/share/common-lisp/ros/morai_msgs/msg/SetTrafficLight.lisp
Symlinking /home/kw-cobot/catkin_ws/devel/share/common-lisp/ros/morai_msgs/msg/MultiEgoSetting.lisp
Symlinking /home/kw-cobot/catkin_ws/devel/share/common-lisp/ros/morai_msgs/msg/_package_VelPlot.lisp
Symlinking /home/kw-cobot/catkin_ws/devel/share/common-lisp/ros/morai_msgs/msg/_package_IntersectionStatus.lisp
Symlinking /home/kw-cobot/catkin_ws/devel/share/common-lisp/ros/morai_msgs/msg/EventInfo.lisp
Symlinking /home/kw-cobot/catkin_ws/devel/share/common-lisp/ros/morai_msgs/msg/MgeoLinkList.lisp
Symlinking /home/kw-cobot/catkin_ws/devel/share/common-lisp/ros/morai_msgs/msg/VehicleSpec.lisp
Symlinking /home/kw-cobot/catkin_ws/devel/share/common-lisp/ros/morai_msgs/msg/_package_ObjectStatusList.lisp
Symlinking /home/kw-cobot/catkin_ws/devel/share/common-lisp/ros/morai_msgs/msg/_package_GetTrafficLightStatus.lisp
Symlinking /home/kw-cobot/catkin_ws/devel/share/common-lisp/ros/morai_msgs/msg/_package_VehicleCommand.lisp
Symlinking /home/kw-cobot/catkin_ws/devel/share/common-lisp/ros/morai_msgs/msg/CollisionData.lisp
Symlinking /home/kw-cobot/catkin_ws/devel/share/common-lisp/ros/morai_msgs/msg/_package_MoraiSimProcStatus.lisp
Symlinking /home/kw-cobot/catkin_ws/devel/share/common-lisp/ros/morai_msgs/msg/TrafficLight.lisp
Symlinking /home/kw-cobot/catkin_ws/devel/share/common-lisp/ros/morai_msgs/msg/MoraiSimProcStatus.lisp
Symlinking /home/kw-cobot/catkin_ws/devel/share/common-lisp/ros/morai_msgs/msg/ObjectInfo.lisp
Symlinking /home/kw-cobot/catkin_ws/devel/share/common-lisp/ros/morai_msgs/msg/IntscnTL.lisp
Symlinking /home/kw-cobot/catkin_ws/devel/share/common-lisp/ros/morai_msgs/msg/_package_SensorPosControl.lisp
Symlinking /home/kw-cobot/catkin_ws/devel/share/common-lisp/ros/morai_msgs/msg/ScenarioLoad.lisp
Symlinking /home/kw-cobot/catkin_ws/devel/share/common-lisp/ros/morai_msgs/msg/Mgeo.lisp
Symlinking /home/kw-cobot/catkin_ws/devel/share/common-lisp/ros/morai_msgs/msg/ERP42Info.lisp
Symlinking /home/kw-cobot/catkin_ws/devel/share/common-lisp/ros/morai_msgs/msg/GenericVehicleControl.lisp
Symlinking /home/kw-cobot/catkin_ws/devel/share/common-lisp/ros/morai_msgs/msg/VehicleCommand.lisp
Symlinking /home/kw-cobot/catkin_ws/devel/share/common-lisp/ros/morai_msgs/msg/SensorPosControl.lisp
Symlinking /home/kw-cobot/catkin_ws/devel/share/common-lisp/ros/morai_msgs/msg/Lamps.lisp
Symlinking /home/kw-cobot/catkin_ws/devel/share/common-lisp/ros/morai_msgs/srv/MoraiVehicleSpecSrv.lisp
Symlinking /home/kw-cobot/catkin_ws/devel/share/common-lisp/ros/morai_msgs/srv/_package_MoraiVehicleSpecSrv.lisp
Symlinking /home/kw-cobot/catkin_ws/devel/share/common-lisp/ros/morai_msgs/srv/morai_msgs-srv.asd
Symlinking /home/kw-cobot/catkin_ws/devel/share/common-lisp/ros/morai_msgs/srv/MoraiSimProcSrv.lisp
Symlinking /home/kw-cobot/catkin_ws/devel/share/common-lisp/ros/morai_msgs/srv/_package_MoraiEventCmdSrv.lisp
Symlinking /home/kw-cobot/catkin_ws/devel/share/common-lisp/ros/morai_msgs/srv/MoraiEventCmdSrv.lisp
Symlinking /home/kw-cobot/catkin_ws/devel/share/common-lisp/ros/morai_msgs/srv/MoraiTLInfoSrv.lisp
Symlinking /home/kw-cobot/catkin_ws/devel/share/common-lisp/ros/morai_msgs/srv/_package.lisp
Symlinking /home/kw-cobot/catkin_ws/devel/share/common-lisp/ros/morai_msgs/srv/_package_MoraiTLInfoSrv.lisp
Symlinking /home/kw-cobot/catkin_ws/devel/share/common-lisp/ros/morai_msgs/srv/_package_MoraiSimProcSrv.lisp
Symlinking /home/kw-cobot/catkin_ws/devel/share/common-lisp/ros/morai_msgs/srv/MoraiScenarioLoadSrv.lisp
Symlinking /home/kw-cobot/catkin_ws/devel/share/common-lisp/ros/morai_msgs/srv/_package_MoraiScenarioLoadSrv.lisp
Symlinking /home/kw-cobot/catkin_ws/devel/share/morai_msgs/cmake/morai_msgs-msg-extras.cmake
Symlinking /home/kw-cobot/catkin_ws/devel/share/morai_msgs/cmake/morai_msgsConfig.cmake
Symlinking /home/kw-cobot/catkin_ws/devel/share/morai_msgs/cmake/morai_msgsConfig-version.cmake
Symlinking /home/kw-cobot/catkin_ws/devel/share/morai_msgs/cmake/morai_msgs-msg-paths.cmake
Symlinking /home/kw-cobot/catkin_ws/devel/share/gennodejs/ros/morai_msgs/_index.js
Symlinking /home/kw-cobot/catkin_ws/devel/share/gennodejs/ros/morai_msgs/msg/MgeoLinkList.js
Symlinking /home/kw-cobot/catkin_ws/devel/share/gennodejs/ros/morai_msgs/msg/EgoVehicleStatus.js
Symlinking /home/kw-cobot/catkin_ws/devel/share/gennodejs/ros/morai_msgs/msg/ObjectInfo.js
Symlinking /home/kw-cobot/catkin_ws/devel/share/gennodejs/ros/morai_msgs/msg/MgeoNode.js
Symlinking /home/kw-cobot/catkin_ws/devel/share/gennodejs/ros/morai_msgs/msg/MoraiSimProcStatus.js
Symlinking /home/kw-cobot/catkin_ws/devel/share/gennodejs/ros/morai_msgs/msg/IntersectionStatus.js
Symlinking /home/kw-cobot/catkin_ws/devel/share/gennodejs/ros/morai_msgs/msg/SVehicleStatus.js
Symlinking /home/kw-cobot/catkin_ws/devel/share/gennodejs/ros/morai_msgs/msg/VehicleSpec.js
Symlinking /home/kw-cobot/catkin_ws/devel/share/gennodejs/ros/morai_msgs/msg/MultiEgoSetting.js
Symlinking /home/kw-cobot/catkin_ws/devel/share/gennodejs/ros/morai_msgs/msg/GenericVehicleControl.js
Symlinking /home/kw-cobot/catkin_ws/devel/share/gennodejs/ros/morai_msgs/msg/GetTrafficLightStatus.js
Symlinking /home/kw-cobot/catkin_ws/devel/share/gennodejs/ros/morai_msgs/msg/IntersectionControl.js
Symlinking /home/kw-cobot/catkin_ws/devel/share/gennodejs/ros/morai_msgs/msg/GhostMessage.js
Symlinking /home/kw-cobot/catkin_ws/devel/share/gennodejs/ros/morai_msgs/msg/RadarTrack.js
Symlinking /home/kw-cobot/catkin_ws/devel/share/gennodejs/ros/morai_msgs/msg/EgoVehicleVelocity.js
Symlinking /home/kw-cobot/catkin_ws/devel/share/gennodejs/ros/morai_msgs/msg/GPSMessage.js
Symlinking /home/kw-cobot/catkin_ws/devel/share/gennodejs/ros/morai_msgs/msg/TrafficLight.js
Symlinking /home/kw-cobot/catkin_ws/devel/share/gennodejs/ros/morai_msgs/msg/GuideData.js
Symlinking /home/kw-cobot/catkin_ws/devel/share/gennodejs/ros/morai_msgs/msg/CtrlCmd.js
Symlinking /home/kw-cobot/catkin_ws/devel/share/gennodejs/ros/morai_msgs/msg/VehicleCommand.js
Symlinking /home/kw-cobot/catkin_ws/devel/share/gennodejs/ros/morai_msgs/msg/MgeoNodeList.js
Symlinking /home/kw-cobot/catkin_ws/devel/share/gennodejs/ros/morai_msgs/msg/MoraiTLInfo.js
Symlinking /home/kw-cobot/catkin_ws/devel/share/gennodejs/ros/morai_msgs/msg/EventInfo.js
Symlinking /home/kw-cobot/catkin_ws/devel/share/gennodejs/ros/morai_msgs/msg/_index.js
Symlinking /home/kw-cobot/catkin_ws/devel/share/gennodejs/ros/morai_msgs/msg/CollisionData.js
Symlinking /home/kw-cobot/catkin_ws/devel/share/gennodejs/ros/morai_msgs/msg/MoraiSimProcHandle.js
Symlinking /home/kw-cobot/catkin_ws/devel/share/gennodejs/ros/morai_msgs/msg/ScenarioLoad.js
Symlinking /home/kw-cobot/catkin_ws/devel/share/gennodejs/ros/morai_msgs/msg/SensorPosControl.js
Symlinking /home/kw-cobot/catkin_ws/devel/share/gennodejs/ros/morai_msgs/msg/ReplayInfo.js
Symlinking /home/kw-cobot/catkin_ws/devel/share/gennodejs/ros/morai_msgs/msg/Mgeo.js
Symlinking /home/kw-cobot/catkin_ws/devel/share/gennodejs/ros/morai_msgs/msg/EgoVehiclePosition.js
Symlinking /home/kw-cobot/catkin_ws/devel/share/gennodejs/ros/morai_msgs/msg/SaveSensorData.js
Symlinking /home/kw-cobot/catkin_ws/devel/share/gennodejs/ros/morai_msgs/msg/MoraiTimestamp.js
Symlinking /home/kw-cobot/catkin_ws/devel/share/gennodejs/ros/morai_msgs/msg/ObjectStatus.js
Symlinking /home/kw-cobot/catkin_ws/devel/share/gennodejs/ros/morai_msgs/msg/ObjectStatusList.js
Symlinking /home/kw-cobot/catkin_ws/devel/share/gennodejs/ros/morai_msgs/msg/RadarTracks.js
Symlinking /home/kw-cobot/catkin_ws/devel/share/gennodejs/ros/morai_msgs/msg/ERP42Info.js
Symlinking /home/kw-cobot/catkin_ws/devel/share/gennodejs/ros/morai_msgs/msg/MoraiTLIndex.js
Symlinking /home/kw-cobot/catkin_ws/devel/share/gennodejs/ros/morai_msgs/msg/SetTrafficLight.js
Symlinking /home/kw-cobot/catkin_ws/devel/share/gennodejs/ros/morai_msgs/msg/FactoryAddress.js
Symlinking /home/kw-cobot/catkin_ws/devel/share/gennodejs/ros/morai_msgs/msg/Lamps.js
Symlinking /home/kw-cobot/catkin_ws/devel/share/gennodejs/ros/morai_msgs/msg/MoraiSrvResponse.js
Symlinking /home/kw-cobot/catkin_ws/devel/share/gennodejs/ros/morai_msgs/msg/MgeoLink.js
Symlinking /home/kw-cobot/catkin_ws/devel/share/gennodejs/ros/morai_msgs/msg/VehicleSpecIndex.js
Symlinking /home/kw-cobot/catkin_ws/devel/share/gennodejs/ros/morai_msgs/msg/VelPlot.js
Symlinking /home/kw-cobot/catkin_ws/devel/share/gennodejs/ros/morai_msgs/msg/IntscnTL.js
Symlinking /home/kw-cobot/catkin_ws/devel/share/gennodejs/ros/morai_msgs/srv/MoraiTLInfoSrv.js
Symlinking /home/kw-cobot/catkin_ws/devel/share/gennodejs/ros/morai_msgs/srv/MoraiEventCmdSrv.js
Symlinking /home/kw-cobot/catkin_ws/devel/share/gennodejs/ros/morai_msgs/srv/_index.js
Symlinking /home/kw-cobot/catkin_ws/devel/share/gennodejs/ros/morai_msgs/srv/MoraiVehicleSpecSrv.js
Symlinking /home/kw-cobot/catkin_ws/devel/share/gennodejs/ros/morai_msgs/srv/MoraiSimProcSrv.js
Symlinking /home/kw-cobot/catkin_ws/devel/share/gennodejs/ros/morai_msgs/srv/MoraiScenarioLoadSrv.js
Symlinking /home/kw-cobot/catkin_ws/devel/lib/python2.7/dist-packages/morai_msgs/__init__.py
Symlinking /home/kw-cobot/catkin_ws/devel/lib/python2.7/dist-packages/morai_msgs/msg/_EgoVehiclePosition.py
Symlinking /home/kw-cobot/catkin_ws/devel/lib/python2.7/dist-packages/morai_msgs/msg/_IntersectionStatus.py
Symlinking /home/kw-cobot/catkin_ws/devel/lib/python2.7/dist-packages/morai_msgs/msg/_MgeoNode.py
Symlinking /home/kw-cobot/catkin_ws/devel/lib/python2.7/dist-packages/morai_msgs/msg/_EgoVehicleStatus.py
Symlinking /home/kw-cobot/catkin_ws/devel/lib/python2.7/dist-packages/morai_msgs/msg/_MoraiTimestamp.py
Symlinking /home/kw-cobot/catkin_ws/devel/lib/python2.7/dist-packages/morai_msgs/msg/_MgeoNodeList.py
Symlinking /home/kw-cobot/catkin_ws/devel/lib/python2.7/dist-packages/morai_msgs/msg/_EventInfo.py
Symlinking /home/kw-cobot/catkin_ws/devel/lib/python2.7/dist-packages/morai_msgs/msg/_MgeoLink.py
Symlinking /home/kw-cobot/catkin_ws/devel/lib/python2.7/dist-packages/morai_msgs/msg/_VelPlot.py
Symlinking /home/kw-cobot/catkin_ws/devel/lib/python2.7/dist-packages/morai_msgs/msg/_RadarTracks.py
Symlinking /home/kw-cobot/catkin_ws/devel/lib/python2.7/dist-packages/morai_msgs/msg/_ScenarioLoad.py
Symlinking /home/kw-cobot/catkin_ws/devel/lib/python2.7/dist-packages/morai_msgs/msg/_FactoryAddress.py
Symlinking /home/kw-cobot/catkin_ws/devel/lib/python2.7/dist-packages/morai_msgs/msg/_ObjectInfo.py
Symlinking /home/kw-cobot/catkin_ws/devel/lib/python2.7/dist-packages/morai_msgs/msg/_MoraiTLIndex.py
Symlinking /home/kw-cobot/catkin_ws/devel/lib/python2.7/dist-packages/morai_msgs/msg/_TrafficLight.py
Symlinking /home/kw-cobot/catkin_ws/devel/lib/python2.7/dist-packages/morai_msgs/msg/_ObjectStatusList.py
Symlinking /home/kw-cobot/catkin_ws/devel/lib/python2.7/dist-packages/morai_msgs/msg/_SaveSensorData.py
Symlinking /home/kw-cobot/catkin_ws/devel/lib/python2.7/dist-packages/morai_msgs/msg/_CollisionData.py
Symlinking /home/kw-cobot/catkin_ws/devel/lib/python2.7/dist-packages/morai_msgs/msg/_GhostMessage.py
Symlinking /home/kw-cobot/catkin_ws/devel/lib/python2.7/dist-packages/morai_msgs/msg/_SetTrafficLight.py
Symlinking /home/kw-cobot/catkin_ws/devel/lib/python2.7/dist-packages/morai_msgs/msg/_MoraiTLInfo.py
Symlinking /home/kw-cobot/catkin_ws/devel/lib/python2.7/dist-packages/morai_msgs/msg/_VehicleCommand.py
Symlinking /home/kw-cobot/catkin_ws/devel/lib/python2.7/dist-packages/morai_msgs/msg/_MoraiSimProcHandle.py
Symlinking /home/kw-cobot/catkin_ws/devel/lib/python2.7/dist-packages/morai_msgs/msg/_MgeoLinkList.py
Symlinking /home/kw-cobot/catkin_ws/devel/lib/python2.7/dist-packages/morai_msgs/msg/_EgoVehicleVelocity.py
Symlinking /home/kw-cobot/catkin_ws/devel/lib/python2.7/dist-packages/morai_msgs/msg/_GPSMessage.py
Symlinking /home/kw-cobot/catkin_ws/devel/lib/python2.7/dist-packages/morai_msgs/msg/_IntersectionControl.py
Symlinking /home/kw-cobot/catkin_ws/devel/lib/python2.7/dist-packages/morai_msgs/msg/_Mgeo.py
Symlinking /home/kw-cobot/catkin_ws/devel/lib/python2.7/dist-packages/morai_msgs/msg/_GenericVehicleControl.py
Symlinking /home/kw-cobot/catkin_ws/devel/lib/python2.7/dist-packages/morai_msgs/msg/_RadarTrack.py
Symlinking /home/kw-cobot/catkin_ws/devel/lib/python2.7/dist-packages/morai_msgs/msg/_CtrlCmd.py
Symlinking /home/kw-cobot/catkin_ws/devel/lib/python2.7/dist-packages/morai_msgs/msg/_ObjectStatus.py
Symlinking /home/kw-cobot/catkin_ws/devel/lib/python2.7/dist-packages/morai_msgs/msg/_VehicleSpecIndex.py
Symlinking /home/kw-cobot/catkin_ws/devel/lib/python2.7/dist-packages/morai_msgs/msg/_ReplayInfo.py
Symlinking /home/kw-cobot/catkin_ws/devel/lib/python2.7/dist-packages/morai_msgs/msg/_MultiEgoSetting.py
Symlinking /home/kw-cobot/catkin_ws/devel/lib/python2.7/dist-packages/morai_msgs/msg/_IntscnTL.py
Symlinking /home/kw-cobot/catkin_ws/devel/lib/python2.7/dist-packages/morai_msgs/msg/_SVehicleStatus.py
Symlinking /home/kw-cobot/catkin_ws/devel/lib/python2.7/dist-packages/morai_msgs/msg/_GetTrafficLightStatus.py
Symlinking /home/kw-cobot/catkin_ws/devel/lib/python2.7/dist-packages/morai_msgs/msg/_MoraiSimProcStatus.py
Symlinking /home/kw-cobot/catkin_ws/devel/lib/python2.7/dist-packages/morai_msgs/msg/_Lamps.py
Symlinking /home/kw-cobot/catkin_ws/devel/lib/python2.7/dist-packages/morai_msgs/msg/_ERP42Info.py
Symlinking /home/kw-cobot/catkin_ws/devel/lib/python2.7/dist-packages/morai_msgs/msg/_SensorPosControl.py
Symlinking /home/kw-cobot/catkin_ws/devel/lib/python2.7/dist-packages/morai_msgs/msg/_GuideData.py
Symlinking /home/kw-cobot/catkin_ws/devel/lib/python2.7/dist-packages/morai_msgs/msg/__init__.py
Symlinking /home/kw-cobot/catkin_ws/devel/lib/python2.7/dist-packages/morai_msgs/msg/_VehicleSpec.py
Symlinking /home/kw-cobot/catkin_ws/devel/lib/python2.7/dist-packages/morai_msgs/msg/_MoraiSrvResponse.py
Symlinking /home/kw-cobot/catkin_ws/devel/lib/python2.7/dist-packages/morai_msgs/srv/_MoraiEventCmdSrv.py
Symlinking /home/kw-cobot/catkin_ws/devel/lib/python2.7/dist-packages/morai_msgs/srv/_MoraiScenarioLoadSrv.py
Symlinking /home/kw-cobot/catkin_ws/devel/lib/python2.7/dist-packages/morai_msgs/srv/_MoraiTLInfoSrv.py
Symlinking /home/kw-cobot/catkin_ws/devel/lib/python2.7/dist-packages/morai_msgs/srv/_MoraiSimProcSrv.py
Symlinking /home/kw-cobot/catkin_ws/devel/lib/python2.7/dist-packages/morai_msgs/srv/_MoraiVehicleSpecSrv.py
Symlinking /home/kw-cobot/catkin_ws/devel/lib/python2.7/dist-packages/morai_msgs/srv/__init__.py
Symlinking /home/kw-cobot/catkin_ws/devel/lib/pkgconfig/morai_msgs.pc
