[35m[1mScanning dependencies of target _morai_msgs_generate_messages_check_deps_MgeoNodeList[0m
[35m[1mScanning dependencies of target _morai_msgs_generate_messages_check_deps_TrafficLight[0m
[  0%] Built target _morai_msgs_generate_messages_check_deps_TrafficLight
[  0%] Built target _morai_msgs_generate_messages_check_deps_MgeoNodeList
[35m[1mScanning dependencies of target _morai_msgs_generate_messages_check_deps_ReplayInfo[0m
[  0%] Built target _morai_msgs_generate_messages_check_deps_ReplayInfo
[35m[1mScanning dependencies of target _morai_msgs_generate_messages_check_deps_RadarTrack[0m
[35m[1mScanning dependencies of target _morai_msgs_generate_messages_check_deps_EventInfo[0m
[  0%] Built target _morai_msgs_generate_messages_check_deps_EventInfo
[  0%] Built target _morai_msgs_generate_messages_check_deps_RadarTrack
[35m[1mScanning dependencies of target _morai_msgs_generate_messages_check_deps_VehicleCommand[0m
[35m[1mScanning dependencies of target _morai_msgs_generate_messages_check_deps_MoraiTLIndex[0m
[  0%] Built target _morai_msgs_generate_messages_check_deps_VehicleCommand
[35m[1mScanning dependencies of target _morai_msgs_generate_messages_check_deps_ObjectInfo[0m
[  0%] Built target _morai_msgs_generate_messages_check_deps_MoraiTLIndex
[35m[1mScanning dependencies of target _morai_msgs_generate_messages_check_deps_MoraiTLInfoSrv[0m
[  0%] Built target _morai_msgs_generate_messages_check_deps_ObjectInfo
[35m[1mScanning dependencies of target _morai_msgs_generate_messages_check_deps_MoraiScenarioLoadSrv[0m
[  0%] Built target _morai_msgs_generate_messages_check_deps_MoraiTLInfoSrv
[  0%] Built target _morai_msgs_generate_messages_check_deps_MoraiScenarioLoadSrv
[35m[1mScanning dependencies of target _morai_msgs_generate_messages_check_deps_SVehicleStatus[0m
[35m[1mScanning dependencies of target _morai_msgs_generate_messages_check_deps_MultiEgoSetting[0m
[35m[1mScanning dependencies of target geometry_msgs_generate_messages_eus[0m
[35m[1mScanning dependencies of target _morai_msgs_generate_messages_check_deps_ScenarioLoad[0m
[  0%] Built target geometry_msgs_generate_messages_eus
[  0%] Built target _morai_msgs_generate_messages_check_deps_SVehicleStatus
[35m[1mScanning dependencies of target _morai_msgs_generate_messages_check_deps_VehicleSpecIndex[0m
[35m[1mScanning dependencies of target _morai_msgs_generate_messages_check_deps_MoraiEventCmdSrv[0m
[  0%] Built target _morai_msgs_generate_messages_check_deps_MultiEgoSetting
[  0%] Built target _morai_msgs_generate_messages_check_deps_ScenarioLoad
[35m[1mScanning dependencies of target _morai_msgs_generate_messages_check_deps_IntscnTL[0m
[35m[1mScanning dependencies of target _morai_msgs_generate_messages_check_deps_VelPlot[0m
[  0%] Built target _morai_msgs_generate_messages_check_deps_VehicleSpecIndex
[  0%] Built target _morai_msgs_generate_messages_check_deps_MoraiEventCmdSrv
[35m[1mScanning dependencies of target _morai_msgs_generate_messages_check_deps_ERP42Info[0m
[35m[1mScanning dependencies of target _morai_msgs_generate_messages_check_deps_SetTrafficLight[0m
[  0%] Built target _morai_msgs_generate_messages_check_deps_IntscnTL
[35m[1mScanning dependencies of target _morai_msgs_generate_messages_check_deps_Mgeo[0m
[  0%] Built target _morai_msgs_generate_messages_check_deps_VelPlot
[35m[1mScanning dependencies of target _morai_msgs_generate_messages_check_deps_SensorPosControl[0m
[  0%] Built target _morai_msgs_generate_messages_check_deps_ERP42Info
[  0%] Built target _morai_msgs_generate_messages_check_deps_SetTrafficLight
[35m[1mScanning dependencies of target _morai_msgs_generate_messages_check_deps_MgeoNode[0m
[35m[1mScanning dependencies of target _morai_msgs_generate_messages_check_deps_GuideData[0m
[  0%] Built target _morai_msgs_generate_messages_check_deps_SensorPosControl
[  0%] Built target _morai_msgs_generate_messages_check_deps_Mgeo
[35m[1mScanning dependencies of target _morai_msgs_generate_messages_check_deps_RadarTracks[0m
[  0%] Built target _morai_msgs_generate_messages_check_deps_RadarTracks
[  0%] Built target _morai_msgs_generate_messages_check_deps_GuideData
[  0%] Built target _morai_msgs_generate_messages_check_deps_MgeoNode
[35m[1mScanning dependencies of target _morai_msgs_generate_messages_check_deps_FactoryAddress[0m
[35m[1mScanning dependencies of target _morai_msgs_generate_messages_check_deps_SaveSensorData[0m
[35m[1mScanning dependencies of target _morai_msgs_generate_messages_check_deps_GetTrafficLightStatus[0m
[35m[1mScanning dependencies of target _morai_msgs_generate_messages_check_deps_MoraiSrvResponse[0m
[35m[1mScanning dependencies of target _morai_msgs_generate_messages_check_deps_IntersectionStatus[0m
[  0%] Built target _morai_msgs_generate_messages_check_deps_GetTrafficLightStatus
[  0%] Built target _morai_msgs_generate_messages_check_deps_FactoryAddress
[  0%] Built target _morai_msgs_generate_messages_check_deps_SaveSensorData
[35m[1mScanning dependencies of target _morai_msgs_generate_messages_check_deps_VehicleSpec[0m
[35m[1mScanning dependencies of target _morai_msgs_generate_messages_check_deps_MoraiSimProcHandle[0m
[35m[1mScanning dependencies of target _morai_msgs_generate_messages_check_deps_MgeoLink[0m
[  0%] Built target _morai_msgs_generate_messages_check_deps_MoraiSrvResponse
[  0%] Built target _morai_msgs_generate_messages_check_deps_IntersectionStatus
[  0%] Built target _morai_msgs_generate_messages_check_deps_VehicleSpec
[35m[1mScanning dependencies of target _morai_msgs_generate_messages_check_deps_CollisionData[0m
[  0%] Built target _morai_msgs_generate_messages_check_deps_MoraiSimProcHandle
[35m[1mScanning dependencies of target _morai_msgs_generate_messages_check_deps_MoraiTimestamp[0m
[  0%] Built target _morai_msgs_generate_messages_check_deps_MgeoLink
[35m[1mScanning dependencies of target _morai_msgs_generate_messages_check_deps_CtrlCmd[0m
[35m[1mScanning dependencies of target _morai_msgs_generate_messages_check_deps_MoraiSimProcSrv[0m
[35m[1mScanning dependencies of target std_msgs_generate_messages_eus[0m
[  0%] Built target _morai_msgs_generate_messages_check_deps_CollisionData
[  0%] Built target _morai_msgs_generate_messages_check_deps_MoraiTimestamp
[  0%] Built target std_msgs_generate_messages_eus
[35m[1mScanning dependencies of target _morai_msgs_generate_messages_check_deps_MoraiVehicleSpecSrv[0m
[35m[1mScanning dependencies of target _morai_msgs_generate_messages_check_deps_EgoVehicleVelocity[0m
[  0%] Built target _morai_msgs_generate_messages_check_deps_CtrlCmd
[  0%] Built target _morai_msgs_generate_messages_check_deps_MoraiSimProcSrv
[35m[1mScanning dependencies of target _morai_msgs_generate_messages_check_deps_IntersectionControl[0m
[35m[1mScanning dependencies of target _morai_msgs_generate_messages_check_deps_ObjectStatusList[0m
[35m[1mScanning dependencies of target _morai_msgs_generate_messages_check_deps_ObjectStatus[0m
[  0%] Built target _morai_msgs_generate_messages_check_deps_MoraiVehicleSpecSrv
[  0%] Built target _morai_msgs_generate_messages_check_deps_EgoVehicleVelocity
[35m[1mScanning dependencies of target _morai_msgs_generate_messages_check_deps_EgoVehiclePosition[0m
[35m[1mScanning dependencies of target _morai_msgs_generate_messages_check_deps_GPSMessage[0m
[  0%] Built target _morai_msgs_generate_messages_check_deps_IntersectionControl
[  0%] Built target _morai_msgs_generate_messages_check_deps_ObjectStatus
[  0%] Built target _morai_msgs_generate_messages_check_deps_ObjectStatusList
[35m[1mScanning dependencies of target _morai_msgs_generate_messages_check_deps_Lamps[0m
[  0%] Built target _morai_msgs_generate_messages_check_deps_EgoVehiclePosition
[35m[1mScanning dependencies of target _morai_msgs_generate_messages_check_deps_GhostMessage[0m
[35m[1mScanning dependencies of target _morai_msgs_generate_messages_check_deps_MoraiTLInfo[0m
[  0%] Built target _morai_msgs_generate_messages_check_deps_GPSMessage
[35m[1mScanning dependencies of target _morai_msgs_generate_messages_check_deps_GenericVehicleControl[0m
[  0%] Built target _morai_msgs_generate_messages_check_deps_Lamps
[35m[1mScanning dependencies of target _morai_msgs_generate_messages_check_deps_MoraiSimProcStatus[0m
[35m[1mScanning dependencies of target _morai_msgs_generate_messages_check_deps_MgeoLinkList[0m
[  0%] Built target _morai_msgs_generate_messages_check_deps_MoraiTLInfo
[  0%] Built target _morai_msgs_generate_messages_check_deps_GhostMessage
[35m[1mScanning dependencies of target _morai_msgs_generate_messages_check_deps_EgoVehicleStatus[0m
[  0%] Built target _morai_msgs_generate_messages_check_deps_GenericVehicleControl
[35m[1mScanning dependencies of target geometry_msgs_generate_messages_lisp[0m
[  0%] Built target _morai_msgs_generate_messages_check_deps_MgeoLinkList
[35m[1mScanning dependencies of target std_msgs_generate_messages_lisp[0m
[  0%] Built target _morai_msgs_generate_messages_check_deps_MoraiSimProcStatus
[  0%] Built target geometry_msgs_generate_messages_lisp
[  0%] Built target _morai_msgs_generate_messages_check_deps_EgoVehicleStatus
[35m[1mScanning dependencies of target std_msgs_generate_messages_cpp[0m
[  0%] Built target std_msgs_generate_messages_lisp
[  0%] Built target std_msgs_generate_messages_cpp
[35m[1mScanning dependencies of target std_msgs_generate_messages_py[0m
[35m[1mScanning dependencies of target std_msgs_generate_messages_nodejs[0m
[35m[1mScanning dependencies of target geometry_msgs_generate_messages_nodejs[0m
[35m[1mScanning dependencies of target geometry_msgs_generate_messages_py[0m
[35m[1mScanning dependencies of target geometry_msgs_generate_messages_cpp[0m
[  0%] Built target std_msgs_generate_messages_nodejs
[  0%] Built target geometry_msgs_generate_messages_nodejs
[  0%] Built target geometry_msgs_generate_messages_py
[  0%] Built target std_msgs_generate_messages_py
[  0%] Built target geometry_msgs_generate_messages_cpp
[35m[1mScanning dependencies of target morai_msgs_generate_messages_lisp[0m
[35m[1mScanning dependencies of target morai_msgs_generate_messages_eus[0m
[35m[1mScanning dependencies of target morai_msgs_generate_messages_py[0m
[35m[1mScanning dependencies of target morai_msgs_generate_messages_cpp[0m
[35m[1mScanning dependencies of target morai_msgs_generate_messages_nodejs[0m
[  0%] [34m[1mGenerating EusLisp code from morai_msgs/MoraiTLIndex.msg[0m
[  0%] [34m[1mGenerating Lisp code from morai_msgs/MoraiTLIndex.msg[0m
[  0%] [34m[1mGenerating C++ code from morai_msgs/MoraiTLIndex.msg[0m
[  0%] [34m[1mGenerating Python from MSG morai_msgs/MoraiTLIndex[0m
[  1%] [34m[1mGenerating Lisp code from morai_msgs/VehicleCommand.msg[0m
[  1%] [34m[1mGenerating Javascript code from morai_msgs/MoraiTLIndex.msg[0m
[  2%] [34m[1mGenerating Javascript code from morai_msgs/VehicleCommand.msg[0m
[  2%] [34m[1mGenerating Lisp code from morai_msgs/MgeoLinkList.msg[0m
[  2%] [34m[1mGenerating EusLisp code from morai_msgs/VehicleCommand.msg[0m
[  3%] [34m[1mGenerating Python from MSG morai_msgs/VehicleCommand[0m
[  3%] [34m[1mGenerating Javascript code from morai_msgs/MgeoLinkList.msg[0m
[  3%] [34m[1mGenerating Lisp code from morai_msgs/MgeoNodeList.msg[0m
[  4%] [34m[1mGenerating EusLisp code from morai_msgs/MgeoLinkList.msg[0m
[  4%] [34m[1mGenerating Python from MSG morai_msgs/MgeoLinkList[0m
[  4%] [34m[1mGenerating C++ code from morai_msgs/VehicleCommand.msg[0m
[  5%] [34m[1mGenerating Lisp code from morai_msgs/EgoVehicleStatus.msg[0m
[  5%] [34m[1mGenerating Javascript code from morai_msgs/MgeoNodeList.msg[0m
[  5%] [34m[1mGenerating Lisp code from morai_msgs/MoraiSimProcStatus.msg[0m
[  5%] [34m[1mGenerating Python from MSG morai_msgs/MgeoNodeList[0m
[  6%] [34m[1mGenerating Javascript code from morai_msgs/EgoVehicleStatus.msg[0m
[  6%] [34m[1mGenerating EusLisp code from morai_msgs/MgeoNodeList.msg[0m
[  7%] [34m[1mGenerating C++ code from morai_msgs/MgeoLinkList.msg[0m
[  8%] [34m[1mGenerating Lisp code from morai_msgs/MoraiTLInfo.msg[0m
[  9%] [34m[1mGenerating EusLisp code from morai_msgs/EgoVehicleStatus.msg[0m
[  9%] [34m[1mGenerating Javascript code from morai_msgs/MoraiSimProcStatus.msg[0m
[ 10%] [34m[1mGenerating Javascript code from morai_msgs/MoraiTLInfo.msg[0m
[ 10%] [34m[1mGenerating Lisp code from morai_msgs/FactoryAddress.msg[0m
[ 11%] [34m[1mGenerating Python from MSG morai_msgs/EgoVehicleStatus[0m
[ 11%] [34m[1mGenerating Javascript code from morai_msgs/FactoryAddress.msg[0m
[ 11%] [34m[1mGenerating Python from MSG morai_msgs/MoraiSimProcStatus[0m
[ 11%] [34m[1mGenerating EusLisp code from morai_msgs/MoraiSimProcStatus.msg[0m
[ 11%] [34m[1mGenerating Lisp code from morai_msgs/MgeoLink.msg[0m
[ 11%] [34m[1mGenerating C++ code from morai_msgs/MgeoNodeList.msg[0m
[ 11%] [34m[1mGenerating Javascript code from morai_msgs/MgeoLink.msg[0m
[ 12%] [34m[1mGenerating Lisp code from morai_msgs/MoraiSimProcHandle.msg[0m
[ 12%] [34m[1mGenerating EusLisp code from morai_msgs/MoraiTLInfo.msg[0m
[ 13%] [34m[1mGenerating C++ code from morai_msgs/EgoVehicleStatus.msg[0m
[ 13%] [34m[1mGenerating Python from MSG morai_msgs/MoraiTLInfo[0m
[ 13%] [34m[1mGenerating Lisp code from morai_msgs/Mgeo.msg[0m
[ 14%] [34m[1mGenerating Javascript code from morai_msgs/MoraiSimProcHandle.msg[0m
[ 14%] [34m[1mGenerating Javascript code from morai_msgs/Mgeo.msg[0m
[ 15%] [34m[1mGenerating EusLisp code from morai_msgs/FactoryAddress.msg[0m
[ 16%] [34m[1mGenerating Lisp code from morai_msgs/MoraiSrvResponse.msg[0m
[ 16%] [34m[1mGenerating Lisp code from morai_msgs/MultiEgoSetting.msg[0m
[ 16%] [34m[1mGenerating C++ code from morai_msgs/MoraiSimProcStatus.msg[0m
[ 16%] [34m[1mGenerating Javascript code from morai_msgs/MoraiSrvResponse.msg[0m
[ 17%] [34m[1mGenerating Python from MSG morai_msgs/FactoryAddress[0m
[ 17%] [34m[1mGenerating EusLisp code from morai_msgs/MgeoLink.msg[0m
[ 17%] [34m[1mGenerating Lisp code from morai_msgs/ObjectInfo.msg[0m
[ 17%] [34m[1mGenerating EusLisp code from morai_msgs/MoraiSimProcHandle.msg[0m
[ 18%] [34m[1mGenerating Javascript code from morai_msgs/MultiEgoSetting.msg[0m
[ 19%] [34m[1mGenerating Lisp code from morai_msgs/GenericVehicleControl.msg[0m
[ 20%] [34m[1mGenerating EusLisp code from morai_msgs/Mgeo.msg[0m
[ 20%] [34m[1mGenerating C++ code from morai_msgs/MoraiTLInfo.msg[0m
[ 20%] [34m[1mGenerating EusLisp code from morai_msgs/MoraiSrvResponse.msg[0m
[ 20%] [34m[1mGenerating Javascript code from morai_msgs/ObjectInfo.msg[0m
[ 20%] [34m[1mGenerating Lisp code from morai_msgs/RadarTrack.msg[0m
[ 20%] [34m[1mGenerating Python from MSG morai_msgs/MgeoLink[0m
[ 22%] [34m[1mGenerating Javascript code from morai_msgs/GenericVehicleControl.msg[0m
[ 22%] [34m[1mGenerating C++ code from morai_msgs/FactoryAddress.msg[0m
[ 22%] [34m[1mGenerating Lisp code from morai_msgs/ScenarioLoad.msg[0m
[ 23%] [34m[1mGenerating EusLisp code from morai_msgs/MultiEgoSetting.msg[0m
[ 25%] [34m[1mGenerating Lisp code from morai_msgs/ERP42Info.msg[0m
[ 25%] [34m[1mGenerating Javascript code from morai_msgs/RadarTrack.msg[0m
[ 25%] [34m[1mGenerating Lisp code from morai_msgs/VelPlot.msg[0m
[ 25%] [34m[1mGenerating Javascript code from morai_msgs/ScenarioLoad.msg[0m
[ 25%] [34m[1mGenerating EusLisp code from morai_msgs/GenericVehicleControl.msg[0m
[ 25%] [34m[1mGenerating EusLisp code from morai_msgs/ObjectInfo.msg[0m
[ 26%] [34m[1mGenerating Lisp code from morai_msgs/IntscnTL.msg[0m
[ 27%] [34m[1mGenerating Python from MSG morai_msgs/MoraiSimProcHandle[0m
[ 27%] [34m[1mGenerating C++ code from morai_msgs/MgeoLink.msg[0m
[ 28%] [34m[1mGenerating Javascript code from morai_msgs/ERP42Info.msg[0m
[ 29%] [34m[1mGenerating EusLisp code from morai_msgs/RadarTrack.msg[0m
[ 29%] [34m[1mGenerating Lisp code from morai_msgs/SensorPosControl.msg[0m
[ 29%] [34m[1mGenerating C++ code from morai_msgs/MoraiSimProcHandle.msg[0m
[ 29%] [34m[1mGenerating Javascript code from morai_msgs/VelPlot.msg[0m
[ 29%] [34m[1mGenerating Lisp code from morai_msgs/GhostMessage.msg[0m
[ 29%] [34m[1mGenerating EusLisp code from morai_msgs/ScenarioLoad.msg[0m
[ 29%] [34m[1mGenerating Python from MSG morai_msgs/Mgeo[0m
[ 30%] [34m[1mGenerating C++ code from morai_msgs/Mgeo.msg[0m
[ 30%] [34m[1mGenerating Javascript code from morai_msgs/IntscnTL.msg[0m
[ 31%] [34m[1mGenerating Lisp code from morai_msgs/GuideData.msg[0m
[ 31%] [34m[1mGenerating EusLisp code from morai_msgs/ERP42Info.msg[0m
[ 31%] [34m[1mGenerating Lisp code from morai_msgs/GetTrafficLightStatus.msg[0m
[ 32%] [34m[1mGenerating Javascript code from morai_msgs/SensorPosControl.msg[0m
[ 32%] [34m[1mGenerating Python from MSG morai_msgs/MoraiSrvResponse[0m
[ 32%] [34m[1mGenerating C++ code from morai_msgs/MoraiSrvResponse.msg[0m
[ 33%] [34m[1mGenerating Python from MSG morai_msgs/MultiEgoSetting[0m
[ 33%] [34m[1mGenerating Lisp code from morai_msgs/VehicleSpecIndex.msg[0m
[ 33%] [34m[1mGenerating Javascript code from morai_msgs/GhostMessage.msg[0m
[ 34%] [34m[1mGenerating EusLisp code from morai_msgs/VelPlot.msg[0m
[ 35%] [34m[1mGenerating Lisp code from morai_msgs/IntersectionStatus.msg[0m
[ 36%] [34m[1mGenerating Javascript code from morai_msgs/GuideData.msg[0m
[ 37%] [34m[1mGenerating C++ code from morai_msgs/MultiEgoSetting.msg[0m
[ 37%] [34m[1mGenerating Lisp code from morai_msgs/SVehicleStatus.msg[0m
[ 37%] [34m[1mGenerating EusLisp code from morai_msgs/IntscnTL.msg[0m
[ 37%] [34m[1mGenerating Python from MSG morai_msgs/ObjectInfo[0m
[ 37%] [34m[1mGenerating Javascript code from morai_msgs/GetTrafficLightStatus.msg[0m
[ 38%] [34m[1mGenerating Lisp code from morai_msgs/VehicleSpec.msg[0m
[ 38%] [34m[1mGenerating Javascript code from morai_msgs/VehicleSpecIndex.msg[0m
[ 38%] [34m[1mGenerating EusLisp code from morai_msgs/GhostMessage.msg[0m
[ 39%] [34m[1mGenerating EusLisp code from morai_msgs/SensorPosControl.msg[0m
[ 39%] [34m[1mGenerating Lisp code from morai_msgs/MoraiTimestamp.msg[0m
[ 40%] [34m[1mGenerating Javascript code from morai_msgs/IntersectionStatus.msg[0m
[ 40%] [34m[1mGenerating C++ code from morai_msgs/ObjectInfo.msg[0m
[ 40%] [34m[1mGenerating Python from MSG morai_msgs/GenericVehicleControl[0m
[ 40%] [34m[1mGenerating EusLisp code from morai_msgs/GuideData.msg[0m
[ 41%] [34m[1mGenerating EusLisp code from morai_msgs/GetTrafficLightStatus.msg[0m
[ 41%] [34m[1mGenerating Lisp code from morai_msgs/CollisionData.msg[0m
[ 41%] [34m[1mGenerating Javascript code from morai_msgs/SVehicleStatus.msg[0m
[ 41%] [34m[1mGenerating Javascript code from morai_msgs/VehicleSpec.msg[0m
[ 42%] [34m[1mGenerating Lisp code from morai_msgs/CtrlCmd.msg[0m
[ 43%] [34m[1mGenerating Javascript code from morai_msgs/MoraiTimestamp.msg[0m
[ 43%] [34m[1mGenerating EusLisp code from morai_msgs/VehicleSpecIndex.msg[0m
[ 43%] [34m[1mGenerating C++ code from morai_msgs/GenericVehicleControl.msg[0m
[ 44%] [34m[1mGenerating Python from MSG morai_msgs/RadarTrack[0m
[ 45%] [34m[1mGenerating Javascript code from morai_msgs/CtrlCmd.msg[0m
[ 45%] [34m[1mGenerating Javascript code from morai_msgs/CollisionData.msg[0m
[ 45%] [34m[1mGenerating Lisp code from morai_msgs/Lamps.msg[0m
[ 45%] [34m[1mGenerating EusLisp code from morai_msgs/IntersectionStatus.msg[0m
[ 45%] [34m[1mGenerating Lisp code from morai_msgs/TrafficLight.msg[0m
[ 46%] [34m[1mGenerating EusLisp code from morai_msgs/SVehicleStatus.msg[0m
[ 47%] [34m[1mGenerating Lisp code from morai_msgs/MgeoNode.msg[0m
[ 47%] [34m[1mGenerating Javascript code from morai_msgs/Lamps.msg[0m
[ 48%] [34m[1mGenerating C++ code from morai_msgs/RadarTrack.msg[0m
[ 48%] [34m[1mGenerating EusLisp code from morai_msgs/VehicleSpec.msg[0m
[ 50%] [34m[1mGenerating EusLisp code from morai_msgs/MoraiTimestamp.msg[0m
[ 50%] [34m[1mGenerating Python from MSG morai_msgs/ScenarioLoad[0m
[ 50%] [34m[1mGenerating Lisp code from morai_msgs/EventInfo.msg[0m
[ 50%] [34m[1mGenerating Javascript code from morai_msgs/TrafficLight.msg[0m
[ 51%] [34m[1mGenerating Lisp code from morai_msgs/ReplayInfo.msg[0m
[ 51%] [34m[1mGenerating C++ code from morai_msgs/ScenarioLoad.msg[0m
[ 51%] [34m[1mGenerating EusLisp code from morai_msgs/CollisionData.msg[0m
[ 51%] [34m[1mGenerating C++ code from morai_msgs/ERP42Info.msg[0m
[ 52%] [34m[1mGenerating Javascript code from morai_msgs/MgeoNode.msg[0m
[ 52%] [34m[1mGenerating Lisp code from morai_msgs/SaveSensorData.msg[0m
[ 52%] [34m[1mGenerating Javascript code from morai_msgs/EventInfo.msg[0m
[ 53%] [34m[1mGenerating C++ code from morai_msgs/VelPlot.msg[0m
[ 53%] [34m[1mGenerating Lisp code from morai_msgs/ObjectStatusList.msg[0m
[ 54%] [34m[1mGenerating Python from MSG morai_msgs/ERP42Info[0m
[ 54%] [34m[1mGenerating EusLisp code from morai_msgs/CtrlCmd.msg[0m
[ 55%] [34m[1mGenerating Lisp code from morai_msgs/SetTrafficLight.msg[0m
[ 56%] [34m[1mGenerating Javascript code from morai_msgs/ReplayInfo.msg[0m
[ 56%] [34m[1mGenerating Lisp code from morai_msgs/RadarTracks.msg[0m
[ 56%] [34m[1mGenerating Javascript code from morai_msgs/SaveSensorData.msg[0m
[ 57%] [34m[1mGenerating EusLisp code from morai_msgs/Lamps.msg[0m
[ 57%] [34m[1mGenerating C++ code from morai_msgs/IntscnTL.msg[0m
[ 57%] [34m[1mGenerating Lisp code from morai_msgs/GPSMessage.msg[0m
[ 58%] [34m[1mGenerating C++ code from morai_msgs/SensorPosControl.msg[0m
[ 58%] [34m[1mGenerating Python from MSG morai_msgs/VelPlot[0m
[ 58%] [34m[1mGenerating Javascript code from morai_msgs/ObjectStatusList.msg[0m
[ 58%] [34m[1mGenerating EusLisp code from morai_msgs/TrafficLight.msg[0m
[ 59%] [34m[1mGenerating Lisp code from morai_msgs/EgoVehicleVelocity.msg[0m
[ 60%] [34m[1mGenerating Javascript code from morai_msgs/SetTrafficLight.msg[0m
[ 60%] [34m[1mGenerating C++ code from morai_msgs/GhostMessage.msg[0m
[ 60%] [34m[1mGenerating Javascript code from morai_msgs/RadarTracks.msg[0m
[ 60%] [34m[1mGenerating Lisp code from morai_msgs/IntersectionControl.msg[0m
[ 60%] [34m[1mGenerating Python from MSG morai_msgs/IntscnTL[0m
[ 60%] [34m[1mGenerating EusLisp code from morai_msgs/MgeoNode.msg[0m
[ 61%] [34m[1mGenerating Python from MSG morai_msgs/SensorPosControl[0m
[ 61%] [34m[1mGenerating Javascript code from morai_msgs/GPSMessage.msg[0m
[ 62%] [34m[1mGenerating Lisp code from morai_msgs/ObjectStatus.msg[0m
[ 63%] [34m[1mGenerating EusLisp code from morai_msgs/EventInfo.msg[0m
[ 64%] [34m[1mGenerating Javascript code from morai_msgs/EgoVehicleVelocity.msg[0m
[ 64%] [34m[1mGenerating C++ code from morai_msgs/GuideData.msg[0m
[ 64%] [34m[1mGenerating Lisp code from morai_msgs/EgoVehiclePosition.msg[0m
[ 64%] [34m[1mGenerating Javascript code from morai_msgs/IntersectionControl.msg[0m
[ 64%] [34m[1mGenerating EusLisp code from morai_msgs/ReplayInfo.msg[0m
[ 64%] [34m[1mGenerating Python from MSG morai_msgs/GhostMessage[0m
[ 64%] [34m[1mGenerating Lisp code from morai_msgs/MoraiScenarioLoadSrv.srv[0m
[ 65%] [34m[1mGenerating Python from MSG morai_msgs/GuideData[0m
[ 66%] [34m[1mGenerating Javascript code from morai_msgs/ObjectStatus.msg[0m
[ 67%] [34m[1mGenerating C++ code from morai_msgs/GetTrafficLightStatus.msg[0m
[ 68%] [34m[1mGenerating EusLisp code from morai_msgs/SaveSensorData.msg[0m
[ 69%] [34m[1mGenerating Lisp code from morai_msgs/MoraiSimProcSrv.srv[0m
[ 69%] [34m[1mGenerating Javascript code from morai_msgs/EgoVehiclePosition.msg[0m
[ 69%] [34m[1mGenerating Python from MSG morai_msgs/GetTrafficLightStatus[0m
[ 69%] [34m[1mGenerating EusLisp code from morai_msgs/ObjectStatusList.msg[0m
[ 69%] [34m[1mGenerating Lisp code from morai_msgs/MoraiTLInfoSrv.srv[0m
[ 69%] [34m[1mGenerating Javascript code from morai_msgs/MoraiScenarioLoadSrv.srv[0m
[ 69%] [34m[1mGenerating C++ code from morai_msgs/VehicleSpecIndex.msg[0m
[ 69%] [34m[1mGenerating Lisp code from morai_msgs/MoraiVehicleSpecSrv.srv[0m
[ 70%] [34m[1mGenerating Lisp code from morai_msgs/MoraiEventCmdSrv.srv[0m
[ 70%] [34m[1mGenerating EusLisp code from morai_msgs/SetTrafficLight.msg[0m
[ 71%] [34m[1mGenerating Javascript code from morai_msgs/MoraiSimProcSrv.srv[0m
[ 71%] [34m[1mGenerating Javascript code from morai_msgs/MoraiTLInfoSrv.srv[0m
[ 71%] Built target morai_msgs_generate_messages_lisp
[ 71%] [34m[1mGenerating Javascript code from morai_msgs/MoraiVehicleSpecSrv.srv[0m
[ 71%] [34m[1mGenerating Python from MSG morai_msgs/VehicleSpecIndex[0m
[ 72%] [34m[1mGenerating EusLisp code from morai_msgs/RadarTracks.msg[0m
[ 72%] [34m[1mGenerating EusLisp code from morai_msgs/GPSMessage.msg[0m
[ 73%] [34m[1mGenerating C++ code from morai_msgs/IntersectionStatus.msg[0m
[ 73%] [34m[1mGenerating C++ code from morai_msgs/SVehicleStatus.msg[0m
[ 75%] [34m[1mGenerating Javascript code from morai_msgs/MoraiEventCmdSrv.srv[0m
[ 75%] Built target morai_msgs_generate_messages_nodejs
[ 75%] [34m[1mGenerating C++ code from morai_msgs/VehicleSpec.msg[0m
[ 75%] [34m[1mGenerating EusLisp code from morai_msgs/IntersectionControl.msg[0m
[ 76%] [34m[1mGenerating EusLisp code from morai_msgs/EgoVehicleVelocity.msg[0m
[ 77%] [34m[1mGenerating Python from MSG morai_msgs/IntersectionStatus[0m
[ 77%] [34m[1mGenerating Python from MSG morai_msgs/SVehicleStatus[0m
[ 77%] [34m[1mGenerating EusLisp code from morai_msgs/ObjectStatus.msg[0m
[ 77%] [34m[1mGenerating C++ code from morai_msgs/CollisionData.msg[0m
[ 78%] [34m[1mGenerating C++ code from morai_msgs/MoraiTimestamp.msg[0m
[ 78%] [34m[1mGenerating C++ code from morai_msgs/CtrlCmd.msg[0m
[ 79%] [34m[1mGenerating EusLisp code from morai_msgs/EgoVehiclePosition.msg[0m
[ 79%] [34m[1mGenerating Python from MSG morai_msgs/VehicleSpec[0m
[ 80%] [34m[1mGenerating C++ code from morai_msgs/Lamps.msg[0m
[ 80%] [34m[1mGenerating C++ code from morai_msgs/TrafficLight.msg[0m
[ 81%] [34m[1mGenerating Python from MSG morai_msgs/MoraiTimestamp[0m
[ 81%] [34m[1mGenerating EusLisp code from morai_msgs/MoraiScenarioLoadSrv.srv[0m
[ 82%] [34m[1mGenerating C++ code from morai_msgs/MgeoNode.msg[0m
[ 82%] [34m[1mGenerating EusLisp code from morai_msgs/MoraiSimProcSrv.srv[0m
[ 82%] [34m[1mGenerating C++ code from morai_msgs/ReplayInfo.msg[0m
[ 82%] [34m[1mGenerating C++ code from morai_msgs/EventInfo.msg[0m
[ 82%] [34m[1mGenerating Python from MSG morai_msgs/CollisionData[0m
[ 83%] [34m[1mGenerating EusLisp code from morai_msgs/MoraiTLInfoSrv.srv[0m
[ 84%] [34m[1mGenerating Python from MSG morai_msgs/CtrlCmd[0m
[ 85%] [34m[1mGenerating C++ code from morai_msgs/SaveSensorData.msg[0m
[ 85%] [34m[1mGenerating C++ code from morai_msgs/ObjectStatusList.msg[0m
[ 85%] [34m[1mGenerating EusLisp code from morai_msgs/MoraiVehicleSpecSrv.srv[0m
[ 85%] [34m[1mGenerating Python from MSG morai_msgs/Lamps[0m
[ 85%] [34m[1mGenerating C++ code from morai_msgs/SetTrafficLight.msg[0m
[ 86%] [34m[1mGenerating EusLisp code from morai_msgs/MoraiEventCmdSrv.srv[0m
[ 86%] [34m[1mGenerating Python from MSG morai_msgs/TrafficLight[0m
[ 87%] [34m[1mGenerating Python from MSG morai_msgs/MgeoNode[0m
[ 88%] [34m[1mGenerating C++ code from morai_msgs/RadarTracks.msg[0m
[ 88%] [34m[1mGenerating EusLisp manifest code for morai_msgs[0m
[ 88%] [34m[1mGenerating Python from MSG morai_msgs/EventInfo[0m
[ 88%] [34m[1mGenerating C++ code from morai_msgs/GPSMessage.msg[0m
[ 88%] [34m[1mGenerating Python from MSG morai_msgs/ReplayInfo[0m
[ 89%] [34m[1mGenerating Python from MSG morai_msgs/SaveSensorData[0m
[ 90%] [34m[1mGenerating C++ code from morai_msgs/EgoVehicleVelocity.msg[0m
[ 90%] [34m[1mGenerating Python from MSG morai_msgs/ObjectStatusList[0m
[ 91%] [34m[1mGenerating Python from MSG morai_msgs/SetTrafficLight[0m
[ 91%] [34m[1mGenerating Python from MSG morai_msgs/RadarTracks[0m
[ 91%] [34m[1mGenerating Python from MSG morai_msgs/GPSMessage[0m
[ 91%] [34m[1mGenerating C++ code from morai_msgs/IntersectionControl.msg[0m
[ 91%] [34m[1mGenerating C++ code from morai_msgs/ObjectStatus.msg[0m
[ 92%] [34m[1mGenerating C++ code from morai_msgs/EgoVehiclePosition.msg[0m
[ 93%] [34m[1mGenerating Python from MSG morai_msgs/EgoVehicleVelocity[0m
[ 93%] [34m[1mGenerating C++ code from morai_msgs/MoraiScenarioLoadSrv.srv[0m
[ 93%] Built target morai_msgs_generate_messages_eus
[ 93%] [34m[1mGenerating C++ code from morai_msgs/MoraiSimProcSrv.srv[0m
[ 93%] [34m[1mGenerating Python from MSG morai_msgs/IntersectionControl[0m
[ 93%] [34m[1mGenerating Python from MSG morai_msgs/ObjectStatus[0m
[ 94%] [34m[1mGenerating C++ code from morai_msgs/MoraiTLInfoSrv.srv[0m
[ 95%] [34m[1mGenerating Python from MSG morai_msgs/EgoVehiclePosition[0m
[ 95%] [34m[1mGenerating Python code from SRV morai_msgs/MoraiScenarioLoadSrv[0m
[ 96%] [34m[1mGenerating Python code from SRV morai_msgs/MoraiSimProcSrv[0m
[ 96%] [34m[1mGenerating Python code from SRV morai_msgs/MoraiTLInfoSrv[0m
[ 96%] [34m[1mGenerating Python code from SRV morai_msgs/MoraiVehicleSpecSrv[0m
[ 96%] [34m[1mGenerating C++ code from morai_msgs/MoraiVehicleSpecSrv.srv[0m
[ 97%] [34m[1mGenerating Python code from SRV morai_msgs/MoraiEventCmdSrv[0m
[ 98%] [34m[1mGenerating C++ code from morai_msgs/MoraiEventCmdSrv.srv[0m
[100%] [34m[1mGenerating Python srv __init__.py for morai_msgs[0m
[100%] [34m[1mGenerating Python msg __init__.py for morai_msgs[0m
[100%] Built target morai_msgs_generate_messages_cpp
[100%] Built target morai_msgs_generate_messages_py
[35m[1mScanning dependencies of target morai_msgs_generate_messages[0m
[100%] Built target morai_msgs_generate_messages
