[  0%] Built target _morai_msgs_generate_messages_check_deps_VehicleCommand
[  0%] Built target _morai_msgs_generate_messages_check_deps_RadarTrack
[  0%] Built target _morai_msgs_generate_messages_check_deps_ReplayInfo
[  0%] Built target _morai_msgs_generate_messages_check_deps_TrafficLight
[  0%] Built target _morai_msgs_generate_messages_check_deps_Lamps
[  0%] Built target _morai_msgs_generate_messages_check_deps_ObjectInfo
[  0%] Built target _morai_msgs_generate_messages_check_deps_MoraiTLIndex
[  0%] Built target _morai_msgs_generate_messages_check_deps_MoraiTLInfoSrv
[  0%] Built target _morai_msgs_generate_messages_check_deps_MoraiScenarioLoadSrv
[  0%] Built target _morai_msgs_generate_messages_check_deps_SVehicleStatus
[  0%] Built target geometry_msgs_generate_messages_eus
[  0%] Built target _morai_msgs_generate_messages_check_deps_MultiEgoSetting
[  0%] Built target _morai_msgs_generate_messages_check_deps_ScenarioLoad
[  0%] Built target _morai_msgs_generate_messages_check_deps_VehicleSpecIndex
[  0%] Built target _morai_msgs_generate_messages_check_deps_MoraiEventCmdSrv
[  0%] Built target _morai_msgs_generate_messages_check_deps_IntscnTL
[  0%] Built target _morai_msgs_generate_messages_check_deps_VelPlot
[  0%] Built target _morai_msgs_generate_messages_check_deps_ERP42Info
[  0%] Built target _morai_msgs_generate_messages_check_deps_SetTrafficLight
[  0%] Built target _morai_msgs_generate_messages_check_deps_Mgeo
[  0%] Built target _morai_msgs_generate_messages_check_deps_SensorPosControl
[  0%] Built target _morai_msgs_generate_messages_check_deps_GuideData
[  0%] Built target _morai_msgs_generate_messages_check_deps_MgeoNode
[  0%] Built target _morai_msgs_generate_messages_check_deps_RadarTracks
[  0%] Built target _morai_msgs_generate_messages_check_deps_FactoryAddress
[  0%] Built target _morai_msgs_generate_messages_check_deps_GetTrafficLightStatus
[  0%] Built target _morai_msgs_generate_messages_check_deps_SaveSensorData
[  0%] Built target _morai_msgs_generate_messages_check_deps_MoraiSrvResponse
[  0%] Built target _morai_msgs_generate_messages_check_deps_IntersectionStatus
[  0%] Built target _morai_msgs_generate_messages_check_deps_MoraiSimProcHandle
[  0%] Built target _morai_msgs_generate_messages_check_deps_VehicleSpec
[  0%] Built target _morai_msgs_generate_messages_check_deps_MgeoLink
[  0%] Built target _morai_msgs_generate_messages_check_deps_MoraiTimestamp
[  0%] Built target std_msgs_generate_messages_eus
[  0%] Built target _morai_msgs_generate_messages_check_deps_CollisionData
[  0%] Built target _morai_msgs_generate_messages_check_deps_CtrlCmd
[  0%] Built target _morai_msgs_generate_messages_check_deps_MoraiSimProcSrv
[  0%] Built target _morai_msgs_generate_messages_check_deps_MoraiVehicleSpecSrv
[  0%] Built target _morai_msgs_generate_messages_check_deps_ObjectStatusList
[  0%] Built target _morai_msgs_generate_messages_check_deps_EgoVehicleVelocity
[  0%] Built target _morai_msgs_generate_messages_check_deps_IntersectionControl
[  0%] Built target _morai_msgs_generate_messages_check_deps_ObjectStatus
[  0%] Built target _morai_msgs_generate_messages_check_deps_EgoVehiclePosition
[  0%] Built target _morai_msgs_generate_messages_check_deps_GPSMessage
[  0%] Built target _morai_msgs_generate_messages_check_deps_GenericVehicleControl
[  0%] Built target _morai_msgs_generate_messages_check_deps_GhostMessage
[  0%] Built target _morai_msgs_generate_messages_check_deps_MoraiTLInfo
[  0%] Built target _morai_msgs_generate_messages_check_deps_MoraiSimProcStatus
[  0%] Built target _morai_msgs_generate_messages_check_deps_MgeoLinkList
[  0%] Built target _morai_msgs_generate_messages_check_deps_EgoVehicleStatus
[  0%] Built target geometry_msgs_generate_messages_lisp
[  0%] Built target _morai_msgs_generate_messages_check_deps_MgeoNodeList
[  0%] Built target std_msgs_generate_messages_lisp
[  0%] Built target std_msgs_generate_messages_cpp
[  0%] Built target geometry_msgs_generate_messages_cpp
[  0%] Built target _morai_msgs_generate_messages_check_deps_EventInfo
[  0%] Built target std_msgs_generate_messages_nodejs
[  0%] Built target geometry_msgs_generate_messages_nodejs
[  0%] Built target std_msgs_generate_messages_py
[  0%] Built target geometry_msgs_generate_messages_py
[ 19%] Built target morai_msgs_generate_messages_eus
[ 39%] Built target morai_msgs_generate_messages_lisp
[ 59%] Built target morai_msgs_generate_messages_nodejs
[100%] Built target morai_msgs_generate_messages_cpp
[100%] Built target morai_msgs_generate_messages_py
[100%] Built target morai_msgs_generate_messages
