Determining if the pthread_create exist failed with the following output:
Change Dir: /home/kw-cobot/catkin_ws/build/rotate_recovery/CMakeFiles/CMakeTmp

Run Build Command:"/usr/bin/make" "cmTC_b58dc/fast"
/usr/bin/make -f CMakeFiles/cmTC_b58dc.dir/build.make CMakeFiles/cmTC_b58dc.dir/build
make[1]: 디렉터리 '/home/kw-cobot/catkin_ws/build/rotate_recovery/CMakeFiles/CMakeTmp' 들어감
Building C object CMakeFiles/cmTC_b58dc.dir/CheckSymbolExists.c.o
/usr/bin/cc    -o CMakeFiles/cmTC_b58dc.dir/CheckSymbolExists.c.o   -c /home/kw-cobot/catkin_ws/build/rotate_recovery/CMakeFiles/CMakeTmp/CheckSymbolExists.c
Linking C executable cmTC_b58dc
/usr/bin/cmake -E cmake_link_script CMakeFiles/cmTC_b58dc.dir/link.txt --verbose=1
/usr/bin/cc      -rdynamic CMakeFiles/cmTC_b58dc.dir/CheckSymbolExists.c.o  -o cmTC_b58dc 
CMakeFiles/cmTC_b58dc.dir/CheckSymbolExists.c.o: In function `main':
CheckSymbolExists.c:(.text+0x1b): undefined reference to `pthread_create'
collect2: error: ld returned 1 exit status
CMakeFiles/cmTC_b58dc.dir/build.make:97: recipe for target 'cmTC_b58dc' failed
make[1]: *** [cmTC_b58dc] Error 1
make[1]: 디렉터리 '/home/kw-cobot/catkin_ws/build/rotate_recovery/CMakeFiles/CMakeTmp' 나감
Makefile:126: recipe for target 'cmTC_b58dc/fast' failed
make: *** [cmTC_b58dc/fast] Error 2

File /home/kw-cobot/catkin_ws/build/rotate_recovery/CMakeFiles/CMakeTmp/CheckSymbolExists.c:
/* */
#include <pthread.h>

int main(int argc, char** argv)
{
  (void)argv;
#ifndef pthread_create
  return ((int*)(&pthread_create))[argc];
#else
  (void)argc;
  return 0;
#endif
}

Determining if the function pthread_create exists in the pthreads failed with the following output:
Change Dir: /home/kw-cobot/catkin_ws/build/rotate_recovery/CMakeFiles/CMakeTmp

Run Build Command:"/usr/bin/make" "cmTC_f840b/fast"
/usr/bin/make -f CMakeFiles/cmTC_f840b.dir/build.make CMakeFiles/cmTC_f840b.dir/build
make[1]: 디렉터리 '/home/kw-cobot/catkin_ws/build/rotate_recovery/CMakeFiles/CMakeTmp' 들어감
Building C object CMakeFiles/cmTC_f840b.dir/CheckFunctionExists.c.o
/usr/bin/cc   -DCHECK_FUNCTION_EXISTS=pthread_create   -o CMakeFiles/cmTC_f840b.dir/CheckFunctionExists.c.o   -c /usr/share/cmake-3.10/Modules/CheckFunctionExists.c
Linking C executable cmTC_f840b
/usr/bin/cmake -E cmake_link_script CMakeFiles/cmTC_f840b.dir/link.txt --verbose=1
/usr/bin/cc  -DCHECK_FUNCTION_EXISTS=pthread_create    -rdynamic CMakeFiles/cmTC_f840b.dir/CheckFunctionExists.c.o  -o cmTC_f840b -lpthreads 
/usr/bin/ld: cannot find -lpthreads
collect2: error: ld returned 1 exit status
CMakeFiles/cmTC_f840b.dir/build.make:97: recipe for target 'cmTC_f840b' failed
make[1]: *** [cmTC_f840b] Error 1
make[1]: 디렉터리 '/home/kw-cobot/catkin_ws/build/rotate_recovery/CMakeFiles/CMakeTmp' 나감
Makefile:126: recipe for target 'cmTC_f840b/fast' failed
make: *** [cmTC_f840b/fast] Error 2


