Determining if the pthread_create exist failed with the following output:
Change Dir: /home/kw-cobot/catkin_ws/build/turtlebot3_teleop/CMakeFiles/CMakeTmp

Run Build Command:"/usr/bin/make" "cmTC_43bbe/fast"
/usr/bin/make -f CMakeFiles/cmTC_43bbe.dir/build.make CMakeFiles/cmTC_43bbe.dir/build
make[1]: 디렉터리 '/home/kw-cobot/catkin_ws/build/turtlebot3_teleop/CMakeFiles/CMakeTmp' 들어감
Building C object CMakeFiles/cmTC_43bbe.dir/CheckSymbolExists.c.o
/usr/bin/cc    -o CMakeFiles/cmTC_43bbe.dir/CheckSymbolExists.c.o   -c /home/kw-cobot/catkin_ws/build/turtlebot3_teleop/CMakeFiles/CMakeTmp/CheckSymbolExists.c
Linking C executable cmTC_43bbe
/usr/bin/cmake -E cmake_link_script CMakeFiles/cmTC_43bbe.dir/link.txt --verbose=1
/usr/bin/cc      -rdynamic CMakeFiles/cmTC_43bbe.dir/CheckSymbolExists.c.o  -o cmTC_43bbe 
CMakeFiles/cmTC_43bbe.dir/CheckSymbolExists.c.o: In function `main':
CheckSymbolExists.c:(.text+0x1b): undefined reference to `pthread_create'
collect2: error: ld returned 1 exit status
CMakeFiles/cmTC_43bbe.dir/build.make:97: recipe for target 'cmTC_43bbe' failed
make[1]: *** [cmTC_43bbe] Error 1
make[1]: 디렉터리 '/home/kw-cobot/catkin_ws/build/turtlebot3_teleop/CMakeFiles/CMakeTmp' 나감
Makefile:126: recipe for target 'cmTC_43bbe/fast' failed
make: *** [cmTC_43bbe/fast] Error 2

File /home/kw-cobot/catkin_ws/build/turtlebot3_teleop/CMakeFiles/CMakeTmp/CheckSymbolExists.c:
/* */
#include <pthread.h>

int main(int argc, char** argv)
{
  (void)argv;
#ifndef pthread_create
  return ((int*)(&pthread_create))[argc];
#else
  (void)argc;
  return 0;
#endif
}

Determining if the function pthread_create exists in the pthreads failed with the following output:
Change Dir: /home/kw-cobot/catkin_ws/build/turtlebot3_teleop/CMakeFiles/CMakeTmp

Run Build Command:"/usr/bin/make" "cmTC_61324/fast"
/usr/bin/make -f CMakeFiles/cmTC_61324.dir/build.make CMakeFiles/cmTC_61324.dir/build
make[1]: 디렉터리 '/home/kw-cobot/catkin_ws/build/turtlebot3_teleop/CMakeFiles/CMakeTmp' 들어감
Building C object CMakeFiles/cmTC_61324.dir/CheckFunctionExists.c.o
/usr/bin/cc   -DCHECK_FUNCTION_EXISTS=pthread_create   -o CMakeFiles/cmTC_61324.dir/CheckFunctionExists.c.o   -c /usr/share/cmake-3.10/Modules/CheckFunctionExists.c
Linking C executable cmTC_61324
/usr/bin/cmake -E cmake_link_script CMakeFiles/cmTC_61324.dir/link.txt --verbose=1
/usr/bin/cc  -DCHECK_FUNCTION_EXISTS=pthread_create    -rdynamic CMakeFiles/cmTC_61324.dir/CheckFunctionExists.c.o  -o cmTC_61324 -lpthreads 
/usr/bin/ld: cannot find -lpthreads
collect2: error: ld returned 1 exit status
CMakeFiles/cmTC_61324.dir/build.make:97: recipe for target 'cmTC_61324' failed
make[1]: *** [cmTC_61324] Error 1
make[1]: 디렉터리 '/home/kw-cobot/catkin_ws/build/turtlebot3_teleop/CMakeFiles/CMakeTmp' 나감
Makefile:126: recipe for target 'cmTC_61324/fast' failed
make: *** [cmTC_61324/fast] Error 2


