Symlinking /home/kw-cobot/catkin_ws/devel/include/omo_r1mini_bringup/SaveColor.h
Symlinking /home/kw-cobot/catkin_ws/devel/include/omo_r1mini_bringup/Calg.h
Symlinking /home/kw-cobot/catkin_ws/devel/include/omo_r1mini_bringup/Color.h
Symlinking /home/kw-cobot/catkin_ws/devel/include/omo_r1mini_bringup/SaveColorResponse.h
Symlinking /home/kw-cobot/catkin_ws/devel/include/omo_r1mini_bringup/BatteryResponse.h
Symlinking /home/kw-cobot/catkin_ws/devel/include/omo_r1mini_bringup/ResetOdomRequest.h
Symlinking /home/kw-cobot/catkin_ws/devel/include/omo_r1mini_bringup/ColorResponse.h
Symlinking /home/kw-cobot/catkin_ws/devel/include/omo_r1mini_bringup/Battery.h
Symlinking /home/kw-cobot/catkin_ws/devel/include/omo_r1mini_bringup/ColorRequest.h
Symlinking /home/kw-cobot/catkin_ws/devel/include/omo_r1mini_bringup/CalgResponse.h
Symlinking /home/kw-cobot/catkin_ws/devel/include/omo_r1mini_bringup/CalgRequest.h
Symlinking /home/kw-cobot/catkin_ws/devel/include/omo_r1mini_bringup/SaveColorRequest.h
Symlinking /home/kw-cobot/catkin_ws/devel/include/omo_r1mini_bringup/ResetOdom.h
Symlinking /home/kw-cobot/catkin_ws/devel/include/omo_r1mini_bringup/ResetOdomResponse.h
Symlinking /home/kw-cobot/catkin_ws/devel/include/omo_r1mini_bringup/BatteryRequest.h
Symlinking /home/kw-cobot/catkin_ws/devel/share/roseus/ros/omo_r1mini_bringup/manifest.l
Symlinking /home/kw-cobot/catkin_ws/devel/share/roseus/ros/omo_r1mini_bringup/srv/Calg.l
Symlinking /home/kw-cobot/catkin_ws/devel/share/roseus/ros/omo_r1mini_bringup/srv/ResetOdom.l
Symlinking /home/kw-cobot/catkin_ws/devel/share/roseus/ros/omo_r1mini_bringup/srv/SaveColor.l
Symlinking /home/kw-cobot/catkin_ws/devel/share/roseus/ros/omo_r1mini_bringup/srv/Color.l
Symlinking /home/kw-cobot/catkin_ws/devel/share/roseus/ros/omo_r1mini_bringup/srv/Battery.l
Symlinking /home/kw-cobot/catkin_ws/devel/share/common-lisp/ros/omo_r1mini_bringup/srv/_package_Calg.lisp
Symlinking /home/kw-cobot/catkin_ws/devel/share/common-lisp/ros/omo_r1mini_bringup/srv/omo_r1mini_bringup-srv.asd
Symlinking /home/kw-cobot/catkin_ws/devel/share/common-lisp/ros/omo_r1mini_bringup/srv/ResetOdom.lisp
Symlinking /home/kw-cobot/catkin_ws/devel/share/common-lisp/ros/omo_r1mini_bringup/srv/Color.lisp
Symlinking /home/kw-cobot/catkin_ws/devel/share/common-lisp/ros/omo_r1mini_bringup/srv/Battery.lisp
Symlinking /home/kw-cobot/catkin_ws/devel/share/common-lisp/ros/omo_r1mini_bringup/srv/_package_ResetOdom.lisp
Symlinking /home/kw-cobot/catkin_ws/devel/share/common-lisp/ros/omo_r1mini_bringup/srv/_package_Color.lisp
Symlinking /home/kw-cobot/catkin_ws/devel/share/common-lisp/ros/omo_r1mini_bringup/srv/_package.lisp
Symlinking /home/kw-cobot/catkin_ws/devel/share/common-lisp/ros/omo_r1mini_bringup/srv/_package_SaveColor.lisp
Symlinking /home/kw-cobot/catkin_ws/devel/share/common-lisp/ros/omo_r1mini_bringup/srv/Calg.lisp
Symlinking /home/kw-cobot/catkin_ws/devel/share/common-lisp/ros/omo_r1mini_bringup/srv/SaveColor.lisp
Symlinking /home/kw-cobot/catkin_ws/devel/share/common-lisp/ros/omo_r1mini_bringup/srv/_package_Battery.lisp
Symlinking /home/kw-cobot/catkin_ws/devel/share/omo_r1mini_bringup/cmake/omo_r1mini_bringupConfig-version.cmake
Symlinking /home/kw-cobot/catkin_ws/devel/share/omo_r1mini_bringup/cmake/omo_r1mini_bringup-msg-extras.cmake
Symlinking /home/kw-cobot/catkin_ws/devel/share/omo_r1mini_bringup/cmake/omo_r1mini_bringupConfig.cmake
Symlinking /home/kw-cobot/catkin_ws/devel/share/omo_r1mini_bringup/cmake/omo_r1mini_bringup-msg-paths.cmake
Symlinking /home/kw-cobot/catkin_ws/devel/share/gennodejs/ros/omo_r1mini_bringup/_index.js
Symlinking /home/kw-cobot/catkin_ws/devel/share/gennodejs/ros/omo_r1mini_bringup/srv/SaveColor.js
Symlinking /home/kw-cobot/catkin_ws/devel/share/gennodejs/ros/omo_r1mini_bringup/srv/Calg.js
Symlinking /home/kw-cobot/catkin_ws/devel/share/gennodejs/ros/omo_r1mini_bringup/srv/_index.js
Symlinking /home/kw-cobot/catkin_ws/devel/share/gennodejs/ros/omo_r1mini_bringup/srv/Color.js
Symlinking /home/kw-cobot/catkin_ws/devel/share/gennodejs/ros/omo_r1mini_bringup/srv/Battery.js
Symlinking /home/kw-cobot/catkin_ws/devel/share/gennodejs/ros/omo_r1mini_bringup/srv/ResetOdom.js
Symlinking /home/kw-cobot/catkin_ws/devel/lib/python2.7/dist-packages/omo_r1mini_bringup/__init__.py
Symlinking /home/kw-cobot/catkin_ws/devel/lib/python2.7/dist-packages/omo_r1mini_bringup/srv/_SaveColor.py
Symlinking /home/kw-cobot/catkin_ws/devel/lib/python2.7/dist-packages/omo_r1mini_bringup/srv/_Color.py
Symlinking /home/kw-cobot/catkin_ws/devel/lib/python2.7/dist-packages/omo_r1mini_bringup/srv/_Battery.py
Symlinking /home/kw-cobot/catkin_ws/devel/lib/python2.7/dist-packages/omo_r1mini_bringup/srv/_Calg.py
Symlinking /home/kw-cobot/catkin_ws/devel/lib/python2.7/dist-packages/omo_r1mini_bringup/srv/__init__.py
Symlinking /home/kw-cobot/catkin_ws/devel/lib/python2.7/dist-packages/omo_r1mini_bringup/srv/_ResetOdom.py
Symlinking /home/kw-cobot/catkin_ws/devel/lib/pkgconfig/omo_r1mini_bringup.pc
