[35m[1mScanning dependencies of target _omo_r1mini_bringup_generate_messages_check_deps_Color[0m
[35m[1mScanning dependencies of target _omo_r1mini_bringup_generate_messages_check_deps_ResetOdom[0m
[35m[1mScanning dependencies of target std_msgs_generate_messages_eus[0m
[35m[1mScanning dependencies of target _omo_r1mini_bringup_generate_messages_check_deps_Battery[0m
[35m[1mScanning dependencies of target _omo_r1mini_bringup_generate_messages_check_deps_SaveColor[0m
[35m[1mScanning dependencies of target _omo_r1mini_bringup_generate_messages_check_deps_Calg[0m
[  0%] Built target std_msgs_generate_messages_eus
[35m[1mScanning dependencies of target std_msgs_generate_messages_py[0m
[  0%] Built target _omo_r1mini_bringup_generate_messages_check_deps_Calg
[  0%] Built target _omo_r1mini_bringup_generate_messages_check_deps_SaveColor
[  0%] Built target _omo_r1mini_bringup_generate_messages_check_deps_Battery
[  0%] Built target _omo_r1mini_bringup_generate_messages_check_deps_ResetOdom
[  0%] Built target std_msgs_generate_messages_py
[  0%] Built target _omo_r1mini_bringup_generate_messages_check_deps_Color
[35m[1mScanning dependencies of target std_msgs_generate_messages_lisp[0m
[35m[1mScanning dependencies of target std_msgs_generate_messages_nodejs[0m
[35m[1mScanning dependencies of target std_msgs_generate_messages_cpp[0m
[  0%] Built target std_msgs_generate_messages_nodejs
[35m[1mScanning dependencies of target omo_r1mini_bringup_generate_messages_py[0m
[35m[1mScanning dependencies of target omo_r1mini_bringup_generate_messages_eus[0m
[  0%] Built target std_msgs_generate_messages_cpp
[  3%] [34m[1mGenerating Python code from SRV omo_r1mini_bringup/Calg[0m
[  3%] Built target std_msgs_generate_messages_lisp
[  7%] [34m[1mGenerating Python code from SRV omo_r1mini_bringup/SaveColor[0m
[ 11%] [34m[1mGenerating EusLisp code from omo_r1mini_bringup/Calg.srv[0m
[ 14%] [34m[1mGenerating Python code from SRV omo_r1mini_bringup/Color[0m
[ 18%] [34m[1mGenerating EusLisp code from omo_r1mini_bringup/SaveColor.srv[0m
[35m[1mScanning dependencies of target omo_r1mini_bringup_generate_messages_nodejs[0m
[ 22%] [34m[1mGenerating Javascript code from omo_r1mini_bringup/Calg.srv[0m
[ 25%] [34m[1mGenerating EusLisp code from omo_r1mini_bringup/Color.srv[0m
[ 29%] [34m[1mGenerating EusLisp code from omo_r1mini_bringup/ResetOdom.srv[0m
[ 33%] [34m[1mGenerating Python code from SRV omo_r1mini_bringup/ResetOdom[0m
[ 37%] [34m[1mGenerating Javascript code from omo_r1mini_bringup/SaveColor.srv[0m
[ 40%] [34m[1mGenerating Python code from SRV omo_r1mini_bringup/Battery[0m
[ 44%] [34m[1mGenerating EusLisp code from omo_r1mini_bringup/Battery.srv[0m
[35m[1mScanning dependencies of target omo_r1mini_bringup_generate_messages_cpp[0m
[ 48%] [34m[1mGenerating Javascript code from omo_r1mini_bringup/Color.srv[0m
[ 51%] [34m[1mGenerating C++ code from omo_r1mini_bringup/Calg.srv[0m
[ 55%] [34m[1mGenerating EusLisp manifest code for omo_r1mini_bringup[0m
[ 59%] [34m[1mGenerating Javascript code from omo_r1mini_bringup/ResetOdom.srv[0m
[ 62%] [34m[1mGenerating Javascript code from omo_r1mini_bringup/Battery.srv[0m
[ 66%] [34m[1mGenerating C++ code from omo_r1mini_bringup/SaveColor.srv[0m
[ 70%] [34m[1mGenerating C++ code from omo_r1mini_bringup/Color.srv[0m
[ 70%] Built target omo_r1mini_bringup_generate_messages_nodejs
[ 74%] [34m[1mGenerating Python srv __init__.py for omo_r1mini_bringup[0m
[ 77%] [34m[1mGenerating C++ code from omo_r1mini_bringup/ResetOdom.srv[0m
[ 81%] [34m[1mGenerating C++ code from omo_r1mini_bringup/Battery.srv[0m
[35m[1mScanning dependencies of target omo_r1mini_bringup_generate_messages_lisp[0m
[ 85%] [34m[1mGenerating Lisp code from omo_r1mini_bringup/Calg.srv[0m
[ 88%] [34m[1mGenerating Lisp code from omo_r1mini_bringup/SaveColor.srv[0m
[ 88%] Built target omo_r1mini_bringup_generate_messages_py
[ 92%] [34m[1mGenerating Lisp code from omo_r1mini_bringup/Color.srv[0m
[ 96%] [34m[1mGenerating Lisp code from omo_r1mini_bringup/ResetOdom.srv[0m
[100%] [34m[1mGenerating Lisp code from omo_r1mini_bringup/Battery.srv[0m
[100%] Built target omo_r1mini_bringup_generate_messages_lisp
[100%] Built target omo_r1mini_bringup_generate_messages_cpp
[100%] Built target omo_r1mini_bringup_generate_messages_eus
[35m[1mScanning dependencies of target omo_r1mini_bringup_generate_messages[0m
[100%] Built target omo_r1mini_bringup_generate_messages
