Linked: (/home/kw-cobot/catkin_ws/devel/.private/omo_r1mini_bringup/include/omo_r1mini_bringup/SaveColor.h, /home/kw-cobot/catkin_ws/devel/include/omo_r1mini_bringup/SaveColor.h)
Linked: (/home/kw-cobot/catkin_ws/devel/.private/omo_r1mini_bringup/include/omo_r1mini_bringup/Calg.h, /home/kw-cobot/catkin_ws/devel/include/omo_r1mini_bringup/Calg.h)
Linked: (/home/kw-cobot/catkin_ws/devel/.private/omo_r1mini_bringup/include/omo_r1mini_bringup/Color.h, /home/kw-cobot/catkin_ws/devel/include/omo_r1mini_bringup/Color.h)
Linked: (/home/kw-cobot/catkin_ws/devel/.private/omo_r1mini_bringup/include/omo_r1mini_bringup/SaveColorResponse.h, /home/kw-cobot/catkin_ws/devel/include/omo_r1mini_bringup/SaveColorResponse.h)
Linked: (/home/kw-cobot/catkin_ws/devel/.private/omo_r1mini_bringup/include/omo_r1mini_bringup/BatteryResponse.h, /home/kw-cobot/catkin_ws/devel/include/omo_r1mini_bringup/BatteryResponse.h)
Linked: (/home/kw-cobot/catkin_ws/devel/.private/omo_r1mini_bringup/include/omo_r1mini_bringup/ResetOdomRequest.h, /home/kw-cobot/catkin_ws/devel/include/omo_r1mini_bringup/ResetOdomRequest.h)
Linked: (/home/kw-cobot/catkin_ws/devel/.private/omo_r1mini_bringup/include/omo_r1mini_bringup/ColorResponse.h, /home/kw-cobot/catkin_ws/devel/include/omo_r1mini_bringup/ColorResponse.h)
Linked: (/home/kw-cobot/catkin_ws/devel/.private/omo_r1mini_bringup/include/omo_r1mini_bringup/Battery.h, /home/kw-cobot/catkin_ws/devel/include/omo_r1mini_bringup/Battery.h)
Linked: (/home/kw-cobot/catkin_ws/devel/.private/omo_r1mini_bringup/include/omo_r1mini_bringup/ColorRequest.h, /home/kw-cobot/catkin_ws/devel/include/omo_r1mini_bringup/ColorRequest.h)
Linked: (/home/kw-cobot/catkin_ws/devel/.private/omo_r1mini_bringup/include/omo_r1mini_bringup/CalgResponse.h, /home/kw-cobot/catkin_ws/devel/include/omo_r1mini_bringup/CalgResponse.h)
Linked: (/home/kw-cobot/catkin_ws/devel/.private/omo_r1mini_bringup/include/omo_r1mini_bringup/CalgRequest.h, /home/kw-cobot/catkin_ws/devel/include/omo_r1mini_bringup/CalgRequest.h)
Linked: (/home/kw-cobot/catkin_ws/devel/.private/omo_r1mini_bringup/include/omo_r1mini_bringup/SaveColorRequest.h, /home/kw-cobot/catkin_ws/devel/include/omo_r1mini_bringup/SaveColorRequest.h)
Linked: (/home/kw-cobot/catkin_ws/devel/.private/omo_r1mini_bringup/include/omo_r1mini_bringup/ResetOdom.h, /home/kw-cobot/catkin_ws/devel/include/omo_r1mini_bringup/ResetOdom.h)
Linked: (/home/kw-cobot/catkin_ws/devel/.private/omo_r1mini_bringup/include/omo_r1mini_bringup/ResetOdomResponse.h, /home/kw-cobot/catkin_ws/devel/include/omo_r1mini_bringup/ResetOdomResponse.h)
Linked: (/home/kw-cobot/catkin_ws/devel/.private/omo_r1mini_bringup/include/omo_r1mini_bringup/BatteryRequest.h, /home/kw-cobot/catkin_ws/devel/include/omo_r1mini_bringup/BatteryRequest.h)
Linked: (/home/kw-cobot/catkin_ws/devel/.private/omo_r1mini_bringup/share/roseus/ros/omo_r1mini_bringup/manifest.l, /home/kw-cobot/catkin_ws/devel/share/roseus/ros/omo_r1mini_bringup/manifest.l)
Linked: (/home/kw-cobot/catkin_ws/devel/.private/omo_r1mini_bringup/share/roseus/ros/omo_r1mini_bringup/srv/Calg.l, /home/kw-cobot/catkin_ws/devel/share/roseus/ros/omo_r1mini_bringup/srv/Calg.l)
Linked: (/home/kw-cobot/catkin_ws/devel/.private/omo_r1mini_bringup/share/roseus/ros/omo_r1mini_bringup/srv/ResetOdom.l, /home/kw-cobot/catkin_ws/devel/share/roseus/ros/omo_r1mini_bringup/srv/ResetOdom.l)
Linked: (/home/kw-cobot/catkin_ws/devel/.private/omo_r1mini_bringup/share/roseus/ros/omo_r1mini_bringup/srv/SaveColor.l, /home/kw-cobot/catkin_ws/devel/share/roseus/ros/omo_r1mini_bringup/srv/SaveColor.l)
Linked: (/home/kw-cobot/catkin_ws/devel/.private/omo_r1mini_bringup/share/roseus/ros/omo_r1mini_bringup/srv/Color.l, /home/kw-cobot/catkin_ws/devel/share/roseus/ros/omo_r1mini_bringup/srv/Color.l)
Linked: (/home/kw-cobot/catkin_ws/devel/.private/omo_r1mini_bringup/share/roseus/ros/omo_r1mini_bringup/srv/Battery.l, /home/kw-cobot/catkin_ws/devel/share/roseus/ros/omo_r1mini_bringup/srv/Battery.l)
Linked: (/home/kw-cobot/catkin_ws/devel/.private/omo_r1mini_bringup/share/common-lisp/ros/omo_r1mini_bringup/srv/_package_Calg.lisp, /home/kw-cobot/catkin_ws/devel/share/common-lisp/ros/omo_r1mini_bringup/srv/_package_Calg.lisp)
Linked: (/home/kw-cobot/catkin_ws/devel/.private/omo_r1mini_bringup/share/common-lisp/ros/omo_r1mini_bringup/srv/omo_r1mini_bringup-srv.asd, /home/kw-cobot/catkin_ws/devel/share/common-lisp/ros/omo_r1mini_bringup/srv/omo_r1mini_bringup-srv.asd)
Linked: (/home/kw-cobot/catkin_ws/devel/.private/omo_r1mini_bringup/share/common-lisp/ros/omo_r1mini_bringup/srv/ResetOdom.lisp, /home/kw-cobot/catkin_ws/devel/share/common-lisp/ros/omo_r1mini_bringup/srv/ResetOdom.lisp)
Linked: (/home/kw-cobot/catkin_ws/devel/.private/omo_r1mini_bringup/share/common-lisp/ros/omo_r1mini_bringup/srv/Color.lisp, /home/kw-cobot/catkin_ws/devel/share/common-lisp/ros/omo_r1mini_bringup/srv/Color.lisp)
Linked: (/home/kw-cobot/catkin_ws/devel/.private/omo_r1mini_bringup/share/common-lisp/ros/omo_r1mini_bringup/srv/Battery.lisp, /home/kw-cobot/catkin_ws/devel/share/common-lisp/ros/omo_r1mini_bringup/srv/Battery.lisp)
Linked: (/home/kw-cobot/catkin_ws/devel/.private/omo_r1mini_bringup/share/common-lisp/ros/omo_r1mini_bringup/srv/_package_ResetOdom.lisp, /home/kw-cobot/catkin_ws/devel/share/common-lisp/ros/omo_r1mini_bringup/srv/_package_ResetOdom.lisp)
Linked: (/home/kw-cobot/catkin_ws/devel/.private/omo_r1mini_bringup/share/common-lisp/ros/omo_r1mini_bringup/srv/_package_Color.lisp, /home/kw-cobot/catkin_ws/devel/share/common-lisp/ros/omo_r1mini_bringup/srv/_package_Color.lisp)
Linked: (/home/kw-cobot/catkin_ws/devel/.private/omo_r1mini_bringup/share/common-lisp/ros/omo_r1mini_bringup/srv/_package.lisp, /home/kw-cobot/catkin_ws/devel/share/common-lisp/ros/omo_r1mini_bringup/srv/_package.lisp)
Linked: (/home/kw-cobot/catkin_ws/devel/.private/omo_r1mini_bringup/share/common-lisp/ros/omo_r1mini_bringup/srv/_package_SaveColor.lisp, /home/kw-cobot/catkin_ws/devel/share/common-lisp/ros/omo_r1mini_bringup/srv/_package_SaveColor.lisp)
Linked: (/home/kw-cobot/catkin_ws/devel/.private/omo_r1mini_bringup/share/common-lisp/ros/omo_r1mini_bringup/srv/Calg.lisp, /home/kw-cobot/catkin_ws/devel/share/common-lisp/ros/omo_r1mini_bringup/srv/Calg.lisp)
Linked: (/home/kw-cobot/catkin_ws/devel/.private/omo_r1mini_bringup/share/common-lisp/ros/omo_r1mini_bringup/srv/SaveColor.lisp, /home/kw-cobot/catkin_ws/devel/share/common-lisp/ros/omo_r1mini_bringup/srv/SaveColor.lisp)
Linked: (/home/kw-cobot/catkin_ws/devel/.private/omo_r1mini_bringup/share/common-lisp/ros/omo_r1mini_bringup/srv/_package_Battery.lisp, /home/kw-cobot/catkin_ws/devel/share/common-lisp/ros/omo_r1mini_bringup/srv/_package_Battery.lisp)
Linked: (/home/kw-cobot/catkin_ws/devel/.private/omo_r1mini_bringup/share/omo_r1mini_bringup/cmake/omo_r1mini_bringupConfig-version.cmake, /home/kw-cobot/catkin_ws/devel/share/omo_r1mini_bringup/cmake/omo_r1mini_bringupConfig-version.cmake)
Linked: (/home/kw-cobot/catkin_ws/devel/.private/omo_r1mini_bringup/share/omo_r1mini_bringup/cmake/omo_r1mini_bringup-msg-extras.cmake, /home/kw-cobot/catkin_ws/devel/share/omo_r1mini_bringup/cmake/omo_r1mini_bringup-msg-extras.cmake)
Linked: (/home/kw-cobot/catkin_ws/devel/.private/omo_r1mini_bringup/share/omo_r1mini_bringup/cmake/omo_r1mini_bringupConfig.cmake, /home/kw-cobot/catkin_ws/devel/share/omo_r1mini_bringup/cmake/omo_r1mini_bringupConfig.cmake)
Linked: (/home/kw-cobot/catkin_ws/devel/.private/omo_r1mini_bringup/share/omo_r1mini_bringup/cmake/omo_r1mini_bringup-msg-paths.cmake, /home/kw-cobot/catkin_ws/devel/share/omo_r1mini_bringup/cmake/omo_r1mini_bringup-msg-paths.cmake)
Linked: (/home/kw-cobot/catkin_ws/devel/.private/omo_r1mini_bringup/share/gennodejs/ros/omo_r1mini_bringup/_index.js, /home/kw-cobot/catkin_ws/devel/share/gennodejs/ros/omo_r1mini_bringup/_index.js)
Linked: (/home/kw-cobot/catkin_ws/devel/.private/omo_r1mini_bringup/share/gennodejs/ros/omo_r1mini_bringup/srv/SaveColor.js, /home/kw-cobot/catkin_ws/devel/share/gennodejs/ros/omo_r1mini_bringup/srv/SaveColor.js)
Linked: (/home/kw-cobot/catkin_ws/devel/.private/omo_r1mini_bringup/share/gennodejs/ros/omo_r1mini_bringup/srv/Calg.js, /home/kw-cobot/catkin_ws/devel/share/gennodejs/ros/omo_r1mini_bringup/srv/Calg.js)
Linked: (/home/kw-cobot/catkin_ws/devel/.private/omo_r1mini_bringup/share/gennodejs/ros/omo_r1mini_bringup/srv/_index.js, /home/kw-cobot/catkin_ws/devel/share/gennodejs/ros/omo_r1mini_bringup/srv/_index.js)
Linked: (/home/kw-cobot/catkin_ws/devel/.private/omo_r1mini_bringup/share/gennodejs/ros/omo_r1mini_bringup/srv/Color.js, /home/kw-cobot/catkin_ws/devel/share/gennodejs/ros/omo_r1mini_bringup/srv/Color.js)
Linked: (/home/kw-cobot/catkin_ws/devel/.private/omo_r1mini_bringup/share/gennodejs/ros/omo_r1mini_bringup/srv/Battery.js, /home/kw-cobot/catkin_ws/devel/share/gennodejs/ros/omo_r1mini_bringup/srv/Battery.js)
Linked: (/home/kw-cobot/catkin_ws/devel/.private/omo_r1mini_bringup/share/gennodejs/ros/omo_r1mini_bringup/srv/ResetOdom.js, /home/kw-cobot/catkin_ws/devel/share/gennodejs/ros/omo_r1mini_bringup/srv/ResetOdom.js)
Linked: (/home/kw-cobot/catkin_ws/devel/.private/omo_r1mini_bringup/lib/python2.7/dist-packages/omo_r1mini_bringup/__init__.py, /home/kw-cobot/catkin_ws/devel/lib/python2.7/dist-packages/omo_r1mini_bringup/__init__.py)
Linked: (/home/kw-cobot/catkin_ws/devel/.private/omo_r1mini_bringup/lib/python2.7/dist-packages/omo_r1mini_bringup/srv/_SaveColor.py, /home/kw-cobot/catkin_ws/devel/lib/python2.7/dist-packages/omo_r1mini_bringup/srv/_SaveColor.py)
Linked: (/home/kw-cobot/catkin_ws/devel/.private/omo_r1mini_bringup/lib/python2.7/dist-packages/omo_r1mini_bringup/srv/_Color.py, /home/kw-cobot/catkin_ws/devel/lib/python2.7/dist-packages/omo_r1mini_bringup/srv/_Color.py)
Linked: (/home/kw-cobot/catkin_ws/devel/.private/omo_r1mini_bringup/lib/python2.7/dist-packages/omo_r1mini_bringup/srv/_Battery.py, /home/kw-cobot/catkin_ws/devel/lib/python2.7/dist-packages/omo_r1mini_bringup/srv/_Battery.py)
Linked: (/home/kw-cobot/catkin_ws/devel/.private/omo_r1mini_bringup/lib/python2.7/dist-packages/omo_r1mini_bringup/srv/_Calg.py, /home/kw-cobot/catkin_ws/devel/lib/python2.7/dist-packages/omo_r1mini_bringup/srv/_Calg.py)
Linked: (/home/kw-cobot/catkin_ws/devel/.private/omo_r1mini_bringup/lib/python2.7/dist-packages/omo_r1mini_bringup/srv/__init__.py, /home/kw-cobot/catkin_ws/devel/lib/python2.7/dist-packages/omo_r1mini_bringup/srv/__init__.py)
Linked: (/home/kw-cobot/catkin_ws/devel/.private/omo_r1mini_bringup/lib/python2.7/dist-packages/omo_r1mini_bringup/srv/_ResetOdom.py, /home/kw-cobot/catkin_ws/devel/lib/python2.7/dist-packages/omo_r1mini_bringup/srv/_ResetOdom.py)
Linked: (/home/kw-cobot/catkin_ws/devel/.private/omo_r1mini_bringup/lib/pkgconfig/omo_r1mini_bringup.pc, /home/kw-cobot/catkin_ws/devel/lib/pkgconfig/omo_r1mini_bringup.pc)
