Determining if the pthread_create exist failed with the following output:
Change Dir: /home/kw-cobot/catkin_ws/build/ur10_e_moveit_config/CMakeFiles/CMakeTmp

Run Build Command:"/usr/bin/make" "cmTC_f5f39/fast"
/usr/bin/make -f CMakeFiles/cmTC_f5f39.dir/build.make CMakeFiles/cmTC_f5f39.dir/build
make[1]: 디렉터리 '/home/kw-cobot/catkin_ws/build/ur10_e_moveit_config/CMakeFiles/CMakeTmp' 들어감
Building C object CMakeFiles/cmTC_f5f39.dir/CheckSymbolExists.c.o
/usr/bin/cc    -o CMakeFiles/cmTC_f5f39.dir/CheckSymbolExists.c.o   -c /home/kw-cobot/catkin_ws/build/ur10_e_moveit_config/CMakeFiles/CMakeTmp/CheckSymbolExists.c
Linking C executable cmTC_f5f39
/usr/bin/cmake -E cmake_link_script CMakeFiles/cmTC_f5f39.dir/link.txt --verbose=1
/usr/bin/cc      -rdynamic CMakeFiles/cmTC_f5f39.dir/CheckSymbolExists.c.o  -o cmTC_f5f39 
CMakeFiles/cmTC_f5f39.dir/CheckSymbolExists.c.o: In function `main':
CheckSymbolExists.c:(.text+0x1b): undefined reference to `pthread_create'
collect2: error: ld returned 1 exit status
CMakeFiles/cmTC_f5f39.dir/build.make:97: recipe for target 'cmTC_f5f39' failed
make[1]: *** [cmTC_f5f39] Error 1
make[1]: 디렉터리 '/home/kw-cobot/catkin_ws/build/ur10_e_moveit_config/CMakeFiles/CMakeTmp' 나감
Makefile:126: recipe for target 'cmTC_f5f39/fast' failed
make: *** [cmTC_f5f39/fast] Error 2

File /home/kw-cobot/catkin_ws/build/ur10_e_moveit_config/CMakeFiles/CMakeTmp/CheckSymbolExists.c:
/* */
#include <pthread.h>

int main(int argc, char** argv)
{
  (void)argv;
#ifndef pthread_create
  return ((int*)(&pthread_create))[argc];
#else
  (void)argc;
  return 0;
#endif
}

Determining if the function pthread_create exists in the pthreads failed with the following output:
Change Dir: /home/kw-cobot/catkin_ws/build/ur10_e_moveit_config/CMakeFiles/CMakeTmp

Run Build Command:"/usr/bin/make" "cmTC_8d538/fast"
/usr/bin/make -f CMakeFiles/cmTC_8d538.dir/build.make CMakeFiles/cmTC_8d538.dir/build
make[1]: 디렉터리 '/home/kw-cobot/catkin_ws/build/ur10_e_moveit_config/CMakeFiles/CMakeTmp' 들어감
Building C object CMakeFiles/cmTC_8d538.dir/CheckFunctionExists.c.o
/usr/bin/cc   -DCHECK_FUNCTION_EXISTS=pthread_create   -o CMakeFiles/cmTC_8d538.dir/CheckFunctionExists.c.o   -c /usr/share/cmake-3.10/Modules/CheckFunctionExists.c
Linking C executable cmTC_8d538
/usr/bin/cmake -E cmake_link_script CMakeFiles/cmTC_8d538.dir/link.txt --verbose=1
/usr/bin/cc  -DCHECK_FUNCTION_EXISTS=pthread_create    -rdynamic CMakeFiles/cmTC_8d538.dir/CheckFunctionExists.c.o  -o cmTC_8d538 -lpthreads 
/usr/bin/ld: cannot find -lpthreads
collect2: error: ld returned 1 exit status
CMakeFiles/cmTC_8d538.dir/build.make:97: recipe for target 'cmTC_8d538' failed
make[1]: *** [cmTC_8d538] Error 1
make[1]: 디렉터리 '/home/kw-cobot/catkin_ws/build/ur10_e_moveit_config/CMakeFiles/CMakeTmp' 나감
Makefile:126: recipe for target 'cmTC_8d538/fast' failed
make: *** [cmTC_8d538/fast] Error 2


