Determining if the pthread_create exist failed with the following output:
Change Dir: /home/kw-cobot/catkin_ws/build/turtlebot3_slam/CMakeFiles/CMakeTmp

Run Build Command:"/usr/bin/make" "cmTC_4164c/fast"
/usr/bin/make -f CMakeFiles/cmTC_4164c.dir/build.make CMakeFiles/cmTC_4164c.dir/build
make[1]: 디렉터리 '/home/kw-cobot/catkin_ws/build/turtlebot3_slam/CMakeFiles/CMakeTmp' 들어감
Building C object CMakeFiles/cmTC_4164c.dir/CheckSymbolExists.c.o
/usr/bin/cc    -o CMakeFiles/cmTC_4164c.dir/CheckSymbolExists.c.o   -c /home/kw-cobot/catkin_ws/build/turtlebot3_slam/CMakeFiles/CMakeTmp/CheckSymbolExists.c
Linking C executable cmTC_4164c
/usr/bin/cmake -E cmake_link_script CMakeFiles/cmTC_4164c.dir/link.txt --verbose=1
/usr/bin/cc      -rdynamic CMakeFiles/cmTC_4164c.dir/CheckSymbolExists.c.o  -o cmTC_4164c 
CMakeFiles/cmTC_4164c.dir/CheckSymbolExists.c.o: In function `main':
CheckSymbolExists.c:(.text+0x1b): undefined reference to `pthread_create'
collect2: error: ld returned 1 exit status
CMakeFiles/cmTC_4164c.dir/build.make:97: recipe for target 'cmTC_4164c' failed
make[1]: *** [cmTC_4164c] Error 1
make[1]: 디렉터리 '/home/kw-cobot/catkin_ws/build/turtlebot3_slam/CMakeFiles/CMakeTmp' 나감
Makefile:126: recipe for target 'cmTC_4164c/fast' failed
make: *** [cmTC_4164c/fast] Error 2

File /home/kw-cobot/catkin_ws/build/turtlebot3_slam/CMakeFiles/CMakeTmp/CheckSymbolExists.c:
/* */
#include <pthread.h>

int main(int argc, char** argv)
{
  (void)argv;
#ifndef pthread_create
  return ((int*)(&pthread_create))[argc];
#else
  (void)argc;
  return 0;
#endif
}

Determining if the function pthread_create exists in the pthreads failed with the following output:
Change Dir: /home/kw-cobot/catkin_ws/build/turtlebot3_slam/CMakeFiles/CMakeTmp

Run Build Command:"/usr/bin/make" "cmTC_d47d4/fast"
/usr/bin/make -f CMakeFiles/cmTC_d47d4.dir/build.make CMakeFiles/cmTC_d47d4.dir/build
make[1]: 디렉터리 '/home/kw-cobot/catkin_ws/build/turtlebot3_slam/CMakeFiles/CMakeTmp' 들어감
Building C object CMakeFiles/cmTC_d47d4.dir/CheckFunctionExists.c.o
/usr/bin/cc   -DCHECK_FUNCTION_EXISTS=pthread_create   -o CMakeFiles/cmTC_d47d4.dir/CheckFunctionExists.c.o   -c /usr/share/cmake-3.10/Modules/CheckFunctionExists.c
Linking C executable cmTC_d47d4
/usr/bin/cmake -E cmake_link_script CMakeFiles/cmTC_d47d4.dir/link.txt --verbose=1
/usr/bin/cc  -DCHECK_FUNCTION_EXISTS=pthread_create    -rdynamic CMakeFiles/cmTC_d47d4.dir/CheckFunctionExists.c.o  -o cmTC_d47d4 -lpthreads 
/usr/bin/ld: cannot find -lpthreads
collect2: error: ld returned 1 exit status
CMakeFiles/cmTC_d47d4.dir/build.make:97: recipe for target 'cmTC_d47d4' failed
make[1]: *** [cmTC_d47d4] Error 1
make[1]: 디렉터리 '/home/kw-cobot/catkin_ws/build/turtlebot3_slam/CMakeFiles/CMakeTmp' 나감
Makefile:126: recipe for target 'cmTC_d47d4/fast' failed
make: *** [cmTC_d47d4/fast] Error 2


