Determining if the pthread_create exist failed with the following output:
Change Dir: /home/kw-cobot/catkin_ws/build/mobile_robot_ar_marker/CMakeFiles/CMakeTmp

Run Build Command:"/usr/bin/make" "cmTC_349d4/fast"
/usr/bin/make -f CMakeFiles/cmTC_349d4.dir/build.make CMakeFiles/cmTC_349d4.dir/build
make[1]: 디렉터리 '/home/kw-cobot/catkin_ws/build/mobile_robot_ar_marker/CMakeFiles/CMakeTmp' 들어감
Building C object CMakeFiles/cmTC_349d4.dir/CheckSymbolExists.c.o
/usr/bin/cc    -o CMakeFiles/cmTC_349d4.dir/CheckSymbolExists.c.o   -c /home/kw-cobot/catkin_ws/build/mobile_robot_ar_marker/CMakeFiles/CMakeTmp/CheckSymbolExists.c
Linking C executable cmTC_349d4
/usr/bin/cmake -E cmake_link_script CMakeFiles/cmTC_349d4.dir/link.txt --verbose=1
/usr/bin/cc      -rdynamic CMakeFiles/cmTC_349d4.dir/CheckSymbolExists.c.o  -o cmTC_349d4 
CMakeFiles/cmTC_349d4.dir/CheckSymbolExists.c.o: In function `main':
CheckSymbolExists.c:(.text+0x1b): undefined reference to `pthread_create'
collect2: error: ld returned 1 exit status
CMakeFiles/cmTC_349d4.dir/build.make:97: recipe for target 'cmTC_349d4' failed
make[1]: *** [cmTC_349d4] Error 1
make[1]: 디렉터리 '/home/kw-cobot/catkin_ws/build/mobile_robot_ar_marker/CMakeFiles/CMakeTmp' 나감
Makefile:126: recipe for target 'cmTC_349d4/fast' failed
make: *** [cmTC_349d4/fast] Error 2

File /home/kw-cobot/catkin_ws/build/mobile_robot_ar_marker/CMakeFiles/CMakeTmp/CheckSymbolExists.c:
/* */
#include <pthread.h>

int main(int argc, char** argv)
{
  (void)argv;
#ifndef pthread_create
  return ((int*)(&pthread_create))[argc];
#else
  (void)argc;
  return 0;
#endif
}

Determining if the function pthread_create exists in the pthreads failed with the following output:
Change Dir: /home/kw-cobot/catkin_ws/build/mobile_robot_ar_marker/CMakeFiles/CMakeTmp

Run Build Command:"/usr/bin/make" "cmTC_1ffbb/fast"
/usr/bin/make -f CMakeFiles/cmTC_1ffbb.dir/build.make CMakeFiles/cmTC_1ffbb.dir/build
make[1]: 디렉터리 '/home/kw-cobot/catkin_ws/build/mobile_robot_ar_marker/CMakeFiles/CMakeTmp' 들어감
Building C object CMakeFiles/cmTC_1ffbb.dir/CheckFunctionExists.c.o
/usr/bin/cc   -DCHECK_FUNCTION_EXISTS=pthread_create   -o CMakeFiles/cmTC_1ffbb.dir/CheckFunctionExists.c.o   -c /usr/share/cmake-3.10/Modules/CheckFunctionExists.c
Linking C executable cmTC_1ffbb
/usr/bin/cmake -E cmake_link_script CMakeFiles/cmTC_1ffbb.dir/link.txt --verbose=1
/usr/bin/cc  -DCHECK_FUNCTION_EXISTS=pthread_create    -rdynamic CMakeFiles/cmTC_1ffbb.dir/CheckFunctionExists.c.o  -o cmTC_1ffbb -lpthreads 
/usr/bin/ld: cannot find -lpthreads
collect2: error: ld returned 1 exit status
CMakeFiles/cmTC_1ffbb.dir/build.make:97: recipe for target 'cmTC_1ffbb' failed
make[1]: *** [cmTC_1ffbb] Error 1
make[1]: 디렉터리 '/home/kw-cobot/catkin_ws/build/mobile_robot_ar_marker/CMakeFiles/CMakeTmp' 나감
Makefile:126: recipe for target 'cmTC_1ffbb/fast' failed
make: *** [cmTC_1ffbb/fast] Error 2


