Determining if the pthread_create exist failed with the following output:
Change Dir: /home/kw-cobot/catkin_ws/build/map_server/CMakeFiles/CMakeTmp

Run Build Command:"/usr/bin/make" "cmTC_970c3/fast"
/usr/bin/make -f CMakeFiles/cmTC_970c3.dir/build.make CMakeFiles/cmTC_970c3.dir/build
make[1]: 디렉터리 '/home/kw-cobot/catkin_ws/build/map_server/CMakeFiles/CMakeTmp' 들어감
Building C object CMakeFiles/cmTC_970c3.dir/CheckSymbolExists.c.o
/usr/bin/cc    -o CMakeFiles/cmTC_970c3.dir/CheckSymbolExists.c.o   -c /home/kw-cobot/catkin_ws/build/map_server/CMakeFiles/CMakeTmp/CheckSymbolExists.c
Linking C executable cmTC_970c3
/usr/bin/cmake -E cmake_link_script CMakeFiles/cmTC_970c3.dir/link.txt --verbose=1
/usr/bin/cc      -rdynamic CMakeFiles/cmTC_970c3.dir/CheckSymbolExists.c.o  -o cmTC_970c3 
CMakeFiles/cmTC_970c3.dir/CheckSymbolExists.c.o: In function `main':
CheckSymbolExists.c:(.text+0x1b): undefined reference to `pthread_create'
collect2: error: ld returned 1 exit status
CMakeFiles/cmTC_970c3.dir/build.make:97: recipe for target 'cmTC_970c3' failed
make[1]: *** [cmTC_970c3] Error 1
make[1]: 디렉터리 '/home/kw-cobot/catkin_ws/build/map_server/CMakeFiles/CMakeTmp' 나감
Makefile:126: recipe for target 'cmTC_970c3/fast' failed
make: *** [cmTC_970c3/fast] Error 2

File /home/kw-cobot/catkin_ws/build/map_server/CMakeFiles/CMakeTmp/CheckSymbolExists.c:
/* */
#include <pthread.h>

int main(int argc, char** argv)
{
  (void)argv;
#ifndef pthread_create
  return ((int*)(&pthread_create))[argc];
#else
  (void)argc;
  return 0;
#endif
}

Determining if the function pthread_create exists in the pthreads failed with the following output:
Change Dir: /home/kw-cobot/catkin_ws/build/map_server/CMakeFiles/CMakeTmp

Run Build Command:"/usr/bin/make" "cmTC_83633/fast"
/usr/bin/make -f CMakeFiles/cmTC_83633.dir/build.make CMakeFiles/cmTC_83633.dir/build
make[1]: 디렉터리 '/home/kw-cobot/catkin_ws/build/map_server/CMakeFiles/CMakeTmp' 들어감
Building C object CMakeFiles/cmTC_83633.dir/CheckFunctionExists.c.o
/usr/bin/cc   -DCHECK_FUNCTION_EXISTS=pthread_create   -o CMakeFiles/cmTC_83633.dir/CheckFunctionExists.c.o   -c /usr/share/cmake-3.10/Modules/CheckFunctionExists.c
Linking C executable cmTC_83633
/usr/bin/cmake -E cmake_link_script CMakeFiles/cmTC_83633.dir/link.txt --verbose=1
/usr/bin/cc  -DCHECK_FUNCTION_EXISTS=pthread_create    -rdynamic CMakeFiles/cmTC_83633.dir/CheckFunctionExists.c.o  -o cmTC_83633 -lpthreads 
/usr/bin/ld: cannot find -lpthreads
collect2: error: ld returned 1 exit status
CMakeFiles/cmTC_83633.dir/build.make:97: recipe for target 'cmTC_83633' failed
make[1]: *** [cmTC_83633] Error 1
make[1]: 디렉터리 '/home/kw-cobot/catkin_ws/build/map_server/CMakeFiles/CMakeTmp' 나감
Makefile:126: recipe for target 'cmTC_83633/fast' failed
make: *** [cmTC_83633/fast] Error 2


