Determining if the pthread_create exist failed with the following output:
Change Dir: /home/kw-cobot/catkin_ws/build/nav_core/CMakeFiles/CMakeTmp

Run Build Command:"/usr/bin/make" "cmTC_1091c/fast"
/usr/bin/make -f CMakeFiles/cmTC_1091c.dir/build.make CMakeFiles/cmTC_1091c.dir/build
make[1]: 디렉터리 '/home/kw-cobot/catkin_ws/build/nav_core/CMakeFiles/CMakeTmp' 들어감
Building C object CMakeFiles/cmTC_1091c.dir/CheckSymbolExists.c.o
/usr/bin/cc    -o CMakeFiles/cmTC_1091c.dir/CheckSymbolExists.c.o   -c /home/kw-cobot/catkin_ws/build/nav_core/CMakeFiles/CMakeTmp/CheckSymbolExists.c
Linking C executable cmTC_1091c
/usr/bin/cmake -E cmake_link_script CMakeFiles/cmTC_1091c.dir/link.txt --verbose=1
/usr/bin/cc      -rdynamic CMakeFiles/cmTC_1091c.dir/CheckSymbolExists.c.o  -o cmTC_1091c 
CMakeFiles/cmTC_1091c.dir/CheckSymbolExists.c.o: In function `main':
CheckSymbolExists.c:(.text+0x1b): undefined reference to `pthread_create'
collect2: error: ld returned 1 exit status
CMakeFiles/cmTC_1091c.dir/build.make:97: recipe for target 'cmTC_1091c' failed
make[1]: *** [cmTC_1091c] Error 1
make[1]: 디렉터리 '/home/kw-cobot/catkin_ws/build/nav_core/CMakeFiles/CMakeTmp' 나감
Makefile:126: recipe for target 'cmTC_1091c/fast' failed
make: *** [cmTC_1091c/fast] Error 2

File /home/kw-cobot/catkin_ws/build/nav_core/CMakeFiles/CMakeTmp/CheckSymbolExists.c:
/* */
#include <pthread.h>

int main(int argc, char** argv)
{
  (void)argv;
#ifndef pthread_create
  return ((int*)(&pthread_create))[argc];
#else
  (void)argc;
  return 0;
#endif
}

Determining if the function pthread_create exists in the pthreads failed with the following output:
Change Dir: /home/kw-cobot/catkin_ws/build/nav_core/CMakeFiles/CMakeTmp

Run Build Command:"/usr/bin/make" "cmTC_4df64/fast"
/usr/bin/make -f CMakeFiles/cmTC_4df64.dir/build.make CMakeFiles/cmTC_4df64.dir/build
make[1]: 디렉터리 '/home/kw-cobot/catkin_ws/build/nav_core/CMakeFiles/CMakeTmp' 들어감
Building C object CMakeFiles/cmTC_4df64.dir/CheckFunctionExists.c.o
/usr/bin/cc   -DCHECK_FUNCTION_EXISTS=pthread_create   -o CMakeFiles/cmTC_4df64.dir/CheckFunctionExists.c.o   -c /usr/share/cmake-3.10/Modules/CheckFunctionExists.c
Linking C executable cmTC_4df64
/usr/bin/cmake -E cmake_link_script CMakeFiles/cmTC_4df64.dir/link.txt --verbose=1
/usr/bin/cc  -DCHECK_FUNCTION_EXISTS=pthread_create    -rdynamic CMakeFiles/cmTC_4df64.dir/CheckFunctionExists.c.o  -o cmTC_4df64 -lpthreads 
/usr/bin/ld: cannot find -lpthreads
collect2: error: ld returned 1 exit status
CMakeFiles/cmTC_4df64.dir/build.make:97: recipe for target 'cmTC_4df64' failed
make[1]: *** [cmTC_4df64] Error 1
make[1]: 디렉터리 '/home/kw-cobot/catkin_ws/build/nav_core/CMakeFiles/CMakeTmp' 나감
Makefile:126: recipe for target 'cmTC_4df64/fast' failed
make: *** [cmTC_4df64/fast] Error 2


