Symlinking /home/kw-cobot/catkin_ws/devel/include/omo_r1mini_simple_position_controller/VanillaPositionResult.h
Symlinking /home/kw-cobot/catkin_ws/devel/include/omo_r1mini_simple_position_controller/VanillaPositionActionFeedback.h
Symlinking /home/kw-cobot/catkin_ws/devel/include/omo_r1mini_simple_position_controller/VanillaPositionAction.h
Symlinking /home/kw-cobot/catkin_ws/devel/include/omo_r1mini_simple_position_controller/VanillaPositionFeedback.h
Symlinking /home/kw-cobot/catkin_ws/devel/include/omo_r1mini_simple_position_controller/VanillaPositionGoal.h
Symlinking /home/kw-cobot/catkin_ws/devel/include/omo_r1mini_simple_position_controller/VanillaPositionActionResult.h
Symlinking /home/kw-cobot/catkin_ws/devel/include/omo_r1mini_simple_position_controller/VanillaPositionActionGoal.h
Symlinking /home/kw-cobot/catkin_ws/devel/share/omo_r1mini_simple_position_controller/cmake/omo_r1mini_simple_position_controllerConfig-version.cmake
Symlinking /home/kw-cobot/catkin_ws/devel/share/omo_r1mini_simple_position_controller/cmake/omo_r1mini_simple_position_controller-msg-paths.cmake
Symlinking /home/kw-cobot/catkin_ws/devel/share/omo_r1mini_simple_position_controller/cmake/omo_r1mini_simple_position_controllerConfig.cmake
Symlinking /home/kw-cobot/catkin_ws/devel/share/omo_r1mini_simple_position_controller/cmake/omo_r1mini_simple_position_controller-msg-extras.cmake
Symlinking /home/kw-cobot/catkin_ws/devel/share/omo_r1mini_simple_position_controller/msg/VanillaPositionFeedback.msg
Symlinking /home/kw-cobot/catkin_ws/devel/share/omo_r1mini_simple_position_controller/msg/VanillaPositionActionGoal.msg
Symlinking /home/kw-cobot/catkin_ws/devel/share/omo_r1mini_simple_position_controller/msg/VanillaPositionActionResult.msg
Symlinking /home/kw-cobot/catkin_ws/devel/share/omo_r1mini_simple_position_controller/msg/VanillaPositionAction.msg
Symlinking /home/kw-cobot/catkin_ws/devel/share/omo_r1mini_simple_position_controller/msg/VanillaPositionActionFeedback.msg
Symlinking /home/kw-cobot/catkin_ws/devel/share/omo_r1mini_simple_position_controller/msg/VanillaPositionGoal.msg
Symlinking /home/kw-cobot/catkin_ws/devel/share/omo_r1mini_simple_position_controller/msg/VanillaPositionResult.msg
Symlinking /home/kw-cobot/catkin_ws/devel/share/roseus/ros/omo_r1mini_simple_position_controller/manifest.l
Symlinking /home/kw-cobot/catkin_ws/devel/share/roseus/ros/omo_r1mini_simple_position_controller/msg/VanillaPositionActionGoal.l
Symlinking /home/kw-cobot/catkin_ws/devel/share/roseus/ros/omo_r1mini_simple_position_controller/msg/VanillaPositionResult.l
Symlinking /home/kw-cobot/catkin_ws/devel/share/roseus/ros/omo_r1mini_simple_position_controller/msg/VanillaPositionActionResult.l
Symlinking /home/kw-cobot/catkin_ws/devel/share/roseus/ros/omo_r1mini_simple_position_controller/msg/VanillaPositionAction.l
Symlinking /home/kw-cobot/catkin_ws/devel/share/roseus/ros/omo_r1mini_simple_position_controller/msg/VanillaPositionActionFeedback.l
Symlinking /home/kw-cobot/catkin_ws/devel/share/roseus/ros/omo_r1mini_simple_position_controller/msg/VanillaPositionGoal.l
Symlinking /home/kw-cobot/catkin_ws/devel/share/roseus/ros/omo_r1mini_simple_position_controller/msg/VanillaPositionFeedback.l
Symlinking /home/kw-cobot/catkin_ws/devel/share/common-lisp/ros/omo_r1mini_simple_position_controller/msg/_package_VanillaPositionResult.lisp
Symlinking /home/kw-cobot/catkin_ws/devel/share/common-lisp/ros/omo_r1mini_simple_position_controller/msg/_package_VanillaPositionActionGoal.lisp
Symlinking /home/kw-cobot/catkin_ws/devel/share/common-lisp/ros/omo_r1mini_simple_position_controller/msg/_package_VanillaPositionGoal.lisp
Symlinking /home/kw-cobot/catkin_ws/devel/share/common-lisp/ros/omo_r1mini_simple_position_controller/msg/VanillaPositionActionResult.lisp
Symlinking /home/kw-cobot/catkin_ws/devel/share/common-lisp/ros/omo_r1mini_simple_position_controller/msg/_package_VanillaPositionActionResult.lisp
Symlinking /home/kw-cobot/catkin_ws/devel/share/common-lisp/ros/omo_r1mini_simple_position_controller/msg/VanillaPositionFeedback.lisp
Symlinking /home/kw-cobot/catkin_ws/devel/share/common-lisp/ros/omo_r1mini_simple_position_controller/msg/_package_VanillaPositionFeedback.lisp
Symlinking /home/kw-cobot/catkin_ws/devel/share/common-lisp/ros/omo_r1mini_simple_position_controller/msg/omo_r1mini_simple_position_controller-msg.asd
Symlinking /home/kw-cobot/catkin_ws/devel/share/common-lisp/ros/omo_r1mini_simple_position_controller/msg/VanillaPositionActionFeedback.lisp
Symlinking /home/kw-cobot/catkin_ws/devel/share/common-lisp/ros/omo_r1mini_simple_position_controller/msg/VanillaPositionGoal.lisp
Symlinking /home/kw-cobot/catkin_ws/devel/share/common-lisp/ros/omo_r1mini_simple_position_controller/msg/_package.lisp
Symlinking /home/kw-cobot/catkin_ws/devel/share/common-lisp/ros/omo_r1mini_simple_position_controller/msg/VanillaPositionActionGoal.lisp
Symlinking /home/kw-cobot/catkin_ws/devel/share/common-lisp/ros/omo_r1mini_simple_position_controller/msg/VanillaPositionResult.lisp
Symlinking /home/kw-cobot/catkin_ws/devel/share/common-lisp/ros/omo_r1mini_simple_position_controller/msg/_package_VanillaPositionAction.lisp
Symlinking /home/kw-cobot/catkin_ws/devel/share/common-lisp/ros/omo_r1mini_simple_position_controller/msg/VanillaPositionAction.lisp
Symlinking /home/kw-cobot/catkin_ws/devel/share/common-lisp/ros/omo_r1mini_simple_position_controller/msg/_package_VanillaPositionActionFeedback.lisp
Symlinking /home/kw-cobot/catkin_ws/devel/share/gennodejs/ros/omo_r1mini_simple_position_controller/_index.js
Symlinking /home/kw-cobot/catkin_ws/devel/share/gennodejs/ros/omo_r1mini_simple_position_controller/msg/VanillaPositionActionResult.js
Symlinking /home/kw-cobot/catkin_ws/devel/share/gennodejs/ros/omo_r1mini_simple_position_controller/msg/VanillaPositionFeedback.js
Symlinking /home/kw-cobot/catkin_ws/devel/share/gennodejs/ros/omo_r1mini_simple_position_controller/msg/VanillaPositionAction.js
Symlinking /home/kw-cobot/catkin_ws/devel/share/gennodejs/ros/omo_r1mini_simple_position_controller/msg/_index.js
Symlinking /home/kw-cobot/catkin_ws/devel/share/gennodejs/ros/omo_r1mini_simple_position_controller/msg/VanillaPositionActionGoal.js
Symlinking /home/kw-cobot/catkin_ws/devel/share/gennodejs/ros/omo_r1mini_simple_position_controller/msg/VanillaPositionGoal.js
Symlinking /home/kw-cobot/catkin_ws/devel/share/gennodejs/ros/omo_r1mini_simple_position_controller/msg/VanillaPositionActionFeedback.js
Symlinking /home/kw-cobot/catkin_ws/devel/share/gennodejs/ros/omo_r1mini_simple_position_controller/msg/VanillaPositionResult.js
Symlinking /home/kw-cobot/catkin_ws/devel/lib/python2.7/dist-packages/omo_r1mini_simple_position_controller/__init__.py
Symlinking /home/kw-cobot/catkin_ws/devel/lib/python2.7/dist-packages/omo_r1mini_simple_position_controller/msg/_VanillaPositionAction.py
Symlinking /home/kw-cobot/catkin_ws/devel/lib/python2.7/dist-packages/omo_r1mini_simple_position_controller/msg/_VanillaPositionGoal.py
Symlinking /home/kw-cobot/catkin_ws/devel/lib/python2.7/dist-packages/omo_r1mini_simple_position_controller/msg/_VanillaPositionFeedback.py
Symlinking /home/kw-cobot/catkin_ws/devel/lib/python2.7/dist-packages/omo_r1mini_simple_position_controller/msg/_VanillaPositionActionFeedback.py
Symlinking /home/kw-cobot/catkin_ws/devel/lib/python2.7/dist-packages/omo_r1mini_simple_position_controller/msg/_VanillaPositionResult.py
Symlinking /home/kw-cobot/catkin_ws/devel/lib/python2.7/dist-packages/omo_r1mini_simple_position_controller/msg/_VanillaPositionActionGoal.py
Symlinking /home/kw-cobot/catkin_ws/devel/lib/python2.7/dist-packages/omo_r1mini_simple_position_controller/msg/_VanillaPositionActionResult.py
Symlinking /home/kw-cobot/catkin_ws/devel/lib/python2.7/dist-packages/omo_r1mini_simple_position_controller/msg/__init__.py
Symlinking /home/kw-cobot/catkin_ws/devel/lib/pkgconfig/omo_r1mini_simple_position_controller.pc
