[35m[1mScanning dependencies of target _omo_r1mini_simple_position_controller_generate_messages_check_deps_VanillaPositionResult[0m
[35m[1mScanning dependencies of target _omo_r1mini_simple_position_controller_generate_messages_check_deps_VanillaPositionAction[0m
[35m[1mScanning dependencies of target _omo_r1mini_simple_position_controller_generate_messages_check_deps_VanillaPositionActionResult[0m
[  0%] Built target _omo_r1mini_simple_position_controller_generate_messages_check_deps_VanillaPositionResult
[  0%] Built target _omo_r1mini_simple_position_controller_generate_messages_check_deps_VanillaPositionActionResult
[  0%] Built target _omo_r1mini_simple_position_controller_generate_messages_check_deps_VanillaPositionAction
[35m[1mScanning dependencies of target _omo_r1mini_simple_position_controller_generate_messages_check_deps_VanillaPositionActionFeedback[0m
[35m[1mScanning dependencies of target std_msgs_generate_messages_lisp[0m
[35m[1mScanning dependencies of target actionlib_msgs_generate_messages_lisp[0m
[  0%] Built target std_msgs_generate_messages_lisp
[  0%] Built target actionlib_msgs_generate_messages_lisp
[35m[1mScanning dependencies of target _omo_r1mini_simple_position_controller_generate_messages_check_deps_VanillaPositionActionGoal[0m
[35m[1mScanning dependencies of target _omo_r1mini_simple_position_controller_generate_messages_check_deps_VanillaPositionFeedback[0m
[  0%] Built target _omo_r1mini_simple_position_controller_generate_messages_check_deps_VanillaPositionActionFeedback
[35m[1mScanning dependencies of target _omo_r1mini_simple_position_controller_generate_messages_check_deps_VanillaPositionGoal[0m
[35m[1mScanning dependencies of target actionlib_msgs_generate_messages_py[0m
[  0%] Built target _omo_r1mini_simple_position_controller_generate_messages_check_deps_VanillaPositionActionGoal
[  0%] Built target actionlib_msgs_generate_messages_py
[  0%] Built target _omo_r1mini_simple_position_controller_generate_messages_check_deps_VanillaPositionFeedback
[35m[1mScanning dependencies of target std_msgs_generate_messages_py[0m
[35m[1mScanning dependencies of target std_msgs_generate_messages_nodejs[0m
[35m[1mScanning dependencies of target actionlib_msgs_generate_messages_nodejs[0m
[  0%] Built target std_msgs_generate_messages_py
[  0%] Built target _omo_r1mini_simple_position_controller_generate_messages_check_deps_VanillaPositionGoal
[  0%] Built target std_msgs_generate_messages_nodejs
[  0%] Built target actionlib_msgs_generate_messages_nodejs
[35m[1mScanning dependencies of target actionlib_msgs_generate_messages_cpp[0m
[35m[1mScanning dependencies of target std_msgs_generate_messages_cpp[0m
[35m[1mScanning dependencies of target actionlib_msgs_generate_messages_eus[0m
[35m[1mScanning dependencies of target std_msgs_generate_messages_eus[0m
[  0%] Built target actionlib_msgs_generate_messages_cpp
[  0%] Built target std_msgs_generate_messages_cpp
[  0%] Built target actionlib_msgs_generate_messages_eus
[  0%] Built target std_msgs_generate_messages_eus
[35m[1mScanning dependencies of target omo_r1mini_simple_position_controller_generate_messages_lisp[0m
[35m[1mScanning dependencies of target omo_r1mini_simple_position_controller_generate_messages_py[0m
[35m[1mScanning dependencies of target omo_r1mini_simple_position_controller_generate_messages_nodejs[0m
[  5%] [34m[1mGenerating Lisp code from omo_r1mini_simple_position_controller/VanillaPositionGoal.msg[0m
[  5%] [34m[1mGenerating Python from MSG omo_r1mini_simple_position_controller/VanillaPositionGoal[0m
[35m[1mScanning dependencies of target omo_r1mini_simple_position_controller_generate_messages_cpp[0m
[  8%] [34m[1mGenerating C++ code from omo_r1mini_simple_position_controller/VanillaPositionGoal.msg[0m
[ 10%] [34m[1mGenerating Javascript code from omo_r1mini_simple_position_controller/VanillaPositionGoal.msg[0m
[ 13%] [34m[1mGenerating Lisp code from omo_r1mini_simple_position_controller/VanillaPositionResult.msg[0m
[ 16%] [34m[1mGenerating Javascript code from omo_r1mini_simple_position_controller/VanillaPositionResult.msg[0m
[ 18%] [34m[1mGenerating Lisp code from omo_r1mini_simple_position_controller/VanillaPositionActionResult.msg[0m
[ 21%] [34m[1mGenerating Javascript code from omo_r1mini_simple_position_controller/VanillaPositionActionResult.msg[0m
[ 24%] [34m[1mGenerating Python from MSG omo_r1mini_simple_position_controller/VanillaPositionResult[0m
[ 27%] [34m[1mGenerating Lisp code from omo_r1mini_simple_position_controller/VanillaPositionActionGoal.msg[0m
[ 29%] [34m[1mGenerating Javascript code from omo_r1mini_simple_position_controller/VanillaPositionActionGoal.msg[0m
[ 32%] [34m[1mGenerating C++ code from omo_r1mini_simple_position_controller/VanillaPositionResult.msg[0m
[ 35%] [34m[1mGenerating Lisp code from omo_r1mini_simple_position_controller/VanillaPositionFeedback.msg[0m
[ 37%] [34m[1mGenerating Javascript code from omo_r1mini_simple_position_controller/VanillaPositionFeedback.msg[0m
[ 40%] [34m[1mGenerating Lisp code from omo_r1mini_simple_position_controller/VanillaPositionActionFeedback.msg[0m
[ 43%] [34m[1mGenerating Javascript code from omo_r1mini_simple_position_controller/VanillaPositionActionFeedback.msg[0m
[ 45%] [34m[1mGenerating Lisp code from omo_r1mini_simple_position_controller/VanillaPositionAction.msg[0m
[ 48%] [34m[1mGenerating Javascript code from omo_r1mini_simple_position_controller/VanillaPositionAction.msg[0m
[ 51%] [34m[1mGenerating C++ code from omo_r1mini_simple_position_controller/VanillaPositionActionResult.msg[0m
[ 54%] [34m[1mGenerating Python from MSG omo_r1mini_simple_position_controller/VanillaPositionActionResult[0m
[ 54%] Built target omo_r1mini_simple_position_controller_generate_messages_lisp
[35m[1mScanning dependencies of target omo_r1mini_simple_position_controller_generate_messages_eus[0m
[ 54%] Built target omo_r1mini_simple_position_controller_generate_messages_nodejs
[ 56%] [34m[1mGenerating EusLisp code from omo_r1mini_simple_position_controller/VanillaPositionGoal.msg[0m
[ 59%] [34m[1mGenerating EusLisp code from omo_r1mini_simple_position_controller/VanillaPositionResult.msg[0m
[ 62%] [34m[1mGenerating C++ code from omo_r1mini_simple_position_controller/VanillaPositionActionGoal.msg[0m
[ 64%] [34m[1mGenerating Python from MSG omo_r1mini_simple_position_controller/VanillaPositionActionGoal[0m
[ 67%] [34m[1mGenerating EusLisp code from omo_r1mini_simple_position_controller/VanillaPositionActionResult.msg[0m
[ 70%] [34m[1mGenerating Python from MSG omo_r1mini_simple_position_controller/VanillaPositionFeedback[0m
[ 72%] [34m[1mGenerating EusLisp code from omo_r1mini_simple_position_controller/VanillaPositionActionGoal.msg[0m
[ 75%] [34m[1mGenerating C++ code from omo_r1mini_simple_position_controller/VanillaPositionFeedback.msg[0m
[ 78%] [34m[1mGenerating EusLisp code from omo_r1mini_simple_position_controller/VanillaPositionFeedback.msg[0m
[ 81%] [34m[1mGenerating Python from MSG omo_r1mini_simple_position_controller/VanillaPositionActionFeedback[0m
[ 83%] [34m[1mGenerating EusLisp code from omo_r1mini_simple_position_controller/VanillaPositionActionFeedback.msg[0m
[ 86%] [34m[1mGenerating EusLisp code from omo_r1mini_simple_position_controller/VanillaPositionAction.msg[0m
[ 89%] [34m[1mGenerating C++ code from omo_r1mini_simple_position_controller/VanillaPositionActionFeedback.msg[0m
[ 91%] [34m[1mGenerating EusLisp manifest code for omo_r1mini_simple_position_controller[0m
[ 94%] [34m[1mGenerating C++ code from omo_r1mini_simple_position_controller/VanillaPositionAction.msg[0m
[ 97%] [34m[1mGenerating Python from MSG omo_r1mini_simple_position_controller/VanillaPositionAction[0m
[ 97%] Built target omo_r1mini_simple_position_controller_generate_messages_cpp
[100%] [34m[1mGenerating Python msg __init__.py for omo_r1mini_simple_position_controller[0m
[100%] Built target omo_r1mini_simple_position_controller_generate_messages_py
[100%] Built target omo_r1mini_simple_position_controller_generate_messages_eus
[35m[1mScanning dependencies of target omo_r1mini_simple_position_controller_generate_messages[0m
[100%] Built target omo_r1mini_simple_position_controller_generate_messages
