Determining if the pthread_create exist failed with the following output:
Change Dir: /home/kw-cobot/catkin_ws/build/hector_nav_msgs/CMakeFiles/CMakeTmp

Run Build Command:"/usr/bin/make" "cmTC_89aeb/fast"
/usr/bin/make -f CMakeFiles/cmTC_89aeb.dir/build.make CMakeFiles/cmTC_89aeb.dir/build
make[1]: 디렉터리 '/home/kw-cobot/catkin_ws/build/hector_nav_msgs/CMakeFiles/CMakeTmp' 들어감
Building C object CMakeFiles/cmTC_89aeb.dir/CheckSymbolExists.c.o
/usr/bin/cc    -o CMakeFiles/cmTC_89aeb.dir/CheckSymbolExists.c.o   -c /home/kw-cobot/catkin_ws/build/hector_nav_msgs/CMakeFiles/CMakeTmp/CheckSymbolExists.c
Linking C executable cmTC_89aeb
/usr/bin/cmake -E cmake_link_script CMakeFiles/cmTC_89aeb.dir/link.txt --verbose=1
/usr/bin/cc      -rdynamic CMakeFiles/cmTC_89aeb.dir/CheckSymbolExists.c.o  -o cmTC_89aeb 
CMakeFiles/cmTC_89aeb.dir/CheckSymbolExists.c.o: In function `main':
CheckSymbolExists.c:(.text+0x1b): undefined reference to `pthread_create'
collect2: error: ld returned 1 exit status
CMakeFiles/cmTC_89aeb.dir/build.make:97: recipe for target 'cmTC_89aeb' failed
make[1]: *** [cmTC_89aeb] Error 1
make[1]: 디렉터리 '/home/kw-cobot/catkin_ws/build/hector_nav_msgs/CMakeFiles/CMakeTmp' 나감
Makefile:126: recipe for target 'cmTC_89aeb/fast' failed
make: *** [cmTC_89aeb/fast] Error 2

File /home/kw-cobot/catkin_ws/build/hector_nav_msgs/CMakeFiles/CMakeTmp/CheckSymbolExists.c:
/* */
#include <pthread.h>

int main(int argc, char** argv)
{
  (void)argv;
#ifndef pthread_create
  return ((int*)(&pthread_create))[argc];
#else
  (void)argc;
  return 0;
#endif
}

Determining if the function pthread_create exists in the pthreads failed with the following output:
Change Dir: /home/kw-cobot/catkin_ws/build/hector_nav_msgs/CMakeFiles/CMakeTmp

Run Build Command:"/usr/bin/make" "cmTC_cbd3d/fast"
/usr/bin/make -f CMakeFiles/cmTC_cbd3d.dir/build.make CMakeFiles/cmTC_cbd3d.dir/build
make[1]: 디렉터리 '/home/kw-cobot/catkin_ws/build/hector_nav_msgs/CMakeFiles/CMakeTmp' 들어감
Building C object CMakeFiles/cmTC_cbd3d.dir/CheckFunctionExists.c.o
/usr/bin/cc   -DCHECK_FUNCTION_EXISTS=pthread_create   -o CMakeFiles/cmTC_cbd3d.dir/CheckFunctionExists.c.o   -c /usr/share/cmake-3.10/Modules/CheckFunctionExists.c
Linking C executable cmTC_cbd3d
/usr/bin/cmake -E cmake_link_script CMakeFiles/cmTC_cbd3d.dir/link.txt --verbose=1
/usr/bin/cc  -DCHECK_FUNCTION_EXISTS=pthread_create    -rdynamic CMakeFiles/cmTC_cbd3d.dir/CheckFunctionExists.c.o  -o cmTC_cbd3d -lpthreads 
/usr/bin/ld: cannot find -lpthreads
collect2: error: ld returned 1 exit status
CMakeFiles/cmTC_cbd3d.dir/build.make:97: recipe for target 'cmTC_cbd3d' failed
make[1]: *** [cmTC_cbd3d] Error 1
make[1]: 디렉터리 '/home/kw-cobot/catkin_ws/build/hector_nav_msgs/CMakeFiles/CMakeTmp' 나감
Makefile:126: recipe for target 'cmTC_cbd3d/fast' failed
make: *** [cmTC_cbd3d/fast] Error 2


